{"C:\\Users\\aahil\\OneDrive\\Documents\\vs\\Intellidine\\backend\\inventory-service\\src\\app.controller.ts": {"path":"C:\\Users\\aahil\\OneDrive\\Documents\\vs\\Intellidine\\backend\\inventory-service\\src\\app.controller.ts","statementMap":{"0":{"start":{"line":1,"column":0},"end":{"line":1,"column":101}},"1":{"start":{"line":2,"column":0},"end":{"line":2,"column":64}},"2":{"start":{"line":3,"column":0},"end":{"line":3,"column":64}},"3":{"start":{"line":4,"column":0},"end":{"line":4,"column":64}},"4":{"start":{"line":5,"column":0},"end":{"line":5,"column":64}},"5":{"start":{"line":6,"column":0},"end":{"line":6,"column":66}},"6":{"start":{"line":9,"column":7},"end":{"line":259,"column":null}},"7":{"start":{"line":12,"column":22},"end":{"line":12,"column":40}},"8":{"start":{"line":10,"column":10},"end":{"line":10,"column":53}},"9":{"start":{"line":19,"column":4},"end":{"line":23,"column":6}},"10":{"start":{"line":36,"column":4},"end":{"line":36,"column":83}},"11":{"start":{"line":38,"column":4},"end":{"line":54,"column":5}},"12":{"start":{"line":39,"column":24},"end":{"line":39,"column":87}},"13":{"start":{"line":41,"column":6},"end":{"line":45,"column":8}},"14":{"start":{"line":47,"column":18},"end":{"line":47,"column":32}},"15":{"start":{"line":48,"column":6},"end":{"line":48,"column":70}},"16":{"start":{"line":49,"column":6},"end":{"line":53,"column":8}},"17":{"start":{"line":63,"column":4},"end":{"line":63,"column":52}},"18":{"start":{"line":65,"column":4},"end":{"line":88,"column":5}},"19":{"start":{"line":66,"column":24},"end":{"line":66,"column":72}},"20":{"start":{"line":68,"column":6},"end":{"line":74,"column":7}},"21":{"start":{"line":69,"column":8},"end":{"line":73,"column":10}},"22":{"start":{"line":76,"column":6},"end":{"line":79,"column":8}},"23":{"start":{"line":81,"column":18},"end":{"line":81,"column":32}},"24":{"start":{"line":82,"column":6},"end":{"line":82,"column":70}},"25":{"start":{"line":83,"column":6},"end":{"line":87,"column":8}},"26":{"start":{"line":104,"column":4},"end":{"line":104,"column":68}},"27":{"start":{"line":106,"column":4},"end":{"line":125,"column":5}},"28":{"start":{"line":107,"column":21},"end":{"line":110,"column":null}},"29":{"start":{"line":113,"column":6},"end":{"line":116,"column":8}},"30":{"start":{"line":118,"column":18},"end":{"line":118,"column":32}},"31":{"start":{"line":119,"column":6},"end":{"line":119,"column":69}},"32":{"start":{"line":120,"column":6},"end":{"line":124,"column":8}},"33":{"start":{"line":141,"column":4},"end":{"line":141,"column":52}},"34":{"start":{"line":143,"column":4},"end":{"line":159,"column":5}},"35":{"start":{"line":144,"column":24},"end":{"line":144,"column":91}},"36":{"start":{"line":146,"column":6},"end":{"line":150,"column":8}},"37":{"start":{"line":152,"column":18},"end":{"line":152,"column":32}},"38":{"start":{"line":153,"column":6},"end":{"line":153,"column":70}},"39":{"start":{"line":154,"column":6},"end":{"line":158,"column":8}},"40":{"start":{"line":172,"column":4},"end":{"line":172,"column":84}},"41":{"start":{"line":174,"column":4},"end":{"line":193,"column":5}},"42":{"start":{"line":175,"column":24},"end":{"line":177,"column":null}},"43":{"start":{"line":180,"column":6},"end":{"line":184,"column":8}},"44":{"start":{"line":186,"column":18},"end":{"line":186,"column":32}},"45":{"start":{"line":187,"column":6},"end":{"line":187,"column":71}},"46":{"start":{"line":188,"column":6},"end":{"line":192,"column":8}},"47":{"start":{"line":206,"column":4},"end":{"line":206,"column":74}},"48":{"start":{"line":208,"column":4},"end":{"line":227,"column":5}},"49":{"start":{"line":209,"column":21},"end":{"line":209,"column":75}},"50":{"start":{"line":211,"column":6},"end":{"line":218,"column":8}},"51":{"start":{"line":216,"column":39},"end":{"line":216,"column":66}},"52":{"start":{"line":220,"column":18},"end":{"line":220,"column":32}},"53":{"start":{"line":221,"column":6},"end":{"line":221,"column":67}},"54":{"start":{"line":222,"column":6},"end":{"line":226,"column":8}},"55":{"start":{"line":240,"column":4},"end":{"line":240,"column":75}},"56":{"start":{"line":242,"column":4},"end":{"line":257,"column":5}},"57":{"start":{"line":243,"column":20},"end":{"line":243,"column":75}},"58":{"start":{"line":245,"column":6},"end":{"line":248,"column":8}},"59":{"start":{"line":250,"column":18},"end":{"line":250,"column":32}},"60":{"start":{"line":251,"column":6},"end":{"line":251,"column":66}},"61":{"start":{"line":252,"column":6},"end":{"line":256,"column":8}},"62":{"start":{"line":9,"column":13},"end":{"line":9,"column":26}},"63":{"start":{"line":18,"column":2},"end":{"line":24,"column":null}},"64":{"start":{"line":35,"column":8},"end":{"line":55,"column":null}},"65":{"start":{"line":62,"column":8},"end":{"line":89,"column":null}},"66":{"start":{"line":99,"column":8},"end":{"line":126,"column":null}},"67":{"start":{"line":137,"column":8},"end":{"line":160,"column":null}},"68":{"start":{"line":171,"column":8},"end":{"line":194,"column":null}},"69":{"start":{"line":205,"column":8},"end":{"line":228,"column":null}},"70":{"start":{"line":239,"column":8},"end":{"line":258,"column":null}},"71":{"start":{"line":9,"column":13},"end":{"line":259,"column":null}}},"fnMap":{"0":{"name":"(anonymous_4)","decl":{"start":{"line":12,"column":2},"end":{"line":12,"column":22}},"loc":{"start":{"line":12,"column":56},"end":{"line":12,"column":60}}},"1":{"name":"(anonymous_5)","decl":{"start":{"line":18,"column":2},"end":{"line":18,"column":11}},"loc":{"start":{"line":18,"column":11},"end":{"line":24,"column":3}}},"2":{"name":"(anonymous_6)","decl":{"start":{"line":35,"column":2},"end":{"line":35,"column":7}},"loc":{"start":{"line":35,"column":70},"end":{"line":55,"column":3}}},"3":{"name":"(anonymous_7)","decl":{"start":{"line":62,"column":2},"end":{"line":62,"column":7}},"loc":{"start":{"line":62,"column":44},"end":{"line":89,"column":3}}},"4":{"name":"(anonymous_8)","decl":{"start":{"line":99,"column":2},"end":{"line":99,"column":7}},"loc":{"start":{"line":102,"column":41},"end":{"line":126,"column":3}}},"5":{"name":"(anonymous_9)","decl":{"start":{"line":137,"column":2},"end":{"line":137,"column":7}},"loc":{"start":{"line":139,"column":50},"end":{"line":160,"column":3}}},"6":{"name":"(anonymous_10)","decl":{"start":{"line":171,"column":2},"end":{"line":171,"column":7}},"loc":{"start":{"line":171,"column":70},"end":{"line":194,"column":3}}},"7":{"name":"(anonymous_11)","decl":{"start":{"line":205,"column":2},"end":{"line":205,"column":7}},"loc":{"start":{"line":205,"column":61},"end":{"line":228,"column":3}}},"8":{"name":"(anonymous_12)","decl":{"start":{"line":216,"column":32},"end":{"line":216,"column":33}},"loc":{"start":{"line":216,"column":39},"end":{"line":216,"column":66}}},"9":{"name":"(anonymous_13)","decl":{"start":{"line":239,"column":2},"end":{"line":239,"column":7}},"loc":{"start":{"line":239,"column":62},"end":{"line":258,"column":3}}}},"branchMap":{"0":{"loc":{"start":{"line":68,"column":6},"end":{"line":74,"column":7}},"type":"if","locations":[{"start":{"line":68,"column":6},"end":{"line":74,"column":7}}]},"1":{"loc":{"start":{"line":101,"column":20},"end":{"line":101,"column":40}},"type":"default-arg","locations":[{"start":{"line":101,"column":36},"end":{"line":101,"column":40}}]},"2":{"loc":{"start":{"line":102,"column":21},"end":{"line":102,"column":41}},"type":"default-arg","locations":[{"start":{"line":102,"column":38},"end":{"line":102,"column":41}}]}},"s":{"0":0,"1":0,"2":0,"3":0,"4":0,"5":0,"6":0,"7":0,"8":0,"9":0,"10":0,"11":0,"12":0,"13":0,"14":0,"15":0,"16":0,"17":0,"18":0,"19":0,"20":0,"21":0,"22":0,"23":0,"24":0,"25":0,"26":0,"27":0,"28":0,"29":0,"30":0,"31":0,"32":0,"33":0,"34":0,"35":0,"36":0,"37":0,"38":0,"39":0,"40":0,"41":0,"42":0,"43":0,"44":0,"45":0,"46":0,"47":0,"48":0,"49":0,"50":0,"51":0,"52":0,"53":0,"54":0,"55":0,"56":0,"57":0,"58":0,"59":0,"60":0,"61":0,"62":0,"63":0,"64":0,"65":0,"66":0,"67":0,"68":0,"69":0,"70":0,"71":0},"f":{"0":0,"1":0,"2":0,"3":0,"4":0,"5":0,"6":0,"7":0,"8":0,"9":0},"b":{"0":[0],"1":[0],"2":[0]}}
,"C:\\Users\\aahil\\OneDrive\\Documents\\vs\\Intellidine\\backend\\inventory-service\\src\\app.module.ts": {"path":"C:\\Users\\aahil\\OneDrive\\Documents\\vs\\Intellidine\\backend\\inventory-service\\src\\app.module.ts","statementMap":{"0":{"start":{"line":1,"column":0},"end":{"line":1,"column":40}},"1":{"start":{"line":2,"column":0},"end":{"line":2,"column":49}},"2":{"start":{"line":3,"column":0},"end":{"line":3,"column":49}},"3":{"start":{"line":4,"column":0},"end":{"line":4,"column":64}},"4":{"start":{"line":5,"column":0},"end":{"line":5,"column":63}},"5":{"start":{"line":12,"column":7},"end":{"line":12,"column":null}},"6":{"start":{"line":12,"column":13},"end":{"line":12,"column":22}},"7":{"start":{"line":12,"column":13},"end":{"line":12,"column":null}}},"fnMap":{},"branchMap":{},"s":{"0":0,"1":0,"2":0,"3":0,"4":0,"5":0,"6":0,"7":0},"f":{},"b":{}}
,"C:\\Users\\aahil\\OneDrive\\Documents\\vs\\Intellidine\\backend\\inventory-service\\src\\main.ts": {"path":"C:\\Users\\aahil\\OneDrive\\Documents\\vs\\Intellidine\\backend\\inventory-service\\src\\main.ts","statementMap":{"0":{"start":{"line":1,"column":0},"end":{"line":1,"column":26}},"1":{"start":{"line":2,"column":0},"end":{"line":2,"column":54}},"2":{"start":{"line":3,"column":0},"end":{"line":3,"column":41}},"3":{"start":{"line":6,"column":14},"end":{"line":6,"column":49}},"4":{"start":{"line":7,"column":15},"end":{"line":7,"column":65}},"5":{"start":{"line":9,"column":2},"end":{"line":9,"column":54}},"6":{"start":{"line":11,"column":2},"end":{"line":15,"column":5}},"7":{"start":{"line":12,"column":4},"end":{"line":14,"column":6}},"8":{"start":{"line":18,"column":0},"end":{"line":21,"column":3}},"9":{"start":{"line":19,"column":2},"end":{"line":19,"column":63}},"10":{"start":{"line":20,"column":2},"end":{"line":20,"column":18}}},"fnMap":{"0":{"name":"bootstrap","decl":{"start":{"line":5,"column":15},"end":{"line":5,"column":24}},"loc":{"start":{"line":5,"column":24},"end":{"line":16,"column":1}}},"1":{"name":"(anonymous_1)","decl":{"start":{"line":11,"column":25},"end":{"line":11,"column":28}},"loc":{"start":{"line":11,"column":30},"end":{"line":15,"column":3}}},"2":{"name":"(anonymous_2)","decl":{"start":{"line":18,"column":18},"end":{"line":18,"column":19}},"loc":{"start":{"line":18,"column":28},"end":{"line":21,"column":1}}}},"branchMap":{"0":{"loc":{"start":{"line":7,"column":15},"end":{"line":7,"column":65}},"type":"cond-expr","locations":[{"start":{"line":7,"column":34},"end":{"line":7,"column":58}},{"start":{"line":7,"column":61},"end":{"line":7,"column":65}}]}},"s":{"0":0,"1":0,"2":0,"3":0,"4":0,"5":0,"6":0,"7":0,"8":0,"9":0,"10":0},"f":{"0":0,"1":0,"2":0},"b":{"0":[0,0]}}
,"C:\\Users\\aahil\\OneDrive\\Documents\\vs\\Intellidine\\backend\\inventory-service\\src\\prisma.service.ts": {"path":"C:\\Users\\aahil\\OneDrive\\Documents\\vs\\Intellidine\\backend\\inventory-service\\src\\prisma.service.ts","statementMap":{"0":{"start":{"line":1,"column":0},"end":{"line":1,"column":75}},"1":{"start":{"line":2,"column":0},"end":{"line":2,"column":46}},"2":{"start":{"line":5,"column":7},"end":{"line":13,"column":null}},"3":{"start":{"line":7,"column":4},"end":{"line":7,"column":26}},"4":{"start":{"line":11,"column":4},"end":{"line":11,"column":29}},"5":{"start":{"line":5,"column":13},"end":{"line":5,"column":26}},"6":{"start":{"line":5,"column":13},"end":{"line":13,"column":null}}},"fnMap":{"0":{"name":"(anonymous_1)","decl":{"start":{"line":6,"column":2},"end":{"line":6,"column":7}},"loc":{"start":{"line":6,"column":20},"end":{"line":8,"column":3}}},"1":{"name":"(anonymous_2)","decl":{"start":{"line":10,"column":2},"end":{"line":10,"column":7}},"loc":{"start":{"line":10,"column":23},"end":{"line":12,"column":3}}}},"branchMap":{},"s":{"0":0,"1":0,"2":0,"3":0,"4":0,"5":0,"6":0},"f":{"0":0,"1":0},"b":{}}
,"C:\\Users\\aahil\\OneDrive\\Documents\\vs\\Intellidine\\backend\\inventory-service\\src\\dto\\create-inventory.dto.ts": {"path":"C:\\Users\\aahil\\OneDrive\\Documents\\vs\\Intellidine\\backend\\inventory-service\\src\\dto\\create-inventory.dto.ts","statementMap":{"0":{"start":{"line":1,"column":0},"end":{"line":1,"column":78}},"1":{"start":{"line":3,"column":0},"end":{"line":3,"column":13}},"2":{"start":{"line":5,"column":2},"end":{"line":5,"column":null}},"3":{"start":{"line":9,"column":2},"end":{"line":9,"column":null}},"4":{"start":{"line":13,"column":2},"end":{"line":13,"column":null}},"5":{"start":{"line":17,"column":2},"end":{"line":17,"column":null}},"6":{"start":{"line":20,"column":2},"end":{"line":20,"column":null}}},"fnMap":{},"branchMap":{},"s":{"0":0,"1":0,"2":0,"3":0,"4":0,"5":0,"6":0},"f":{},"b":{}}
,"C:\\Users\\aahil\\OneDrive\\Documents\\vs\\Intellidine\\backend\\inventory-service\\src\\dto\\deduct-inventory.dto.ts": {"path":"C:\\Users\\aahil\\OneDrive\\Documents\\vs\\Intellidine\\backend\\inventory-service\\src\\dto\\deduct-inventory.dto.ts","statementMap":{"0":{"start":{"line":1,"column":0},"end":{"line":1,"column":56}},"1":{"start":{"line":3,"column":0},"end":{"line":3,"column":13}},"2":{"start":{"line":5,"column":2},"end":{"line":5,"column":null}},"3":{"start":{"line":9,"column":2},"end":{"line":9,"column":null}},"4":{"start":{"line":12,"column":2},"end":{"line":12,"column":null}}},"fnMap":{},"branchMap":{},"s":{"0":0,"1":0,"2":0,"3":0,"4":0},"f":{},"b":{}}
,"C:\\Users\\aahil\\OneDrive\\Documents\\vs\\Intellidine\\backend\\inventory-service\\src\\dto\\inventory-response.dto.ts": {"path":"C:\\Users\\aahil\\OneDrive\\Documents\\vs\\Intellidine\\backend\\inventory-service\\src\\dto\\inventory-response.dto.ts","statementMap":{"0":{"start":{"line":1,"column":0},"end":{"line":1,"column":13}},"1":{"start":{"line":12,"column":0},"end":{"line":12,"column":13}},"2":{"start":{"line":22,"column":0},"end":{"line":22,"column":13}}},"fnMap":{},"branchMap":{},"s":{"0":0,"1":0,"2":0},"f":{},"b":{}}
,"C:\\Users\\aahil\\OneDrive\\Documents\\vs\\Intellidine\\backend\\inventory-service\\src\\dto\\update-inventory.dto.ts": {"path":"C:\\Users\\aahil\\OneDrive\\Documents\\vs\\Intellidine\\backend\\inventory-service\\src\\dto\\update-inventory.dto.ts","statementMap":{"0":{"start":{"line":1,"column":0},"end":{"line":1,"column":78}},"1":{"start":{"line":3,"column":0},"end":{"line":3,"column":13}},"2":{"start":{"line":7,"column":2},"end":{"line":7,"column":null}},"3":{"start":{"line":12,"column":2},"end":{"line":12,"column":null}},"4":{"start":{"line":16,"column":2},"end":{"line":16,"column":null}}},"fnMap":{},"branchMap":{},"s":{"0":0,"1":0,"2":0,"3":0,"4":0},"f":{},"b":{}}
,"C:\\Users\\aahil\\OneDrive\\Documents\\vs\\Intellidine\\backend\\inventory-service\\src\\kafka\\inventory.consumer.ts": {"path":"C:\\Users\\aahil\\OneDrive\\Documents\\vs\\Intellidine\\backend\\inventory-service\\src\\kafka\\inventory.consumer.ts","statementMap":{"0":{"start":{"line":1,"column":0},"end":{"line":1,"column":52}},"1":{"start":{"line":2,"column":0},"end":{"line":2,"column":42}},"2":{"start":{"line":3,"column":0},"end":{"line":3,"column":50}},"3":{"start":{"line":7,"column":7},"end":{"line":70,"column":null}},"4":{"start":{"line":11,"column":22},"end":{"line":11,"column":37}},"5":{"start":{"line":9,"column":10},"end":{"line":9,"column":51}},"6":{"start":{"line":12,"column":18},"end":{"line":15,"column":6}},"7":{"start":{"line":16,"column":4},"end":{"line":16,"column":67}},"8":{"start":{"line":20,"column":4},"end":{"line":20,"column":34}},"9":{"start":{"line":21,"column":4},"end":{"line":21,"column":40}},"10":{"start":{"line":22,"column":4},"end":{"line":22,"column":64}},"11":{"start":{"line":26,"column":4},"end":{"line":26,"column":64}},"12":{"start":{"line":28,"column":4},"end":{"line":44,"column":7}},"13":{"start":{"line":30,"column":8},"end":{"line":42,"column":9}},"14":{"start":{"line":31,"column":28},"end":{"line":31,"column":64}},"15":{"start":{"line":32,"column":10},"end":{"line":32,"column":77}},"16":{"start":{"line":35,"column":10},"end":{"line":39,"column":11}},"17":{"start":{"line":36,"column":12},"end":{"line":38,"column":13}},"18":{"start":{"line":37,"column":14},"end":{"line":37,"column":95}},"19":{"start":{"line":41,"column":10},"end":{"line":41,"column":80}},"20":{"start":{"line":52,"column":4},"end":{"line":63,"column":5}},"21":{"start":{"line":55,"column":6},"end":{"line":57,"column":8}},"22":{"start":{"line":62,"column":6},"end":{"line":62,"column":82}},"23":{"start":{"line":67,"column":4},"end":{"line":67,"column":37}},"24":{"start":{"line":68,"column":4},"end":{"line":68,"column":53}},"25":{"start":{"line":7,"column":13},"end":{"line":7,"column":30}},"26":{"start":{"line":7,"column":13},"end":{"line":70,"column":null}}},"fnMap":{"0":{"name":"(anonymous_2)","decl":{"start":{"line":11,"column":2},"end":{"line":11,"column":22}},"loc":{"start":{"line":11,"column":50},"end":{"line":17,"column":3}}},"1":{"name":"(anonymous_3)","decl":{"start":{"line":19,"column":2},"end":{"line":19,"column":7}},"loc":{"start":{"line":19,"column":20},"end":{"line":23,"column":3}}},"2":{"name":"(anonymous_4)","decl":{"start":{"line":25,"column":2},"end":{"line":25,"column":7}},"loc":{"start":{"line":25,"column":30},"end":{"line":45,"column":3}}},"3":{"name":"(anonymous_5)","decl":{"start":{"line":29,"column":19},"end":{"line":29,"column":24}},"loc":{"start":{"line":29,"column":59},"end":{"line":43,"column":7}}},"4":{"name":"(anonymous_6)","decl":{"start":{"line":47,"column":10},"end":{"line":47,"column":15}},"loc":{"start":{"line":50,"column":19},"end":{"line":64,"column":3}}},"5":{"name":"(anonymous_7)","decl":{"start":{"line":66,"column":2},"end":{"line":66,"column":7}},"loc":{"start":{"line":66,"column":23},"end":{"line":69,"column":3}}}},"branchMap":{"0":{"loc":{"start":{"line":35,"column":10},"end":{"line":39,"column":11}},"type":"if","locations":[{"start":{"line":35,"column":10},"end":{"line":39,"column":11}}]},"1":{"loc":{"start":{"line":35,"column":14},"end":{"line":35,"column":63}},"type":"binary-expr","locations":[{"start":{"line":35,"column":14},"end":{"line":35,"column":29}},{"start":{"line":35,"column":33},"end":{"line":35,"column":63}}]}},"s":{"0":0,"1":0,"2":0,"3":0,"4":0,"5":0,"6":0,"7":0,"8":0,"9":0,"10":0,"11":0,"12":0,"13":0,"14":0,"15":0,"16":0,"17":0,"18":0,"19":0,"20":0,"21":0,"22":0,"23":0,"24":0,"25":0,"26":0},"f":{"0":0,"1":0,"2":0,"3":0,"4":0,"5":0},"b":{"0":[0],"1":[0,0]}}
,"C:\\Users\\aahil\\OneDrive\\Documents\\vs\\Intellidine\\backend\\inventory-service\\src\\services\\inventory.service.ts": {"path":"C:\\Users\\aahil\\OneDrive\\Documents\\vs\\Intellidine\\backend\\inventory-service\\src\\services\\inventory.service.ts","statementMap":{"0":{"start":{"line":1,"column":0},"end":{"line":1,"column":52}},"1":{"start":{"line":2,"column":0},"end":{"line":2,"column":50}},"2":{"start":{"line":5,"column":0},"end":{"line":5,"column":36}},"3":{"start":{"line":6,"column":0},"end":{"line":6,"column":33}},"4":{"start":{"line":9,"column":7},"end":{"line":198,"column":null}},"5":{"start":{"line":12,"column":22},"end":{"line":12,"column":37}},"6":{"start":{"line":10,"column":10},"end":{"line":10,"column":50}},"7":{"start":{"line":15,"column":4},"end":{"line":33,"column":5}},"8":{"start":{"line":16,"column":24},"end":{"line":26,"column":8}},"9":{"start":{"line":28,"column":6},"end":{"line":28,"column":87}},"10":{"start":{"line":29,"column":6},"end":{"line":29,"column":23}},"11":{"start":{"line":31,"column":6},"end":{"line":31,"column":83}},"12":{"start":{"line":32,"column":6},"end":{"line":32,"column":18}},"13":{"start":{"line":37,"column":4},"end":{"line":50,"column":5}},"14":{"start":{"line":38,"column":24},"end":{"line":43,"column":8}},"15":{"start":{"line":45,"column":6},"end":{"line":45,"column":69}},"16":{"start":{"line":46,"column":6},"end":{"line":46,"column":23}},"17":{"start":{"line":48,"column":6},"end":{"line":48,"column":83}},"18":{"start":{"line":49,"column":6},"end":{"line":49,"column":18}},"19":{"start":{"line":54,"column":4},"end":{"line":68,"column":5}},"20":{"start":{"line":55,"column":24},"end":{"line":57,"column":8}},"21":{"start":{"line":59,"column":6},"end":{"line":62,"column":7}},"22":{"start":{"line":60,"column":8},"end":{"line":60,"column":58}},"23":{"start":{"line":61,"column":8},"end":{"line":61,"column":20}},"24":{"start":{"line":64,"column":6},"end":{"line":64,"column":23}},"25":{"start":{"line":66,"column":6},"end":{"line":66,"column":83}},"26":{"start":{"line":67,"column":6},"end":{"line":67,"column":18}},"27":{"start":{"line":72,"column":4},"end":{"line":92,"column":5}},"28":{"start":{"line":73,"column":35},"end":{"line":83,"column":8}},"29":{"start":{"line":85,"column":6},"end":{"line":88,"column":8}},"30":{"start":{"line":90,"column":6},"end":{"line":90,"column":82}},"31":{"start":{"line":91,"column":6},"end":{"line":91,"column":18}},"32":{"start":{"line":96,"column":4},"end":{"line":119,"column":5}},"33":{"start":{"line":97,"column":21},"end":{"line":101,"column":8}},"34":{"start":{"line":103,"column":28},"end":{"line":113,"column":11}},"35":{"start":{"line":104,"column":25},"end":{"line":104,"column":86}},"36":{"start":{"line":105,"column":23},"end":{"line":113,"column":10}},"37":{"start":{"line":115,"column":6},"end":{"line":115,"column":27}},"38":{"start":{"line":117,"column":6},"end":{"line":117,"column":88}},"39":{"start":{"line":118,"column":6},"end":{"line":118,"column":18}},"40":{"start":{"line":123,"column":4},"end":{"line":155,"column":5}},"41":{"start":{"line":124,"column":26},"end":{"line":126,"column":8}},"42":{"start":{"line":128,"column":32},"end":{"line":129,"column":null}},"43":{"start":{"line":129,"column":8},"end":{"line":129,"column":69}},"44":{"start":{"line":131,"column":27},"end":{"line":132,"column":null}},"45":{"start":{"line":132,"column":8},"end":{"line":132,"column":68}},"46":{"start":{"line":134,"column":28},"end":{"line":138,"column":8}},"47":{"start":{"line":135,"column":20},"end":{"line":135,"column":45}},"48":{"start":{"line":136,"column":24},"end":{"line":136,"column":54}},"49":{"start":{"line":137,"column":8},"end":{"line":137,"column":61}},"50":{"start":{"line":140,"column":28},"end":{"line":142,"column":null}},"51":{"start":{"line":141,"column":22},"end":{"line":141,"column":64}},"52":{"start":{"line":145,"column":6},"end":{"line":151,"column":8}},"53":{"start":{"line":153,"column":6},"end":{"line":153,"column":89}},"54":{"start":{"line":154,"column":6},"end":{"line":154,"column":18}},"55":{"start":{"line":159,"column":4},"end":{"line":196,"column":5}},"56":{"start":{"line":160,"column":24},"end":{"line":162,"column":8}},"57":{"start":{"line":164,"column":6},"end":{"line":166,"column":7}},"58":{"start":{"line":165,"column":8},"end":{"line":165,"column":63}},"59":{"start":{"line":168,"column":25},"end":{"line":168,"column":56}},"60":{"start":{"line":169,"column":26},"end":{"line":169,"column":47}},"61":{"start":{"line":170,"column":26},"end":{"line":170,"column":82}},"62":{"start":{"line":172,"column":22},"end":{"line":177,"column":8}},"63":{"start":{"line":179,"column":6},"end":{"line":181,"column":8}},"64":{"start":{"line":184,"column":28},"end":{"line":184,"column":52}},"65":{"start":{"line":185,"column":27},"end":{"line":185,"column":63}},"66":{"start":{"line":186,"column":6},"end":{"line":190,"column":7}},"67":{"start":{"line":187,"column":8},"end":{"line":189,"column":10}},"68":{"start":{"line":192,"column":6},"end":{"line":192,"column":21}},"69":{"start":{"line":194,"column":6},"end":{"line":194,"column":84}},"70":{"start":{"line":195,"column":6},"end":{"line":195,"column":18}},"71":{"start":{"line":9,"column":13},"end":{"line":9,"column":29}},"72":{"start":{"line":9,"column":13},"end":{"line":198,"column":null}}},"fnMap":{"0":{"name":"(anonymous_2)","decl":{"start":{"line":12,"column":2},"end":{"line":12,"column":22}},"loc":{"start":{"line":12,"column":50},"end":{"line":12,"column":54}}},"1":{"name":"(anonymous_3)","decl":{"start":{"line":14,"column":2},"end":{"line":14,"column":7}},"loc":{"start":{"line":14,"column":62},"end":{"line":34,"column":3}}},"2":{"name":"(anonymous_4)","decl":{"start":{"line":36,"column":2},"end":{"line":36,"column":7}},"loc":{"start":{"line":36,"column":74},"end":{"line":51,"column":3}}},"3":{"name":"(anonymous_5)","decl":{"start":{"line":53,"column":2},"end":{"line":53,"column":7}},"loc":{"start":{"line":53,"column":35},"end":{"line":69,"column":3}}},"4":{"name":"(anonymous_6)","decl":{"start":{"line":71,"column":2},"end":{"line":71,"column":7}},"loc":{"start":{"line":71,"column":78},"end":{"line":93,"column":3}}},"5":{"name":"(anonymous_7)","decl":{"start":{"line":95,"column":2},"end":{"line":95,"column":7}},"loc":{"start":{"line":95,"column":41},"end":{"line":120,"column":3}}},"6":{"name":"(anonymous_8)","decl":{"start":{"line":104,"column":16},"end":{"line":104,"column":17}},"loc":{"start":{"line":104,"column":25},"end":{"line":104,"column":86}}},"7":{"name":"(anonymous_9)","decl":{"start":{"line":105,"column":13},"end":{"line":105,"column":14}},"loc":{"start":{"line":105,"column":23},"end":{"line":113,"column":10}}},"8":{"name":"(anonymous_10)","decl":{"start":{"line":122,"column":2},"end":{"line":122,"column":7}},"loc":{"start":{"line":122,"column":42},"end":{"line":156,"column":3}}},"9":{"name":"(anonymous_11)","decl":{"start":{"line":128,"column":51},"end":{"line":128,"column":52}},"loc":{"start":{"line":129,"column":8},"end":{"line":129,"column":69}}},"10":{"name":"(anonymous_12)","decl":{"start":{"line":131,"column":46},"end":{"line":131,"column":47}},"loc":{"start":{"line":132,"column":8},"end":{"line":132,"column":68}}},"11":{"name":"(anonymous_13)","decl":{"start":{"line":134,"column":47},"end":{"line":134,"column":48}},"loc":{"start":{"line":134,"column":55},"end":{"line":138,"column":7}}},"12":{"name":"(anonymous_14)","decl":{"start":{"line":141,"column":8},"end":{"line":141,"column":9}},"loc":{"start":{"line":141,"column":22},"end":{"line":141,"column":64}}},"13":{"name":"(anonymous_15)","decl":{"start":{"line":158,"column":2},"end":{"line":158,"column":7}},"loc":{"start":{"line":158,"column":61},"end":{"line":197,"column":3}}}},"branchMap":{"0":{"loc":{"start":{"line":22,"column":16},"end":{"line":22,"column":51}},"type":"binary-expr","locations":[{"start":{"line":22,"column":16},"end":{"line":22,"column":39}},{"start":{"line":22,"column":43},"end":{"line":22,"column":51}}]},"1":{"loc":{"start":{"line":59,"column":6},"end":{"line":62,"column":7}},"type":"if","locations":[{"start":{"line":59,"column":6},"end":{"line":62,"column":7}}]},"2":{"loc":{"start":{"line":71,"column":40},"end":{"line":71,"column":58}},"type":"default-arg","locations":[{"start":{"line":71,"column":56},"end":{"line":71,"column":58}}]},"3":{"loc":{"start":{"line":71,"column":60},"end":{"line":71,"column":78}},"type":"default-arg","locations":[{"start":{"line":71,"column":77},"end":{"line":71,"column":78}}]},"4":{"loc":{"start":{"line":111,"column":24},"end":{"line":111,"column":107}},"type":"cond-expr","locations":[{"start":{"line":111,"column":87},"end":{"line":111,"column":95}},{"start":{"line":111,"column":98},"end":{"line":111,"column":107}}]},"5":{"loc":{"start":{"line":137,"column":15},"end":{"line":137,"column":60}},"type":"binary-expr","locations":[{"start":{"line":137,"column":15},"end":{"line":137,"column":31}},{"start":{"line":137,"column":35},"end":{"line":137,"column":60}}]},"6":{"loc":{"start":{"line":164,"column":6},"end":{"line":166,"column":7}},"type":"if","locations":[{"start":{"line":164,"column":6},"end":{"line":166,"column":7}}]},"7":{"loc":{"start":{"line":186,"column":6},"end":{"line":190,"column":7}},"type":"if","locations":[{"start":{"line":186,"column":6},"end":{"line":190,"column":7}}]}},"s":{"0":0,"1":0,"2":0,"3":0,"4":0,"5":0,"6":0,"7":0,"8":0,"9":0,"10":0,"11":0,"12":0,"13":0,"14":0,"15":0,"16":0,"17":0,"18":0,"19":0,"20":0,"21":0,"22":0,"23":0,"24":0,"25":0,"26":0,"27":0,"28":0,"29":0,"30":0,"31":0,"32":0,"33":0,"34":0,"35":0,"36":0,"37":0,"38":0,"39":0,"40":0,"41":0,"42":0,"43":0,"44":0,"45":0,"46":0,"47":0,"48":0,"49":0,"50":0,"51":0,"52":0,"53":0,"54":0,"55":0,"56":0,"57":0,"58":0,"59":0,"60":0,"61":0,"62":0,"63":0,"64":0,"65":0,"66":0,"67":0,"68":0,"69":0,"70":0,"71":0,"72":0},"f":{"0":0,"1":0,"2":0,"3":0,"4":0,"5":0,"6":0,"7":0,"8":0,"9":0,"10":0,"11":0,"12":0,"13":0},"b":{"0":[0,0],"1":[0],"2":[0],"3":[0],"4":[0,0],"5":[0,0],"6":[0],"7":[0]}}
}
