{"C:\\Users\\aahil\\OneDrive\\Documents\\vs\\Intellidine\\backend\\api-gateway\\src\\app.controller.ts": {"path":"C:\\Users\\aahil\\OneDrive\\Documents\\vs\\Intellidine\\backend\\api-gateway\\src\\app.controller.ts","statementMap":{"0":{"start":{"line":1,"column":0},"end":{"line":1,"column":57}},"1":{"start":{"line":2,"column":0},"end":{"line":2,"column":57}},"2":{"start":{"line":5,"column":7},"end":{"line":29,"column":null}},"3":{"start":{"line":6,"column":31},"end":{"line":6,"column":46}},"4":{"start":{"line":10,"column":4},"end":{"line":14,"column":6}},"5":{"start":{"line":19,"column":19},"end":{"line":19,"column":63}},"6":{"start":{"line":20,"column":23},"end":{"line":20,"column":68}},"7":{"start":{"line":20,"column":58},"end":{"line":20,"column":67}},"8":{"start":{"line":22,"column":4},"end":{"line":27,"column":6}},"9":{"start":{"line":5,"column":13},"end":{"line":5,"column":26}},"10":{"start":{"line":9,"column":2},"end":{"line":15,"column":null}},"11":{"start":{"line":18,"column":8},"end":{"line":28,"column":null}},"12":{"start":{"line":5,"column":13},"end":{"line":29,"column":null}}},"fnMap":{"0":{"name":"(anonymous_2)","decl":{"start":{"line":6,"column":2},"end":{"line":6,"column":31}},"loc":{"start":{"line":6,"column":59},"end":{"line":6,"column":63}}},"1":{"name":"(anonymous_3)","decl":{"start":{"line":9,"column":2},"end":{"line":9,"column":8}},"loc":{"start":{"line":9,"column":8},"end":{"line":15,"column":3}}},"2":{"name":"(anonymous_4)","decl":{"start":{"line":18,"column":2},"end":{"line":18,"column":7}},"loc":{"start":{"line":18,"column":22},"end":{"line":28,"column":3}}},"3":{"name":"(anonymous_5)","decl":{"start":{"line":20,"column":51},"end":{"line":20,"column":52}},"loc":{"start":{"line":20,"column":58},"end":{"line":20,"column":67}}}},"branchMap":{"0":{"loc":{"start":{"line":23,"column":14},"end":{"line":23,"column":44}},"type":"cond-expr","locations":[{"start":{"line":23,"column":27},"end":{"line":23,"column":31}},{"start":{"line":23,"column":34},"end":{"line":23,"column":44}}]}},"s":{"0":1,"1":1,"2":1,"3":4,"4":1,"5":3,"6":2,"7":8,"8":2,"9":1,"10":1,"11":1,"12":1},"f":{"0":4,"1":1,"2":3,"3":8},"b":{"0":[1,1]}}
,"C:\\Users\\aahil\\OneDrive\\Documents\\vs\\Intellidine\\backend\\api-gateway\\src\\app.module.ts": {"path":"C:\\Users\\aahil\\OneDrive\\Documents\\vs\\Intellidine\\backend\\api-gateway\\src\\app.module.ts","statementMap":{"0":{"start":{"line":1,"column":0},"end":{"line":1,"column":72}},"1":{"start":{"line":2,"column":0},"end":{"line":2,"column":43}},"2":{"start":{"line":3,"column":0},"end":{"line":3,"column":65}},"3":{"start":{"line":4,"column":0},"end":{"line":4,"column":57}},"4":{"start":{"line":5,"column":0},"end":{"line":5,"column":49}},"5":{"start":{"line":6,"column":0},"end":{"line":6,"column":62}},"6":{"start":{"line":7,"column":0},"end":{"line":7,"column":83}},"7":{"start":{"line":8,"column":0},"end":{"line":8,"column":91}},"8":{"start":{"line":9,"column":0},"end":{"line":9,"column":79}},"9":{"start":{"line":10,"column":0},"end":{"line":10,"column":49}},"10":{"start":{"line":17,"column":7},"end":{"line":29,"column":null}},"11":{"start":{"line":19,"column":4},"end":{"line":27,"column":22}},"12":{"start":{"line":17,"column":13},"end":{"line":17,"column":22}},"13":{"start":{"line":17,"column":13},"end":{"line":29,"column":null}}},"fnMap":{"0":{"name":"(anonymous_1)","decl":{"start":{"line":18,"column":2},"end":{"line":18,"column":11}},"loc":{"start":{"line":18,"column":40},"end":{"line":28,"column":3}}}},"branchMap":{},"s":{"0":0,"1":0,"2":0,"3":0,"4":0,"5":0,"6":0,"7":0,"8":0,"9":0,"10":0,"11":0,"12":0,"13":0},"f":{"0":0},"b":{}}
,"C:\\Users\\aahil\\OneDrive\\Documents\\vs\\Intellidine\\backend\\api-gateway\\src\\main.ts": {"path":"C:\\Users\\aahil\\OneDrive\\Documents\\vs\\Intellidine\\backend\\api-gateway\\src\\main.ts","statementMap":{"0":{"start":{"line":1,"column":0},"end":{"line":1,"column":43}},"1":{"start":{"line":2,"column":0},"end":{"line":2,"column":41}},"2":{"start":{"line":3,"column":0},"end":{"line":3,"column":49}},"3":{"start":{"line":6,"column":14},"end":{"line":6,"column":49}},"4":{"start":{"line":8,"column":24},"end":{"line":8,"column":46}},"5":{"start":{"line":9,"column":2},"end":{"line":9,"column":28}},"6":{"start":{"line":11,"column":2},"end":{"line":14,"column":5}},"7":{"start":{"line":16,"column":15},"end":{"line":16,"column":65}},"8":{"start":{"line":17,"column":2},"end":{"line":26,"column":5}},"9":{"start":{"line":18,"column":4},"end":{"line":18,"column":55}},"10":{"start":{"line":19,"column":4},"end":{"line":19,"column":28}},"11":{"start":{"line":20,"column":4},"end":{"line":20,"column":53}},"12":{"start":{"line":21,"column":4},"end":{"line":21,"column":53}},"13":{"start":{"line":22,"column":4},"end":{"line":22,"column":56}},"14":{"start":{"line":23,"column":4},"end":{"line":23,"column":63}},"15":{"start":{"line":24,"column":4},"end":{"line":24,"column":60}},"16":{"start":{"line":25,"column":4},"end":{"line":25,"column":70}},"17":{"start":{"line":28,"column":0},"end":{"line":28,"column":12}}},"fnMap":{"0":{"name":"bootstrap","decl":{"start":{"line":5,"column":15},"end":{"line":5,"column":24}},"loc":{"start":{"line":5,"column":24},"end":{"line":27,"column":1}}},"1":{"name":"(anonymous_1)","decl":{"start":{"line":17,"column":25},"end":{"line":17,"column":28}},"loc":{"start":{"line":17,"column":30},"end":{"line":26,"column":3}}}},"branchMap":{"0":{"loc":{"start":{"line":16,"column":15},"end":{"line":16,"column":65}},"type":"cond-expr","locations":[{"start":{"line":16,"column":34},"end":{"line":16,"column":58}},{"start":{"line":16,"column":61},"end":{"line":16,"column":65}}]}},"s":{"0":0,"1":0,"2":0,"3":0,"4":0,"5":0,"6":0,"7":0,"8":0,"9":0,"10":0,"11":0,"12":0,"13":0,"14":0,"15":0,"16":0,"17":0},"f":{"0":0,"1":0},"b":{"0":[0,0]}}
,"C:\\Users\\aahil\\OneDrive\\Documents\\vs\\Intellidine\\backend\\api-gateway\\src\\prisma.service.ts": {"path":"C:\\Users\\aahil\\OneDrive\\Documents\\vs\\Intellidine\\backend\\api-gateway\\src\\prisma.service.ts","statementMap":{"0":{"start":{"line":3,"column":0},"end":{"line":3,"column":81}},"1":{"start":{"line":4,"column":0},"end":{"line":4,"column":46}},"2":{"start":{"line":7,"column":7},"end":{"line":20,"column":null}},"3":{"start":{"line":13,"column":4},"end":{"line":13,"column":26}},"4":{"start":{"line":18,"column":4},"end":{"line":18,"column":29}},"5":{"start":{"line":7,"column":13},"end":{"line":7,"column":26}},"6":{"start":{"line":7,"column":13},"end":{"line":20,"column":null}}},"fnMap":{"0":{"name":"(anonymous_1)","decl":{"start":{"line":11,"column":2},"end":{"line":11,"column":7}},"loc":{"start":{"line":11,"column":20},"end":{"line":14,"column":3}}},"1":{"name":"(anonymous_2)","decl":{"start":{"line":16,"column":2},"end":{"line":16,"column":7}},"loc":{"start":{"line":16,"column":29},"end":{"line":19,"column":3}}}},"branchMap":{},"s":{"0":0,"1":0,"2":0,"3":0,"4":0,"5":0,"6":0},"f":{"0":0,"1":0},"b":{}}
,"C:\\Users\\aahil\\OneDrive\\Documents\\vs\\Intellidine\\backend\\api-gateway\\src\\dto\\api-response.dto.ts": {"path":"C:\\Users\\aahil\\OneDrive\\Documents\\vs\\Intellidine\\backend\\api-gateway\\src\\dto\\api-response.dto.ts","statementMap":{"0":{"start":{"line":1,"column":0},"end":{"line":1,"column":13}},"1":{"start":{"line":10,"column":0},"end":{"line":10,"column":13}},"2":{"start":{"line":19,"column":0},"end":{"line":19,"column":13}}},"fnMap":{},"branchMap":{},"s":{"0":0,"1":0,"2":0},"f":{},"b":{}}
,"C:\\Users\\aahil\\OneDrive\\Documents\\vs\\Intellidine\\backend\\api-gateway\\src\\gateway\\gateway.controller.ts": {"path":"C:\\Users\\aahil\\OneDrive\\Documents\\vs\\Intellidine\\backend\\api-gateway\\src\\gateway\\gateway.controller.ts","statementMap":{"0":{"start":{"line":1,"column":0},"end":{"line":1,"column":null}},"1":{"start":{"line":9,"column":0},"end":{"line":9,"column":44}},"2":{"start":{"line":10,"column":0},"end":{"line":10,"column":49}},"3":{"start":{"line":13,"column":7},"end":{"line":54,"column":null}},"4":{"start":{"line":14,"column":31},"end":{"line":14,"column":46}},"5":{"start":{"line":21,"column":4},"end":{"line":52,"column":5}},"6":{"start":{"line":22,"column":21},"end":{"line":22,"column":31}},"7":{"start":{"line":23,"column":19},"end":{"line":23,"column":27}},"8":{"start":{"line":26,"column":6},"end":{"line":28,"column":7}},"9":{"start":{"line":27,"column":8},"end":{"line":27,"column":66}},"10":{"start":{"line":31,"column":21},"end":{"line":36,"column":null}},"11":{"start":{"line":39,"column":6},"end":{"line":39,"column":23}},"12":{"start":{"line":41,"column":25},"end":{"line":41,"column":73}},"13":{"start":{"line":42,"column":28},"end":{"line":49,"column":8}},"14":{"start":{"line":51,"column":6},"end":{"line":51,"column":49}},"15":{"start":{"line":13,"column":13},"end":{"line":13,"column":30}},"16":{"start":{"line":17,"column":8},"end":{"line":53,"column":null}},"17":{"start":{"line":13,"column":13},"end":{"line":54,"column":null}}},"fnMap":{"0":{"name":"(anonymous_4)","decl":{"start":{"line":14,"column":2},"end":{"line":14,"column":31}},"loc":{"start":{"line":14,"column":59},"end":{"line":14,"column":63}}},"1":{"name":"(anonymous_5)","decl":{"start":{"line":17,"column":2},"end":{"line":17,"column":7}},"loc":{"start":{"line":19,"column":24},"end":{"line":53,"column":3}}}},"branchMap":{"0":{"loc":{"start":{"line":26,"column":6},"end":{"line":28,"column":7}},"type":"if","locations":[{"start":{"line":26,"column":6},"end":{"line":28,"column":7}}]},"1":{"loc":{"start":{"line":41,"column":25},"end":{"line":41,"column":73}},"type":"binary-expr","locations":[{"start":{"line":41,"column":25},"end":{"line":41,"column":37}},{"start":{"line":41,"column":41},"end":{"line":41,"column":73}}]},"2":{"loc":{"start":{"line":44,"column":15},"end":{"line":44,"column":36}},"type":"binary-expr","locations":[{"start":{"line":44,"column":15},"end":{"line":44,"column":25}},{"start":{"line":44,"column":29},"end":{"line":44,"column":36}}]},"3":{"loc":{"start":{"line":45,"column":17},"end":{"line":45,"column":53}},"type":"binary-expr","locations":[{"start":{"line":45,"column":17},"end":{"line":45,"column":30}},{"start":{"line":45,"column":34},"end":{"line":45,"column":53}}]},"4":{"loc":{"start":{"line":46,"column":24},"end":{"line":46,"column":62}},"type":"binary-expr","locations":[{"start":{"line":46,"column":24},"end":{"line":46,"column":49}},{"start":{"line":46,"column":53},"end":{"line":46,"column":62}}]},"5":{"loc":{"start":{"line":18,"column":16},"end":{"line":18,"column":null}},"type":"cond-expr","locations":[{"start":{"line":18,"column":23},"end":{"line":18,"column":null}},{"start":{"line":18,"column":23},"end":{"line":18,"column":null}}]},"6":{"loc":{"start":{"line":18,"column":16},"end":{"line":18,"column":23}},"type":"binary-expr","locations":[{"start":{"line":18,"column":16},"end":{"line":18,"column":null}},{"start":{"line":18,"column":16},"end":{"line":18,"column":23}}]},"7":{"loc":{"start":{"line":18,"column":23},"end":{"line":19,"column":null}},"type":"cond-expr","locations":[{"start":{"line":19,"column":24},"end":{"line":19,"column":null}},{"start":{"line":19,"column":24},"end":{"line":19,"column":null}}]},"8":{"loc":{"start":{"line":18,"column":23},"end":{"line":19,"column":24}},"type":"binary-expr","locations":[{"start":{"line":18,"column":23},"end":{"line":19,"column":null}},{"start":{"line":19,"column":16},"end":{"line":19,"column":24}}]}},"s":{"0":0,"1":0,"2":0,"3":0,"4":0,"5":0,"6":0,"7":0,"8":0,"9":0,"10":0,"11":0,"12":0,"13":0,"14":0,"15":0,"16":0,"17":0},"f":{"0":0,"1":0},"b":{"0":[0],"1":[0,0],"2":[0,0],"3":[0,0],"4":[0,0],"5":[0,0],"6":[0,0],"7":[0,0],"8":[0,0]}}
,"C:\\Users\\aahil\\OneDrive\\Documents\\vs\\Intellidine\\backend\\api-gateway\\src\\gateway\\service-router.ts": {"path":"C:\\Users\\aahil\\OneDrive\\Documents\\vs\\Intellidine\\backend\\api-gateway\\src\\gateway\\service-router.ts","statementMap":{"0":{"start":{"line":1,"column":0},"end":{"line":1,"column":79}},"1":{"start":{"line":2,"column":0},"end":{"line":2,"column":44}},"2":{"start":{"line":3,"column":0},"end":{"line":3,"column":38}},"3":{"start":{"line":13,"column":26},"end":{"line":241,"column":null}},"4":{"start":{"line":48,"column":31},"end":{"line":48,"column":44}},"5":{"start":{"line":14,"column":19},"end":{"line":14,"column":59}},"6":{"start":{"line":15,"column":10},"end":{"line":46,"column":4}},"7":{"start":{"line":50,"column":4},"end":{"line":52,"column":7}},"8":{"start":{"line":51,"column":6},"end":{"line":51,"column":98}},"9":{"start":{"line":54,"column":4},"end":{"line":54,"column":80}},"10":{"start":{"line":62,"column":20},"end":{"line":62,"column":46}},"11":{"start":{"line":63,"column":4},"end":{"line":65,"column":5}},"12":{"start":{"line":64,"column":6},"end":{"line":64,"column":34}},"13":{"start":{"line":67,"column":18},"end":{"line":67,"column":54}},"14":{"start":{"line":68,"column":26},"end":{"line":68,"column":34}},"15":{"start":{"line":70,"column":4},"end":{"line":85,"column":5}},"16":{"start":{"line":72,"column":8},"end":{"line":72,"column":34}},"17":{"start":{"line":74,"column":8},"end":{"line":74,"column":34}},"18":{"start":{"line":76,"column":8},"end":{"line":76,"column":36}},"19":{"start":{"line":78,"column":8},"end":{"line":78,"column":39}},"20":{"start":{"line":80,"column":8},"end":{"line":80,"column":38}},"21":{"start":{"line":82,"column":8},"end":{"line":82,"column":43}},"22":{"start":{"line":84,"column":8},"end":{"line":84,"column":20}},"23":{"start":{"line":98,"column":20},"end":{"line":98,"column":44}},"24":{"start":{"line":99,"column":4},"end":{"line":104,"column":5}},"25":{"start":{"line":100,"column":6},"end":{"line":103,"column":8}},"26":{"start":{"line":107,"column":22},"end":{"line":107,"column":48}},"27":{"start":{"line":108,"column":4},"end":{"line":110,"column":5}},"28":{"start":{"line":109,"column":6},"end":{"line":109,"column":38}},"29":{"start":{"line":111,"column":4},"end":{"line":113,"column":5}},"30":{"start":{"line":112,"column":6},"end":{"line":112,"column":41}},"31":{"start":{"line":115,"column":16},"end":{"line":115,"column":50}},"32":{"start":{"line":117,"column":4},"end":{"line":179,"column":5}},"33":{"start":{"line":118,"column":6},"end":{"line":120,"column":8}},"34":{"start":{"line":122,"column":21},"end":{"line":125,"column":8}},"35":{"start":{"line":129,"column":6},"end":{"line":160,"column":7}},"36":{"start":{"line":131,"column":10},"end":{"line":133,"column":12}},"37":{"start":{"line":134,"column":10},"end":{"line":134,"column":16}},"38":{"start":{"line":136,"column":10},"end":{"line":138,"column":12}},"39":{"start":{"line":139,"column":10},"end":{"line":139,"column":16}},"40":{"start":{"line":141,"column":10},"end":{"line":143,"column":12}},"41":{"start":{"line":144,"column":10},"end":{"line":144,"column":16}},"42":{"start":{"line":146,"column":10},"end":{"line":148,"column":12}},"43":{"start":{"line":149,"column":10},"end":{"line":149,"column":16}},"44":{"start":{"line":151,"column":10},"end":{"line":153,"column":12}},"45":{"start":{"line":154,"column":10},"end":{"line":154,"column":16}},"46":{"start":{"line":156,"column":10},"end":{"line":159,"column":12}},"47":{"start":{"line":162,"column":6},"end":{"line":162,"column":27}},"48":{"start":{"line":164,"column":6},"end":{"line":166,"column":8}},"49":{"start":{"line":168,"column":6},"end":{"line":173,"column":7}},"50":{"start":{"line":169,"column":8},"end":{"line":172,"column":10}},"51":{"start":{"line":175,"column":6},"end":{"line":178,"column":8}},"52":{"start":{"line":186,"column":27},"end":{"line":194,"column":6}},"53":{"start":{"line":196,"column":26},"end":{"line":196,"column":28}},"54":{"start":{"line":197,"column":4},"end":{"line":201,"column":7}},"55":{"start":{"line":198,"column":6},"end":{"line":200,"column":7}},"56":{"start":{"line":199,"column":8},"end":{"line":199,"column":37}},"57":{"start":{"line":203,"column":4},"end":{"line":203,"column":20}},"58":{"start":{"line":210,"column":20},"end":{"line":210,"column":45}},"59":{"start":{"line":211,"column":4},"end":{"line":211,"column":31}},"60":{"start":{"line":211,"column":18},"end":{"line":211,"column":31}},"61":{"start":{"line":213,"column":4},"end":{"line":222,"column":5}},"62":{"start":{"line":214,"column":6},"end":{"line":218,"column":8}},"63":{"start":{"line":219,"column":6},"end":{"line":219,"column":18}},"64":{"start":{"line":221,"column":6},"end":{"line":221,"column":19}},"65":{"start":{"line":229,"column":70},"end":{"line":229,"column":72}},"66":{"start":{"line":231,"column":4},"end":{"line":237,"column":5}},"67":{"start":{"line":232,"column":22},"end":{"line":232,"column":56}},"68":{"start":{"line":233,"column":6},"end":{"line":236,"column":8}},"69":{"start":{"line":239,"column":4},"end":{"line":239,"column":18}},"70":{"start":{"line":13,"column":13},"end":{"line":13,"column":26}},"71":{"start":{"line":13,"column":13},"end":{"line":241,"column":null}}},"fnMap":{"0":{"name":"(anonymous_2)","decl":{"start":{"line":48,"column":2},"end":{"line":48,"column":31}},"loc":{"start":{"line":48,"column":55},"end":{"line":55,"column":3}}},"1":{"name":"(anonymous_3)","decl":{"start":{"line":50,"column":39},"end":{"line":50,"column":40}},"loc":{"start":{"line":50,"column":47},"end":{"line":52,"column":5}}},"2":{"name":"(anonymous_4)","decl":{"start":{"line":60,"column":2},"end":{"line":60,"column":15}},"loc":{"start":{"line":60,"column":28},"end":{"line":86,"column":3}}},"3":{"name":"(anonymous_5)","decl":{"start":{"line":91,"column":2},"end":{"line":91,"column":7}},"loc":{"start":{"line":96,"column":15},"end":{"line":180,"column":3}}},"4":{"name":"(anonymous_6)","decl":{"start":{"line":185,"column":10},"end":{"line":185,"column":23}},"loc":{"start":{"line":185,"column":36},"end":{"line":204,"column":3}}},"5":{"name":"(anonymous_7)","decl":{"start":{"line":197,"column":33},"end":{"line":197,"column":34}},"loc":{"start":{"line":197,"column":41},"end":{"line":201,"column":5}}},"6":{"name":"(anonymous_8)","decl":{"start":{"line":209,"column":2},"end":{"line":209,"column":7}},"loc":{"start":{"line":209,"column":45},"end":{"line":223,"column":3}}},"7":{"name":"(anonymous_9)","decl":{"start":{"line":228,"column":2},"end":{"line":228,"column":7}},"loc":{"start":{"line":228,"column":25},"end":{"line":240,"column":3}}}},"branchMap":{"0":{"loc":{"start":{"line":18,"column":12},"end":{"line":18,"column":59}},"type":"binary-expr","locations":[{"start":{"line":18,"column":12},"end":{"line":18,"column":41}},{"start":{"line":18,"column":45},"end":{"line":18,"column":59}}]},"1":{"loc":{"start":{"line":23,"column":12},"end":{"line":23,"column":59}},"type":"binary-expr","locations":[{"start":{"line":23,"column":12},"end":{"line":23,"column":41}},{"start":{"line":23,"column":45},"end":{"line":23,"column":59}}]},"2":{"loc":{"start":{"line":28,"column":12},"end":{"line":28,"column":61}},"type":"binary-expr","locations":[{"start":{"line":28,"column":12},"end":{"line":28,"column":42}},{"start":{"line":28,"column":46},"end":{"line":28,"column":61}}]},"3":{"loc":{"start":{"line":33,"column":12},"end":{"line":33,"column":69}},"type":"binary-expr","locations":[{"start":{"line":33,"column":12},"end":{"line":33,"column":46}},{"start":{"line":33,"column":50},"end":{"line":33,"column":69}}]},"4":{"loc":{"start":{"line":38,"column":12},"end":{"line":38,"column":65}},"type":"binary-expr","locations":[{"start":{"line":38,"column":12},"end":{"line":38,"column":44}},{"start":{"line":38,"column":48},"end":{"line":38,"column":65}}]},"5":{"loc":{"start":{"line":43,"column":12},"end":{"line":43,"column":75}},"type":"binary-expr","locations":[{"start":{"line":43,"column":12},"end":{"line":43,"column":49}},{"start":{"line":43,"column":53},"end":{"line":43,"column":75}}]},"6":{"loc":{"start":{"line":63,"column":4},"end":{"line":65,"column":5}},"type":"if","locations":[{"start":{"line":63,"column":4},"end":{"line":65,"column":5}}]},"7":{"loc":{"start":{"line":70,"column":4},"end":{"line":85,"column":5}},"type":"switch","locations":[{"start":{"line":71,"column":6},"end":{"line":72,"column":34}},{"start":{"line":73,"column":6},"end":{"line":74,"column":34}},{"start":{"line":75,"column":6},"end":{"line":76,"column":36}},{"start":{"line":77,"column":6},"end":{"line":78,"column":39}},{"start":{"line":79,"column":6},"end":{"line":80,"column":38}},{"start":{"line":81,"column":6},"end":{"line":82,"column":43}},{"start":{"line":83,"column":6},"end":{"line":84,"column":20}}]},"8":{"loc":{"start":{"line":99,"column":4},"end":{"line":104,"column":5}},"type":"if","locations":[{"start":{"line":99,"column":4},"end":{"line":104,"column":5}}]},"9":{"loc":{"start":{"line":108,"column":4},"end":{"line":110,"column":5}},"type":"if","locations":[{"start":{"line":108,"column":4},"end":{"line":110,"column":5}}]},"10":{"loc":{"start":{"line":111,"column":4},"end":{"line":113,"column":5}},"type":"if","locations":[{"start":{"line":111,"column":4},"end":{"line":113,"column":5}}]},"11":{"loc":{"start":{"line":129,"column":6},"end":{"line":160,"column":7}},"type":"switch","locations":[{"start":{"line":130,"column":8},"end":{"line":134,"column":16}},{"start":{"line":135,"column":8},"end":{"line":139,"column":16}},{"start":{"line":140,"column":8},"end":{"line":144,"column":16}},{"start":{"line":145,"column":8},"end":{"line":149,"column":16}},{"start":{"line":150,"column":8},"end":{"line":154,"column":16}},{"start":{"line":155,"column":8},"end":{"line":159,"column":12}}]},"12":{"loc":{"start":{"line":168,"column":6},"end":{"line":173,"column":7}},"type":"if","locations":[{"start":{"line":168,"column":6},"end":{"line":173,"column":7}}]},"13":{"loc":{"start":{"line":168,"column":10},"end":{"line":168,"column":32}},"type":"cond-expr","locations":[{"start":{"line":168,"column":24},"end":{"line":168,"column":26}},{"start":{"line":168,"column":24},"end":{"line":168,"column":32}}]},"14":{"loc":{"start":{"line":168,"column":10},"end":{"line":168,"column":26}},"type":"binary-expr","locations":[{"start":{"line":168,"column":10},"end":{"line":168,"column":26}},{"start":{"line":168,"column":24},"end":{"line":168,"column":26}}]},"15":{"loc":{"start":{"line":170,"column":10},"end":{"line":170,"column":59}},"type":"binary-expr","locations":[{"start":{"line":170,"column":10},"end":{"line":170,"column":29}},{"start":{"line":170,"column":33},"end":{"line":170,"column":59}}]},"16":{"loc":{"start":{"line":198,"column":6},"end":{"line":200,"column":7}},"type":"if","locations":[{"start":{"line":198,"column":6},"end":{"line":200,"column":7}}]},"17":{"loc":{"start":{"line":211,"column":4},"end":{"line":211,"column":31}},"type":"if","locations":[{"start":{"line":211,"column":4},"end":{"line":211,"column":31}}]}},"s":{"0":1,"1":1,"2":1,"3":1,"4":0,"5":0,"6":0,"7":0,"8":0,"9":0,"10":0,"11":0,"12":0,"13":0,"14":0,"15":0,"16":0,"17":0,"18":0,"19":0,"20":0,"21":0,"22":0,"23":0,"24":0,"25":0,"26":0,"27":0,"28":0,"29":0,"30":0,"31":0,"32":0,"33":0,"34":0,"35":0,"36":0,"37":0,"38":0,"39":0,"40":0,"41":0,"42":0,"43":0,"44":0,"45":0,"46":0,"47":0,"48":0,"49":0,"50":0,"51":0,"52":0,"53":0,"54":0,"55":0,"56":0,"57":0,"58":0,"59":0,"60":0,"61":0,"62":0,"63":0,"64":0,"65":0,"66":0,"67":0,"68":0,"69":0,"70":1,"71":1},"f":{"0":0,"1":0,"2":0,"3":0,"4":0,"5":0,"6":0,"7":0},"b":{"0":[0,0],"1":[0,0],"2":[0,0],"3":[0,0],"4":[0,0],"5":[0,0],"6":[0],"7":[0,0,0,0,0,0,0],"8":[0],"9":[0],"10":[0],"11":[0,0,0,0,0,0],"12":[0],"13":[0,0],"14":[0,0],"15":[0,0],"16":[0],"17":[0]}}
,"C:\\Users\\aahil\\OneDrive\\Documents\\vs\\Intellidine\\backend\\api-gateway\\src\\middleware\\auth.middleware.ts": {"path":"C:\\Users\\aahil\\OneDrive\\Documents\\vs\\Intellidine\\backend\\api-gateway\\src\\middleware\\auth.middleware.ts","statementMap":{"0":{"start":{"line":1,"column":0},"end":{"line":1,"column":68}},"1":{"start":{"line":3,"column":0},"end":{"line":3,"column":36}},"2":{"start":{"line":6,"column":27},"end":{"line":46,"column":null}},"3":{"start":{"line":7,"column":19},"end":{"line":7,"column":60}},"4":{"start":{"line":10,"column":4},"end":{"line":42,"column":5}},"5":{"start":{"line":11,"column":25},"end":{"line":11,"column":50}},"6":{"start":{"line":13,"column":6},"end":{"line":18,"column":7}},"7":{"start":{"line":15,"column":9},"end":{"line":15,"column":33}},"8":{"start":{"line":16,"column":9},"end":{"line":16,"column":37}},"9":{"start":{"line":17,"column":8},"end":{"line":17,"column":22}},"10":{"start":{"line":20,"column":20},"end":{"line":20,"column":53}},"11":{"start":{"line":21,"column":21},"end":{"line":21,"column":63}},"12":{"start":{"line":23,"column":22},"end":{"line":23,"column":54}},"13":{"start":{"line":26,"column":7},"end":{"line":30,"column":8}},"14":{"start":{"line":31,"column":7},"end":{"line":31,"column":48}},"15":{"start":{"line":32,"column":7},"end":{"line":32,"column":40}},"16":{"start":{"line":33,"column":7},"end":{"line":33,"column":43}},"17":{"start":{"line":35,"column":6},"end":{"line":37,"column":8}},"18":{"start":{"line":39,"column":6},"end":{"line":39,"column":66}},"19":{"start":{"line":40,"column":7},"end":{"line":40,"column":31}},"20":{"start":{"line":41,"column":7},"end":{"line":41,"column":35}},"21":{"start":{"line":44,"column":4},"end":{"line":44,"column":11}},"22":{"start":{"line":6,"column":13},"end":{"line":6,"column":27}},"23":{"start":{"line":6,"column":13},"end":{"line":46,"column":null}}},"fnMap":{"0":{"name":"(anonymous_1)","decl":{"start":{"line":6,"column":7},"end":{"line":6,"column":13}},"loc":{"start":{"line":6,"column":7},"end":{"line":46,"column":1}}},"1":{"name":"(anonymous_2)","decl":{"start":{"line":9,"column":2},"end":{"line":9,"column":5}},"loc":{"start":{"line":9,"column":53},"end":{"line":45,"column":3}}}},"branchMap":{"0":{"loc":{"start":{"line":13,"column":6},"end":{"line":18,"column":7}},"type":"if","locations":[{"start":{"line":13,"column":6},"end":{"line":18,"column":7}}]},"1":{"loc":{"start":{"line":21,"column":21},"end":{"line":21,"column":63}},"type":"binary-expr","locations":[{"start":{"line":21,"column":21},"end":{"line":21,"column":43}},{"start":{"line":21,"column":47},"end":{"line":21,"column":63}}]}},"s":{"0":0,"1":0,"2":0,"3":0,"4":0,"5":0,"6":0,"7":0,"8":0,"9":0,"10":0,"11":0,"12":0,"13":0,"14":0,"15":0,"16":0,"17":0,"18":0,"19":0,"20":0,"21":0,"22":0,"23":0},"f":{"0":0,"1":0},"b":{"0":[0],"1":[0,0]}}
,"C:\\Users\\aahil\\OneDrive\\Documents\\vs\\Intellidine\\backend\\api-gateway\\src\\middleware\\error-handler.middleware.ts": {"path":"C:\\Users\\aahil\\OneDrive\\Documents\\vs\\Intellidine\\backend\\api-gateway\\src\\middleware\\error-handler.middleware.ts","statementMap":{"0":{"start":{"line":1,"column":0},"end":{"line":1,"column":68}},"1":{"start":{"line":14,"column":35},"end":{"line":65,"column":null}},"2":{"start":{"line":15,"column":19},"end":{"line":15,"column":68}},"3":{"start":{"line":19,"column":25},"end":{"line":19,"column":33}},"4":{"start":{"line":20,"column":19},"end":{"line":20,"column":30}},"5":{"start":{"line":21,"column":27},"end":{"line":21,"column":65}},"6":{"start":{"line":22,"column":22},"end":{"line":22,"column":42}},"7":{"start":{"line":24,"column":4},"end":{"line":61,"column":6}},"8":{"start":{"line":26,"column":6},"end":{"line":48,"column":7}},"9":{"start":{"line":27,"column":22},"end":{"line":27,"column":52}},"10":{"start":{"line":30,"column":8},"end":{"line":34,"column":10}},"11":{"start":{"line":37,"column":34},"end":{"line":45,"column":10}},"12":{"start":{"line":47,"column":8},"end":{"line":47,"column":58}},"13":{"start":{"line":51,"column":23},"end":{"line":58,"column":8}},"14":{"start":{"line":60,"column":6},"end":{"line":60,"column":47}},"15":{"start":{"line":63,"column":4},"end":{"line":63,"column":11}},"16":{"start":{"line":14,"column":13},"end":{"line":14,"column":35}},"17":{"start":{"line":14,"column":13},"end":{"line":65,"column":null}}},"fnMap":{"0":{"name":"(anonymous_1)","decl":{"start":{"line":14,"column":7},"end":{"line":14,"column":13}},"loc":{"start":{"line":14,"column":7},"end":{"line":65,"column":1}}},"1":{"name":"(anonymous_2)","decl":{"start":{"line":17,"column":2},"end":{"line":17,"column":5}},"loc":{"start":{"line":17,"column":53},"end":{"line":64,"column":3}}},"2":{"name":"(anonymous_3)","decl":{"start":{"line":24,"column":15},"end":{"line":24,"column":25}},"loc":{"start":{"line":24,"column":34},"end":{"line":61,"column":5}}}},"branchMap":{"0":{"loc":{"start":{"line":21,"column":27},"end":{"line":21,"column":65}},"type":"binary-expr","locations":[{"start":{"line":21,"column":27},"end":{"line":21,"column":52}},{"start":{"line":21,"column":56},"end":{"line":21,"column":65}}]},"1":{"loc":{"start":{"line":26,"column":6},"end":{"line":48,"column":7}},"type":"if","locations":[{"start":{"line":26,"column":6},"end":{"line":48,"column":7}}]},"2":{"loc":{"start":{"line":26,"column":10},"end":{"line":26,"column":70}},"type":"binary-expr","locations":[{"start":{"line":26,"column":10},"end":{"line":26,"column":21}},{"start":{"line":26,"column":26},"end":{"line":26,"column":42}},{"start":{"line":26,"column":46},"end":{"line":26,"column":69}}]},"3":{"loc":{"start":{"line":26,"column":10},"end":{"line":26,"column":21}},"type":"cond-expr","locations":[{"start":{"line":26,"column":14},"end":{"line":26,"column":16}},{"start":{"line":26,"column":10},"end":{"line":26,"column":21}}]},"4":{"loc":{"start":{"line":26,"column":10},"end":{"line":26,"column":16}},"type":"binary-expr","locations":[{"start":{"line":26,"column":10},"end":{"line":26,"column":16}},{"start":{"line":26,"column":10},"end":{"line":26,"column":16}}]},"5":{"loc":{"start":{"line":26,"column":26},"end":{"line":26,"column":42}},"type":"cond-expr","locations":[{"start":{"line":26,"column":30},"end":{"line":26,"column":32}},{"start":{"line":26,"column":26},"end":{"line":26,"column":42}}]},"6":{"loc":{"start":{"line":26,"column":26},"end":{"line":26,"column":32}},"type":"binary-expr","locations":[{"start":{"line":26,"column":26},"end":{"line":26,"column":32}},{"start":{"line":26,"column":26},"end":{"line":26,"column":32}}]},"7":{"loc":{"start":{"line":26,"column":46},"end":{"line":26,"column":62}},"type":"cond-expr","locations":[{"start":{"line":26,"column":50},"end":{"line":26,"column":52}},{"start":{"line":26,"column":46},"end":{"line":26,"column":62}}]},"8":{"loc":{"start":{"line":26,"column":46},"end":{"line":26,"column":52}},"type":"binary-expr","locations":[{"start":{"line":26,"column":46},"end":{"line":26,"column":52}},{"start":{"line":26,"column":46},"end":{"line":26,"column":52}}]},"9":{"loc":{"start":{"line":27,"column":22},"end":{"line":27,"column":52}},"type":"binary-expr","locations":[{"start":{"line":27,"column":22},"end":{"line":27,"column":33}},{"start":{"line":27,"column":37},"end":{"line":27,"column":52}}]},"10":{"loc":{"start":{"line":27,"column":22},"end":{"line":27,"column":33}},"type":"cond-expr","locations":[{"start":{"line":27,"column":26},"end":{"line":27,"column":28}},{"start":{"line":27,"column":22},"end":{"line":27,"column":33}}]},"11":{"loc":{"start":{"line":27,"column":22},"end":{"line":27,"column":28}},"type":"binary-expr","locations":[{"start":{"line":27,"column":22},"end":{"line":27,"column":28}},{"start":{"line":27,"column":22},"end":{"line":27,"column":28}}]},"12":{"loc":{"start":{"line":32,"column":12},"end":{"line":32,"column":null}},"type":"cond-expr","locations":[{"start":{"line":32,"column":23},"end":{"line":32,"column":46}},{"start":{"line":32,"column":49},"end":{"line":32,"column":null}}]},"13":{"loc":{"start":{"line":38,"column":22},"end":{"line":38,"column":45}},"type":"binary-expr","locations":[{"start":{"line":38,"column":22},"end":{"line":38,"column":38}},{"start":{"line":38,"column":42},"end":{"line":38,"column":45}}]},"14":{"loc":{"start":{"line":38,"column":22},"end":{"line":38,"column":38}},"type":"cond-expr","locations":[{"start":{"line":38,"column":26},"end":{"line":38,"column":28}},{"start":{"line":38,"column":22},"end":{"line":38,"column":38}}]},"15":{"loc":{"start":{"line":38,"column":22},"end":{"line":38,"column":28}},"type":"binary-expr","locations":[{"start":{"line":38,"column":22},"end":{"line":38,"column":28}},{"start":{"line":38,"column":22},"end":{"line":38,"column":28}}]},"16":{"loc":{"start":{"line":39,"column":17},"end":{"line":39,"column":55}},"type":"binary-expr","locations":[{"start":{"line":39,"column":17},"end":{"line":39,"column":28}},{"start":{"line":39,"column":32},"end":{"line":39,"column":55}}]},"17":{"loc":{"start":{"line":39,"column":17},"end":{"line":39,"column":28}},"type":"cond-expr","locations":[{"start":{"line":39,"column":21},"end":{"line":39,"column":23}},{"start":{"line":39,"column":17},"end":{"line":39,"column":28}}]},"18":{"loc":{"start":{"line":39,"column":17},"end":{"line":39,"column":23}},"type":"binary-expr","locations":[{"start":{"line":39,"column":17},"end":{"line":39,"column":23}},{"start":{"line":39,"column":17},"end":{"line":39,"column":23}}]},"19":{"loc":{"start":{"line":40,"column":19},"end":{"line":40,"column":41}},"type":"binary-expr","locations":[{"start":{"line":40,"column":19},"end":{"line":40,"column":32}},{"start":{"line":40,"column":36},"end":{"line":40,"column":41}}]},"20":{"loc":{"start":{"line":40,"column":19},"end":{"line":40,"column":32}},"type":"cond-expr","locations":[{"start":{"line":40,"column":23},"end":{"line":40,"column":25}},{"start":{"line":40,"column":19},"end":{"line":40,"column":32}}]},"21":{"loc":{"start":{"line":40,"column":19},"end":{"line":40,"column":25}},"type":"binary-expr","locations":[{"start":{"line":40,"column":19},"end":{"line":40,"column":25}},{"start":{"line":40,"column":19},"end":{"line":40,"column":25}}]},"22":{"loc":{"start":{"line":42,"column":14},"end":{"line":42,"column":38}},"type":"binary-expr","locations":[{"start":{"line":42,"column":14},"end":{"line":42,"column":22}},{"start":{"line":42,"column":26},"end":{"line":42,"column":38}}]},"23":{"loc":{"start":{"line":56,"column":14},"end":{"line":56,"column":38}},"type":"binary-expr","locations":[{"start":{"line":56,"column":14},"end":{"line":56,"column":22}},{"start":{"line":56,"column":26},"end":{"line":56,"column":38}}]}},"s":{"0":0,"1":0,"2":0,"3":0,"4":0,"5":0,"6":0,"7":0,"8":0,"9":0,"10":0,"11":0,"12":0,"13":0,"14":0,"15":0,"16":0,"17":0},"f":{"0":0,"1":0,"2":0},"b":{"0":[0,0],"1":[0],"2":[0,0,0],"3":[0,0],"4":[0,0],"5":[0,0],"6":[0,0],"7":[0,0],"8":[0,0],"9":[0,0],"10":[0,0],"11":[0,0],"12":[0,0],"13":[0,0],"14":[0,0],"15":[0,0],"16":[0,0],"17":[0,0],"18":[0,0],"19":[0,0],"20":[0,0],"21":[0,0],"22":[0,0],"23":[0,0]}}
,"C:\\Users\\aahil\\OneDrive\\Documents\\vs\\Intellidine\\backend\\api-gateway\\src\\middleware\\request-context.middleware.ts": {"path":"C:\\Users\\aahil\\OneDrive\\Documents\\vs\\Intellidine\\backend\\api-gateway\\src\\middleware\\request-context.middleware.ts","statementMap":{"0":{"start":{"line":1,"column":0},"end":{"line":1,"column":68}},"1":{"start":{"line":3,"column":0},"end":{"line":3,"column":36}},"2":{"start":{"line":6,"column":37},"end":{"line":33,"column":null}},"3":{"start":{"line":7,"column":19},"end":{"line":7,"column":70}},"4":{"start":{"line":11,"column":26},"end":{"line":11,"column":79}},"5":{"start":{"line":14,"column":5},"end":{"line":14,"column":47}},"6":{"start":{"line":15,"column":5},"end":{"line":15,"column":40}},"7":{"start":{"line":18,"column":4},"end":{"line":18,"column":53}},"8":{"start":{"line":19,"column":4},"end":{"line":19,"column":51}},"9":{"start":{"line":20,"column":4},"end":{"line":20,"column":44}},"10":{"start":{"line":23,"column":24},"end":{"line":23,"column":31}},"11":{"start":{"line":24,"column":4},"end":{"line":28,"column":6}},"12":{"start":{"line":25,"column":23},"end":{"line":25,"column":58}},"13":{"start":{"line":26,"column":6},"end":{"line":26,"column":62}},"14":{"start":{"line":27,"column":6},"end":{"line":27,"column":42}},"15":{"start":{"line":30,"column":4},"end":{"line":30,"column":79}},"16":{"start":{"line":31,"column":4},"end":{"line":31,"column":11}},"17":{"start":{"line":6,"column":13},"end":{"line":6,"column":37}},"18":{"start":{"line":6,"column":13},"end":{"line":33,"column":null}}},"fnMap":{"0":{"name":"(anonymous_1)","decl":{"start":{"line":6,"column":7},"end":{"line":6,"column":13}},"loc":{"start":{"line":6,"column":7},"end":{"line":33,"column":1}}},"1":{"name":"(anonymous_2)","decl":{"start":{"line":9,"column":2},"end":{"line":9,"column":5}},"loc":{"start":{"line":9,"column":53},"end":{"line":32,"column":3}}},"2":{"name":"(anonymous_3)","decl":{"start":{"line":24,"column":14},"end":{"line":24,"column":24}},"loc":{"start":{"line":24,"column":38},"end":{"line":28,"column":5}}}},"branchMap":{"0":{"loc":{"start":{"line":11,"column":26},"end":{"line":11,"column":79}},"type":"binary-expr","locations":[{"start":{"line":11,"column":26},"end":{"line":11,"column":67}},{"start":{"line":11,"column":71},"end":{"line":11,"column":79}}]}},"s":{"0":0,"1":0,"2":0,"3":0,"4":0,"5":0,"6":0,"7":0,"8":0,"9":0,"10":0,"11":0,"12":0,"13":0,"14":0,"15":0,"16":0,"17":0,"18":0},"f":{"0":0,"1":0,"2":0},"b":{"0":[0,0]}}
,"C:\\Users\\aahil\\OneDrive\\Documents\\vs\\Intellidine\\backend\\api-gateway\\src\\middleware\\tenant-verification.middleware.ts": {"path":"C:\\Users\\aahil\\OneDrive\\Documents\\vs\\Intellidine\\backend\\api-gateway\\src\\middleware\\tenant-verification.middleware.ts","statementMap":{"0":{"start":{"line":1,"column":0},"end":{"line":1,"column":68}},"1":{"start":{"line":13,"column":41},"end":{"line":62,"column":null}},"2":{"start":{"line":14,"column":19},"end":{"line":14,"column":74}},"3":{"start":{"line":17,"column":27},"end":{"line":17,"column":65}},"4":{"start":{"line":18,"column":18},"end":{"line":18,"column":34}},"5":{"start":{"line":22,"column":6},"end":{"line":24,"column":10}},"6":{"start":{"line":27,"column":28},"end":{"line":33,"column":6}},"7":{"start":{"line":35,"column":21},"end":{"line":35,"column":72}},"8":{"start":{"line":35,"column":48},"end":{"line":35,"column":71}},"9":{"start":{"line":38,"column":4},"end":{"line":43,"column":5}},"10":{"start":{"line":39,"column":6},"end":{"line":41,"column":8}},"11":{"start":{"line":46,"column":4},"end":{"line":53,"column":5}},"12":{"start":{"line":47,"column":7},"end":{"line":47,"column":39}},"13":{"start":{"line":48,"column":6},"end":{"line":48,"column":44}},"14":{"start":{"line":50,"column":6},"end":{"line":52,"column":8}},"15":{"start":{"line":56,"column":4},"end":{"line":58,"column":5}},"16":{"start":{"line":57,"column":6},"end":{"line":57,"column":45}},"17":{"start":{"line":60,"column":4},"end":{"line":60,"column":11}},"18":{"start":{"line":13,"column":13},"end":{"line":13,"column":41}},"19":{"start":{"line":13,"column":13},"end":{"line":62,"column":null}}},"fnMap":{"0":{"name":"(anonymous_1)","decl":{"start":{"line":13,"column":7},"end":{"line":13,"column":13}},"loc":{"start":{"line":13,"column":7},"end":{"line":62,"column":1}}},"1":{"name":"(anonymous_2)","decl":{"start":{"line":16,"column":2},"end":{"line":16,"column":5}},"loc":{"start":{"line":16,"column":53},"end":{"line":61,"column":3}}},"2":{"name":"(anonymous_3)","decl":{"start":{"line":35,"column":42},"end":{"line":35,"column":44}},"loc":{"start":{"line":35,"column":48},"end":{"line":35,"column":71}}}},"branchMap":{"0":{"loc":{"start":{"line":17,"column":27},"end":{"line":17,"column":65}},"type":"binary-expr","locations":[{"start":{"line":17,"column":27},"end":{"line":17,"column":52}},{"start":{"line":17,"column":56},"end":{"line":17,"column":65}}]},"1":{"loc":{"start":{"line":22,"column":6},"end":{"line":24,"column":10}},"type":"binary-expr","locations":[{"start":{"line":22,"column":6},"end":{"line":22,"column":42}},{"start":{"line":23,"column":6},"end":{"line":23,"column":20}},{"start":{"line":24,"column":6},"end":{"line":24,"column":10}}]},"2":{"loc":{"start":{"line":23,"column":6},"end":{"line":23,"column":20}},"type":"cond-expr","locations":[{"start":{"line":23,"column":10},"end":{"line":23,"column":12}},{"start":{"line":23,"column":6},"end":{"line":23,"column":20}}]},"3":{"loc":{"start":{"line":23,"column":6},"end":{"line":23,"column":12}},"type":"binary-expr","locations":[{"start":{"line":23,"column":6},"end":{"line":23,"column":12}},{"start":{"line":23,"column":6},"end":{"line":23,"column":12}}]},"4":{"loc":{"start":{"line":38,"column":4},"end":{"line":43,"column":5}},"type":"if","locations":[{"start":{"line":38,"column":4},"end":{"line":43,"column":5}}]},"5":{"loc":{"start":{"line":38,"column":8},"end":{"line":38,"column":38}},"type":"binary-expr","locations":[{"start":{"line":38,"column":8},"end":{"line":38,"column":17}},{"start":{"line":38,"column":21},"end":{"line":38,"column":30}},{"start":{"line":38,"column":34},"end":{"line":38,"column":38}}]},"6":{"loc":{"start":{"line":46,"column":4},"end":{"line":53,"column":5}},"type":"if","locations":[{"start":{"line":46,"column":4},"end":{"line":53,"column":5}}]},"7":{"loc":{"start":{"line":51,"column":49},"end":{"line":51,"column":57}},"type":"cond-expr","locations":[{"start":{"line":51,"column":53},"end":{"line":51,"column":55}},{"start":{"line":51,"column":49},"end":{"line":51,"column":57}}]},"8":{"loc":{"start":{"line":51,"column":49},"end":{"line":51,"column":55}},"type":"binary-expr","locations":[{"start":{"line":51,"column":49},"end":{"line":51,"column":55}},{"start":{"line":51,"column":49},"end":{"line":51,"column":55}}]},"9":{"loc":{"start":{"line":56,"column":4},"end":{"line":58,"column":5}},"type":"if","locations":[{"start":{"line":56,"column":4},"end":{"line":58,"column":5}}]}},"s":{"0":0,"1":0,"2":0,"3":0,"4":0,"5":0,"6":0,"7":0,"8":0,"9":0,"10":0,"11":0,"12":0,"13":0,"14":0,"15":0,"16":0,"17":0,"18":0,"19":0},"f":{"0":0,"1":0,"2":0},"b":{"0":[0,0],"1":[0,0,0],"2":[0,0],"3":[0,0],"4":[0],"5":[0,0,0],"6":[0],"7":[0,0],"8":[0,0],"9":[0]}}
}
