{"C:\\Users\\aahil\\OneDrive\\Documents\\vs\\Intellidine\\backend\\notification-service\\src\\app.controller.ts": {"path":"C:\\Users\\aahil\\OneDrive\\Documents\\vs\\Intellidine\\backend\\notification-service\\src\\app.controller.ts","statementMap":{"0":{"start":{"line":1,"column":0},"end":{"line":1,"column":56}},"1":{"start":{"line":2,"column":0},"end":{"line":2,"column":77}},"2":{"start":{"line":3,"column":0},"end":{"line":3,"column":73}},"3":{"start":{"line":6,"column":7},"end":{"line":50,"column":null}},"4":{"start":{"line":8,"column":21},"end":{"line":8,"column":39}},"5":{"start":{"line":9,"column":21},"end":{"line":9,"column":36}},"6":{"start":{"line":14,"column":4},"end":{"line":18,"column":6}},"7":{"start":{"line":23,"column":4},"end":{"line":27,"column":6}},"8":{"start":{"line":32,"column":4},"end":{"line":34,"column":5}},"9":{"start":{"line":33,"column":6},"end":{"line":33,"column":61}},"10":{"start":{"line":36,"column":4},"end":{"line":42,"column":7}},"11":{"start":{"line":44,"column":4},"end":{"line":48,"column":6}},"12":{"start":{"line":6,"column":13},"end":{"line":6,"column":26}},"13":{"start":{"line":13,"column":2},"end":{"line":19,"column":null}},"14":{"start":{"line":22,"column":2},"end":{"line":28,"column":null}},"15":{"start":{"line":31,"column":2},"end":{"line":49,"column":null}},"16":{"start":{"line":6,"column":13},"end":{"line":50,"column":null}}},"fnMap":{"0":{"name":"(anonymous_4)","decl":{"start":{"line":7,"column":2},"end":{"line":7,"column":null}},"loc":{"start":{"line":9,"column":56},"end":{"line":10,"column":6}}},"1":{"name":"(anonymous_5)","decl":{"start":{"line":13,"column":2},"end":{"line":13,"column":8}},"loc":{"start":{"line":13,"column":8},"end":{"line":19,"column":3}}},"2":{"name":"(anonymous_6)","decl":{"start":{"line":22,"column":2},"end":{"line":22,"column":10}},"loc":{"start":{"line":22,"column":10},"end":{"line":28,"column":3}}},"3":{"name":"(anonymous_7)","decl":{"start":{"line":31,"column":2},"end":{"line":31,"column":15}},"loc":{"start":{"line":31,"column":52},"end":{"line":49,"column":3}}}},"branchMap":{"0":{"loc":{"start":{"line":32,"column":4},"end":{"line":34,"column":5}},"type":"if","locations":[{"start":{"line":32,"column":4},"end":{"line":34,"column":5}}]}},"s":{"0":1,"1":1,"2":1,"3":1,"4":0,"5":0,"6":0,"7":0,"8":0,"9":0,"10":0,"11":0,"12":1,"13":1,"14":1,"15":1,"16":1},"f":{"0":0,"1":0,"2":0,"3":0},"b":{"0":[0]}}
,"C:\\Users\\aahil\\OneDrive\\Documents\\vs\\Intellidine\\backend\\notification-service\\src\\app.module.ts": {"path":"C:\\Users\\aahil\\OneDrive\\Documents\\vs\\Intellidine\\backend\\notification-service\\src\\app.module.ts","statementMap":{"0":{"start":{"line":1,"column":0},"end":{"line":1,"column":40}},"1":{"start":{"line":2,"column":0},"end":{"line":2,"column":49}},"2":{"start":{"line":3,"column":0},"end":{"line":3,"column":69}},"3":{"start":{"line":4,"column":0},"end":{"line":4,"column":77}},"4":{"start":{"line":5,"column":0},"end":{"line":5,"column":73}},"5":{"start":{"line":16,"column":7},"end":{"line":16,"column":null}},"6":{"start":{"line":16,"column":13},"end":{"line":16,"column":22}},"7":{"start":{"line":16,"column":13},"end":{"line":16,"column":null}}},"fnMap":{},"branchMap":{},"s":{"0":0,"1":0,"2":0,"3":0,"4":0,"5":0,"6":0,"7":0},"f":{},"b":{}}
,"C:\\Users\\aahil\\OneDrive\\Documents\\vs\\Intellidine\\backend\\notification-service\\src\\main.ts": {"path":"C:\\Users\\aahil\\OneDrive\\Documents\\vs\\Intellidine\\backend\\notification-service\\src\\main.ts","statementMap":{"0":{"start":{"line":1,"column":0},"end":{"line":1,"column":26}},"1":{"start":{"line":2,"column":0},"end":{"line":2,"column":43}},"2":{"start":{"line":3,"column":0},"end":{"line":3,"column":41}},"3":{"start":{"line":4,"column":0},"end":{"line":4,"column":55}},"4":{"start":{"line":7,"column":14},"end":{"line":7,"column":49}},"5":{"start":{"line":10,"column":2},"end":{"line":10,"column":46}},"6":{"start":{"line":12,"column":15},"end":{"line":12,"column":65}},"7":{"start":{"line":14,"column":2},"end":{"line":17,"column":5}},"8":{"start":{"line":19,"column":2},"end":{"line":21,"column":5}},"9":{"start":{"line":20,"column":4},"end":{"line":20,"column":64}},"10":{"start":{"line":24,"column":0},"end":{"line":24,"column":12}}},"fnMap":{"0":{"name":"bootstrap","decl":{"start":{"line":6,"column":15},"end":{"line":6,"column":24}},"loc":{"start":{"line":6,"column":24},"end":{"line":22,"column":1}}},"1":{"name":"(anonymous_1)","decl":{"start":{"line":19,"column":25},"end":{"line":19,"column":28}},"loc":{"start":{"line":19,"column":30},"end":{"line":21,"column":3}}}},"branchMap":{"0":{"loc":{"start":{"line":12,"column":15},"end":{"line":12,"column":65}},"type":"cond-expr","locations":[{"start":{"line":12,"column":34},"end":{"line":12,"column":58}},{"start":{"line":12,"column":61},"end":{"line":12,"column":65}}]}},"s":{"0":0,"1":0,"2":0,"3":0,"4":0,"5":0,"6":0,"7":0,"8":0,"9":0,"10":0},"f":{"0":0,"1":0},"b":{"0":[0,0]}}
,"C:\\Users\\aahil\\OneDrive\\Documents\\vs\\Intellidine\\backend\\notification-service\\src\\dto\\socket-event.dto.ts": {"path":"C:\\Users\\aahil\\OneDrive\\Documents\\vs\\Intellidine\\backend\\notification-service\\src\\dto\\socket-event.dto.ts","statementMap":{"0":{"start":{"line":1,"column":0},"end":{"line":1,"column":13}},"1":{"start":{"line":26,"column":0},"end":{"line":26,"column":13}},"2":{"start":{"line":31,"column":0},"end":{"line":31,"column":13}},"3":{"start":{"line":37,"column":0},"end":{"line":37,"column":13}}},"fnMap":{},"branchMap":{},"s":{"0":0,"1":0,"2":0,"3":0},"f":{},"b":{}}
,"C:\\Users\\aahil\\OneDrive\\Documents\\vs\\Intellidine\\backend\\notification-service\\src\\gateway\\notification.gateway.ts": {"path":"C:\\Users\\aahil\\OneDrive\\Documents\\vs\\Intellidine\\backend\\notification-service\\src\\gateway\\notification.gateway.ts","statementMap":{"0":{"start":{"line":1,"column":0},"end":{"line":1,"column":null}},"1":{"start":{"line":8,"column":0},"end":{"line":8,"column":43}},"2":{"start":{"line":9,"column":0},"end":{"line":9,"column":40}},"3":{"start":{"line":10,"column":0},"end":{"line":10,"column":78}},"4":{"start":{"line":16,"column":32},"end":{"line":125,"column":null}},"5":{"start":{"line":25,"column":31},"end":{"line":25,"column":49}},"6":{"start":{"line":22,"column":19},"end":{"line":22,"column":65}},"7":{"start":{"line":23,"column":10},"end":{"line":23,"column":59}},"8":{"start":{"line":26,"column":4},"end":{"line":26,"column":49}},"9":{"start":{"line":30,"column":21},"end":{"line":30,"column":30}},"10":{"start":{"line":31,"column":41},"end":{"line":31,"column":63}},"11":{"start":{"line":33,"column":21},"end":{"line":33,"column":87}},"12":{"start":{"line":35,"column":35},"end":{"line":41,"column":6}},"13":{"start":{"line":43,"column":4},"end":{"line":43,"column":52}},"14":{"start":{"line":44,"column":4},"end":{"line":46,"column":6}},"15":{"start":{"line":49,"column":4},"end":{"line":52,"column":7}},"16":{"start":{"line":56,"column":21},"end":{"line":56,"column":30}},"17":{"start":{"line":57,"column":23},"end":{"line":57,"column":58}},"18":{"start":{"line":59,"column":4},"end":{"line":59,"column":43}},"19":{"start":{"line":60,"column":4},"end":{"line":62,"column":6}},"20":{"start":{"line":67,"column":21},"end":{"line":67,"column":47}},"21":{"start":{"line":68,"column":4},"end":{"line":68,"column":26}},"22":{"start":{"line":69,"column":4},"end":{"line":69,"column":69}},"23":{"start":{"line":70,"column":4},"end":{"line":70,"column":45}},"24":{"start":{"line":75,"column":21},"end":{"line":75,"column":47}},"25":{"start":{"line":76,"column":4},"end":{"line":76,"column":27}},"26":{"start":{"line":77,"column":4},"end":{"line":77,"column":73}},"27":{"start":{"line":78,"column":4},"end":{"line":78,"column":45}},"28":{"start":{"line":83,"column":21},"end":{"line":83,"column":48}},"29":{"start":{"line":84,"column":4},"end":{"line":84,"column":26}},"30":{"start":{"line":85,"column":4},"end":{"line":85,"column":69}},"31":{"start":{"line":86,"column":4},"end":{"line":86,"column":45}},"32":{"start":{"line":91,"column":21},"end":{"line":91,"column":48}},"33":{"start":{"line":92,"column":4},"end":{"line":92,"column":27}},"34":{"start":{"line":93,"column":4},"end":{"line":93,"column":73}},"35":{"start":{"line":94,"column":4},"end":{"line":94,"column":45}},"36":{"start":{"line":99,"column":21},"end":{"line":99,"column":49}},"37":{"start":{"line":100,"column":4},"end":{"line":100,"column":26}},"38":{"start":{"line":101,"column":4},"end":{"line":101,"column":69}},"39":{"start":{"line":102,"column":4},"end":{"line":102,"column":45}},"40":{"start":{"line":107,"column":21},"end":{"line":107,"column":49}},"41":{"start":{"line":108,"column":4},"end":{"line":108,"column":27}},"42":{"start":{"line":109,"column":4},"end":{"line":109,"column":73}},"43":{"start":{"line":110,"column":4},"end":{"line":110,"column":45}},"44":{"start":{"line":115,"column":4},"end":{"line":115,"column":26}},"45":{"start":{"line":119,"column":4},"end":{"line":119,"column":38}},"46":{"start":{"line":123,"column":4},"end":{"line":123,"column":47}},"47":{"start":{"line":16,"column":13},"end":{"line":16,"column":32}},"48":{"start":{"line":20,"column":2},"end":{"line":20,"column":null}},"49":{"start":{"line":66,"column":2},"end":{"line":71,"column":null}},"50":{"start":{"line":74,"column":2},"end":{"line":79,"column":null}},"51":{"start":{"line":82,"column":2},"end":{"line":87,"column":null}},"52":{"start":{"line":90,"column":2},"end":{"line":95,"column":null}},"53":{"start":{"line":98,"column":2},"end":{"line":103,"column":null}},"54":{"start":{"line":106,"column":2},"end":{"line":111,"column":null}},"55":{"start":{"line":114,"column":2},"end":{"line":116,"column":null}},"56":{"start":{"line":16,"column":13},"end":{"line":125,"column":null}}},"fnMap":{"0":{"name":"(anonymous_2)","decl":{"start":{"line":25,"column":2},"end":{"line":25,"column":31}},"loc":{"start":{"line":25,"column":71},"end":{"line":27,"column":3}}},"1":{"name":"(anonymous_3)","decl":{"start":{"line":29,"column":2},"end":{"line":29,"column":18}},"loc":{"start":{"line":29,"column":33},"end":{"line":53,"column":3}}},"2":{"name":"(anonymous_4)","decl":{"start":{"line":55,"column":2},"end":{"line":55,"column":18}},"loc":{"start":{"line":55,"column":33},"end":{"line":63,"column":3}}},"3":{"name":"(anonymous_5)","decl":{"start":{"line":66,"column":2},"end":{"line":66,"column":23}},"loc":{"start":{"line":66,"column":67},"end":{"line":71,"column":3}}},"4":{"name":"(anonymous_6)","decl":{"start":{"line":74,"column":2},"end":{"line":74,"column":25}},"loc":{"start":{"line":74,"column":69},"end":{"line":79,"column":3}}},"5":{"name":"(anonymous_7)","decl":{"start":{"line":82,"column":2},"end":{"line":82,"column":24}},"loc":{"start":{"line":82,"column":68},"end":{"line":87,"column":3}}},"6":{"name":"(anonymous_8)","decl":{"start":{"line":90,"column":2},"end":{"line":90,"column":26}},"loc":{"start":{"line":90,"column":70},"end":{"line":95,"column":3}}},"7":{"name":"(anonymous_9)","decl":{"start":{"line":98,"column":2},"end":{"line":98,"column":25}},"loc":{"start":{"line":98,"column":69},"end":{"line":103,"column":3}}},"8":{"name":"(anonymous_10)","decl":{"start":{"line":106,"column":2},"end":{"line":106,"column":27}},"loc":{"start":{"line":106,"column":71},"end":{"line":111,"column":3}}},"9":{"name":"(anonymous_11)","decl":{"start":{"line":114,"column":2},"end":{"line":114,"column":12}},"loc":{"start":{"line":114,"column":27},"end":{"line":116,"column":3}}},"10":{"name":"(anonymous_12)","decl":{"start":{"line":118,"column":2},"end":{"line":118,"column":26}},"loc":{"start":{"line":118,"column":26},"end":{"line":120,"column":3}}},"11":{"name":"(anonymous_13)","decl":{"start":{"line":122,"column":2},"end":{"line":122,"column":15}},"loc":{"start":{"line":122,"column":32},"end":{"line":124,"column":3}}}},"branchMap":{"0":{"loc":{"start":{"line":33,"column":21},"end":{"line":33,"column":87}},"type":"cond-expr","locations":[{"start":{"line":33,"column":67},"end":{"line":33,"column":74}},{"start":{"line":33,"column":77},"end":{"line":33,"column":87}}]},"1":{"loc":{"start":{"line":33,"column":22},"end":{"line":33,"column":52}},"type":"cond-expr","locations":[{"start":{"line":33,"column":26},"end":{"line":33,"column":37}},{"start":{"line":33,"column":22},"end":{"line":33,"column":52}}]},"2":{"loc":{"start":{"line":33,"column":22},"end":{"line":33,"column":37}},"type":"binary-expr","locations":[{"start":{"line":33,"column":22},"end":{"line":33,"column":39}},{"start":{"line":33,"column":22},"end":{"line":33,"column":37}}]},"3":{"loc":{"start":{"line":61,"column":49},"end":{"line":61,"column":67}},"type":"cond-expr","locations":[{"start":{"line":61,"column":59},"end":{"line":61,"column":61}},{"start":{"line":61,"column":49},"end":{"line":61,"column":67}}]},"4":{"loc":{"start":{"line":61,"column":49},"end":{"line":61,"column":61}},"type":"binary-expr","locations":[{"start":{"line":61,"column":49},"end":{"line":61,"column":61}},{"start":{"line":61,"column":49},"end":{"line":61,"column":61}}]}},"s":{"0":0,"1":0,"2":0,"3":0,"4":0,"5":0,"6":0,"7":0,"8":0,"9":0,"10":0,"11":0,"12":0,"13":0,"14":0,"15":0,"16":0,"17":0,"18":0,"19":0,"20":0,"21":0,"22":0,"23":0,"24":0,"25":0,"26":0,"27":0,"28":0,"29":0,"30":0,"31":0,"32":0,"33":0,"34":0,"35":0,"36":0,"37":0,"38":0,"39":0,"40":0,"41":0,"42":0,"43":0,"44":0,"45":0,"46":0,"47":0,"48":0,"49":0,"50":0,"51":0,"52":0,"53":0,"54":0,"55":0,"56":0},"f":{"0":0,"1":0,"2":0,"3":0,"4":0,"5":0,"6":0,"7":0,"8":0,"9":0,"10":0,"11":0},"b":{"0":[0,0],"1":[0,0],"2":[0,0],"3":[0,0],"4":[0,0]}}
,"C:\\Users\\aahil\\OneDrive\\Documents\\vs\\Intellidine\\backend\\notification-service\\src\\services\\kafka-consumer.service.ts": {"path":"C:\\Users\\aahil\\OneDrive\\Documents\\vs\\Intellidine\\backend\\notification-service\\src\\services\\kafka-consumer.service.ts","statementMap":{"0":{"start":{"line":1,"column":0},"end":{"line":1,"column":66}},"1":{"start":{"line":2,"column":0},"end":{"line":2,"column":52}},"2":{"start":{"line":3,"column":0},"end":{"line":3,"column":68}},"3":{"start":{"line":6,"column":33},"end":{"line":224,"column":null}},"4":{"start":{"line":12,"column":31},"end":{"line":12,"column":49}},"5":{"start":{"line":7,"column":19},"end":{"line":7,"column":66}},"6":{"start":{"line":10,"column":10},"end":{"line":10,"column":30}},"7":{"start":{"line":13,"column":24},"end":{"line":13,"column":64}},"8":{"start":{"line":14,"column":4},"end":{"line":18,"column":7}},"9":{"start":{"line":19,"column":4},"end":{"line":19,"column":77}},"10":{"start":{"line":23,"column":4},"end":{"line":28,"column":5}},"11":{"start":{"line":24,"column":6},"end":{"line":24,"column":35}},"12":{"start":{"line":25,"column":6},"end":{"line":25,"column":37}},"13":{"start":{"line":27,"column":6},"end":{"line":27,"column":70}},"14":{"start":{"line":32,"column":4},"end":{"line":40,"column":5}},"15":{"start":{"line":33,"column":6},"end":{"line":33,"column":36}},"16":{"start":{"line":34,"column":6},"end":{"line":34,"column":30}},"17":{"start":{"line":35,"column":6},"end":{"line":35,"column":50}},"18":{"start":{"line":37,"column":6},"end":{"line":37,"column":67}},"19":{"start":{"line":39,"column":6},"end":{"line":39,"column":53}},"20":{"start":{"line":39,"column":23},"end":{"line":39,"column":45}},"21":{"start":{"line":44,"column":4},"end":{"line":47,"column":5}},"22":{"start":{"line":45,"column":6},"end":{"line":45,"column":72}},"23":{"start":{"line":46,"column":6},"end":{"line":46,"column":13}},"24":{"start":{"line":49,"column":4},"end":{"line":77,"column":5}},"25":{"start":{"line":50,"column":6},"end":{"line":50,"column":85}},"26":{"start":{"line":51,"column":6},"end":{"line":72,"column":9}},"27":{"start":{"line":53,"column":10},"end":{"line":70,"column":11}},"28":{"start":{"line":54,"column":26},"end":{"line":54,"column":62}},"29":{"start":{"line":55,"column":12},"end":{"line":55,"column":78}},"30":{"start":{"line":57,"column":12},"end":{"line":67,"column":13}},"31":{"start":{"line":59,"column":16},"end":{"line":59,"column":51}},"32":{"start":{"line":60,"column":16},"end":{"line":60,"column":22}},"33":{"start":{"line":62,"column":16},"end":{"line":62,"column":53}},"34":{"start":{"line":63,"column":16},"end":{"line":63,"column":22}},"35":{"start":{"line":65,"column":16},"end":{"line":65,"column":55}},"36":{"start":{"line":66,"column":16},"end":{"line":66,"column":22}},"37":{"start":{"line":69,"column":12},"end":{"line":69,"column":79}},"38":{"start":{"line":74,"column":6},"end":{"line":74,"column":90}},"39":{"start":{"line":76,"column":6},"end":{"line":76,"column":64}},"40":{"start":{"line":81,"column":33},"end":{"line":81,"column":38}},"41":{"start":{"line":82,"column":49},"end":{"line":82,"column":53}},"42":{"start":{"line":84,"column":4},"end":{"line":84,"column":63}},"43":{"start":{"line":86,"column":4},"end":{"line":138,"column":5}},"44":{"start":{"line":89,"column":8},"end":{"line":94,"column":11}},"45":{"start":{"line":95,"column":8},"end":{"line":95,"column":14}},"46":{"start":{"line":99,"column":8},"end":{"line":107,"column":10}},"47":{"start":{"line":108,"column":8},"end":{"line":111,"column":11}},"48":{"start":{"line":112,"column":8},"end":{"line":112,"column":14}},"49":{"start":{"line":116,"column":8},"end":{"line":119,"column":11}},"50":{"start":{"line":121,"column":8},"end":{"line":123,"column":11}},"51":{"start":{"line":124,"column":8},"end":{"line":124,"column":14}},"52":{"start":{"line":128,"column":8},"end":{"line":131,"column":11}},"53":{"start":{"line":132,"column":8},"end":{"line":136,"column":11}},"54":{"start":{"line":137,"column":8},"end":{"line":137,"column":14}},"55":{"start":{"line":142,"column":33},"end":{"line":142,"column":38}},"56":{"start":{"line":143,"column":49},"end":{"line":143,"column":53}},"57":{"start":{"line":145,"column":4},"end":{"line":145,"column":65}},"58":{"start":{"line":147,"column":4},"end":{"line":174,"column":5}},"59":{"start":{"line":150,"column":8},"end":{"line":159,"column":10}},"60":{"start":{"line":161,"column":8},"end":{"line":164,"column":11}},"61":{"start":{"line":165,"column":8},"end":{"line":165,"column":14}},"62":{"start":{"line":169,"column":8},"end":{"line":172,"column":11}},"63":{"start":{"line":173,"column":8},"end":{"line":173,"column":14}},"64":{"start":{"line":178,"column":33},"end":{"line":178,"column":38}},"65":{"start":{"line":179,"column":26},"end":{"line":179,"column":30}},"66":{"start":{"line":181,"column":4},"end":{"line":181,"column":67}},"67":{"start":{"line":183,"column":4},"end":{"line":210,"column":5}},"68":{"start":{"line":186,"column":8},"end":{"line":191,"column":11}},"69":{"start":{"line":192,"column":8},"end":{"line":192,"column":14}},"70":{"start":{"line":196,"column":8},"end":{"line":200,"column":11}},"71":{"start":{"line":201,"column":8},"end":{"line":201,"column":14}},"72":{"start":{"line":205,"column":8},"end":{"line":208,"column":11}},"73":{"start":{"line":209,"column":8},"end":{"line":209,"column":14}},"74":{"start":{"line":214,"column":4},"end":{"line":222,"column":5}},"75":{"start":{"line":215,"column":6},"end":{"line":219,"column":7}},"76":{"start":{"line":216,"column":8},"end":{"line":216,"column":41}},"77":{"start":{"line":217,"column":8},"end":{"line":217,"column":33}},"78":{"start":{"line":218,"column":8},"end":{"line":218,"column":55}},"79":{"start":{"line":221,"column":6},"end":{"line":221,"column":69}},"80":{"start":{"line":6,"column":13},"end":{"line":6,"column":33}},"81":{"start":{"line":6,"column":13},"end":{"line":224,"column":null}}},"fnMap":{"0":{"name":"(anonymous_2)","decl":{"start":{"line":12,"column":2},"end":{"line":12,"column":31}},"loc":{"start":{"line":12,"column":71},"end":{"line":20,"column":3}}},"1":{"name":"(anonymous_3)","decl":{"start":{"line":22,"column":2},"end":{"line":22,"column":7}},"loc":{"start":{"line":22,"column":20},"end":{"line":29,"column":3}}},"2":{"name":"(anonymous_4)","decl":{"start":{"line":31,"column":10},"end":{"line":31,"column":15}},"loc":{"start":{"line":31,"column":31},"end":{"line":41,"column":3}}},"3":{"name":"(anonymous_5)","decl":{"start":{"line":39,"column":17},"end":{"line":39,"column":20}},"loc":{"start":{"line":39,"column":23},"end":{"line":39,"column":45}}},"4":{"name":"(anonymous_6)","decl":{"start":{"line":43,"column":10},"end":{"line":43,"column":15}},"loc":{"start":{"line":43,"column":33},"end":{"line":78,"column":3}}},"5":{"name":"(anonymous_7)","decl":{"start":{"line":52,"column":21},"end":{"line":52,"column":26}},"loc":{"start":{"line":52,"column":61},"end":{"line":71,"column":9}}},"6":{"name":"(anonymous_8)","decl":{"start":{"line":80,"column":10},"end":{"line":80,"column":15}},"loc":{"start":{"line":80,"column":43},"end":{"line":139,"column":3}}},"7":{"name":"(anonymous_9)","decl":{"start":{"line":141,"column":10},"end":{"line":141,"column":15}},"loc":{"start":{"line":141,"column":45},"end":{"line":175,"column":3}}},"8":{"name":"(anonymous_10)","decl":{"start":{"line":177,"column":10},"end":{"line":177,"column":15}},"loc":{"start":{"line":177,"column":47},"end":{"line":211,"column":3}}},"9":{"name":"(anonymous_11)","decl":{"start":{"line":213,"column":2},"end":{"line":213,"column":7}},"loc":{"start":{"line":213,"column":18},"end":{"line":223,"column":3}}}},"branchMap":{"0":{"loc":{"start":{"line":13,"column":24},"end":{"line":13,"column":64}},"type":"binary-expr","locations":[{"start":{"line":13,"column":24},"end":{"line":13,"column":48}},{"start":{"line":13,"column":52},"end":{"line":13,"column":64}}]},"1":{"loc":{"start":{"line":44,"column":4},"end":{"line":47,"column":5}},"type":"if","locations":[{"start":{"line":44,"column":4},"end":{"line":47,"column":5}}]},"2":{"loc":{"start":{"line":57,"column":12},"end":{"line":67,"column":13}},"type":"switch","locations":[{"start":{"line":58,"column":14},"end":{"line":60,"column":22}},{"start":{"line":61,"column":14},"end":{"line":63,"column":22}},{"start":{"line":64,"column":14},"end":{"line":66,"column":22}}]},"3":{"loc":{"start":{"line":86,"column":4},"end":{"line":138,"column":5}},"type":"switch","locations":[{"start":{"line":87,"column":6},"end":{"line":95,"column":14}},{"start":{"line":97,"column":6},"end":{"line":112,"column":14}},{"start":{"line":114,"column":6},"end":{"line":124,"column":14}},{"start":{"line":126,"column":6},"end":{"line":137,"column":14}}]},"4":{"loc":{"start":{"line":147,"column":4},"end":{"line":174,"column":5}},"type":"switch","locations":[{"start":{"line":148,"column":6},"end":{"line":165,"column":14}},{"start":{"line":167,"column":6},"end":{"line":173,"column":14}}]},"5":{"loc":{"start":{"line":183,"column":4},"end":{"line":210,"column":5}},"type":"switch","locations":[{"start":{"line":184,"column":6},"end":{"line":192,"column":14}},{"start":{"line":194,"column":6},"end":{"line":201,"column":14}},{"start":{"line":203,"column":6},"end":{"line":209,"column":14}}]},"6":{"loc":{"start":{"line":215,"column":6},"end":{"line":219,"column":7}},"type":"if","locations":[{"start":{"line":215,"column":6},"end":{"line":219,"column":7}}]}},"s":{"0":1,"1":1,"2":1,"3":1,"4":0,"5":0,"6":0,"7":0,"8":0,"9":0,"10":0,"11":0,"12":0,"13":0,"14":0,"15":0,"16":0,"17":0,"18":0,"19":0,"20":0,"21":0,"22":0,"23":0,"24":0,"25":0,"26":0,"27":0,"28":0,"29":0,"30":0,"31":0,"32":0,"33":0,"34":0,"35":0,"36":0,"37":0,"38":0,"39":0,"40":0,"41":0,"42":0,"43":0,"44":0,"45":0,"46":0,"47":0,"48":0,"49":0,"50":0,"51":0,"52":0,"53":0,"54":0,"55":0,"56":0,"57":0,"58":0,"59":0,"60":0,"61":0,"62":0,"63":0,"64":0,"65":0,"66":0,"67":0,"68":0,"69":0,"70":0,"71":0,"72":0,"73":0,"74":0,"75":0,"76":0,"77":0,"78":0,"79":0,"80":1,"81":1},"f":{"0":0,"1":0,"2":0,"3":0,"4":0,"5":0,"6":0,"7":0,"8":0,"9":0},"b":{"0":[0,0],"1":[0],"2":[0,0,0],"3":[0,0,0,0],"4":[0,0],"5":[0,0,0],"6":[0]}}
,"C:\\Users\\aahil\\OneDrive\\Documents\\vs\\Intellidine\\backend\\notification-service\\src\\services\\socket-broadcast.service.ts": {"path":"C:\\Users\\aahil\\OneDrive\\Documents\\vs\\Intellidine\\backend\\notification-service\\src\\services\\socket-broadcast.service.ts","statementMap":{"0":{"start":{"line":1,"column":0},"end":{"line":1,"column":52}},"1":{"start":{"line":5,"column":35},"end":{"line":136,"column":null}},"2":{"start":{"line":7,"column":19},"end":{"line":7,"column":68}},"3":{"start":{"line":10,"column":4},"end":{"line":10,"column":25}},"4":{"start":{"line":21,"column":4},"end":{"line":21,"column":29}},"5":{"start":{"line":21,"column":22},"end":{"line":21,"column":29}},"6":{"start":{"line":23,"column":21},"end":{"line":23,"column":41}},"7":{"start":{"line":24,"column":4},"end":{"line":28,"column":7}},"8":{"start":{"line":30,"column":4},"end":{"line":32,"column":6}},"9":{"start":{"line":43,"column":4},"end":{"line":43,"column":29}},"10":{"start":{"line":43,"column":22},"end":{"line":43,"column":29}},"11":{"start":{"line":45,"column":21},"end":{"line":45,"column":42}},"12":{"start":{"line":46,"column":4},"end":{"line":50,"column":7}},"13":{"start":{"line":52,"column":4},"end":{"line":54,"column":6}},"14":{"start":{"line":69,"column":4},"end":{"line":69,"column":29}},"15":{"start":{"line":69,"column":22},"end":{"line":69,"column":29}},"16":{"start":{"line":71,"column":21},"end":{"line":71,"column":43}},"17":{"start":{"line":72,"column":4},"end":{"line":76,"column":7}},"18":{"start":{"line":78,"column":4},"end":{"line":80,"column":6}},"19":{"start":{"line":92,"column":4},"end":{"line":92,"column":29}},"20":{"start":{"line":92,"column":22},"end":{"line":92,"column":29}},"21":{"start":{"line":94,"column":21},"end":{"line":94,"column":53}},"22":{"start":{"line":95,"column":4},"end":{"line":99,"column":7}},"23":{"start":{"line":101,"column":4},"end":{"line":101,"column":70}},"24":{"start":{"line":108,"column":4},"end":{"line":108,"column":31}},"25":{"start":{"line":108,"column":22},"end":{"line":108,"column":31}},"26":{"start":{"line":109,"column":4},"end":{"line":109,"column":43}},"27":{"start":{"line":116,"column":4},"end":{"line":116,"column":29}},"28":{"start":{"line":116,"column":22},"end":{"line":116,"column":29}},"29":{"start":{"line":119,"column":18},"end":{"line":119,"column":70}},"30":{"start":{"line":120,"column":24},"end":{"line":121,"column":null}},"31":{"start":{"line":121,"column":16},"end":{"line":121,"column":72}},"32":{"start":{"line":124,"column":4},"end":{"line":130,"column":7}},"33":{"start":{"line":125,"column":6},"end":{"line":129,"column":9}},"34":{"start":{"line":132,"column":4},"end":{"line":134,"column":6}},"35":{"start":{"line":5,"column":13},"end":{"line":5,"column":35}},"36":{"start":{"line":5,"column":13},"end":{"line":136,"column":null}}},"fnMap":{"0":{"name":"(anonymous_1)","decl":{"start":{"line":5,"column":7},"end":{"line":5,"column":13}},"loc":{"start":{"line":5,"column":7},"end":{"line":136,"column":1}}},"1":{"name":"(anonymous_2)","decl":{"start":{"line":9,"column":2},"end":{"line":9,"column":11}},"loc":{"start":{"line":9,"column":26},"end":{"line":11,"column":3}}},"2":{"name":"(anonymous_3)","decl":{"start":{"line":16,"column":2},"end":{"line":16,"column":21}},"loc":{"start":{"line":19,"column":13},"end":{"line":33,"column":3}}},"3":{"name":"(anonymous_4)","decl":{"start":{"line":38,"column":2},"end":{"line":38,"column":23}},"loc":{"start":{"line":41,"column":13},"end":{"line":55,"column":3}}},"4":{"name":"(anonymous_5)","decl":{"start":{"line":60,"column":2},"end":{"line":60,"column":23}},"loc":{"start":{"line":67,"column":13},"end":{"line":81,"column":3}}},"5":{"name":"(anonymous_6)","decl":{"start":{"line":86,"column":2},"end":{"line":86,"column":21}},"loc":{"start":{"line":90,"column":13},"end":{"line":102,"column":3}}},"6":{"name":"(anonymous_7)","decl":{"start":{"line":107,"column":2},"end":{"line":107,"column":26}},"loc":{"start":{"line":107,"column":26},"end":{"line":110,"column":3}}},"7":{"name":"(anonymous_8)","decl":{"start":{"line":115,"column":2},"end":{"line":115,"column":19}},"loc":{"start":{"line":115,"column":66},"end":{"line":135,"column":3}}},"8":{"name":"(anonymous_9)","decl":{"start":{"line":121,"column":6},"end":{"line":121,"column":7}},"loc":{"start":{"line":121,"column":16},"end":{"line":121,"column":72}}},"9":{"name":"(anonymous_10)","decl":{"start":{"line":124,"column":24},"end":{"line":124,"column":25}},"loc":{"start":{"line":124,"column":33},"end":{"line":130,"column":5}}}},"branchMap":{"0":{"loc":{"start":{"line":21,"column":4},"end":{"line":21,"column":29}},"type":"if","locations":[{"start":{"line":21,"column":4},"end":{"line":21,"column":29}}]},"1":{"loc":{"start":{"line":43,"column":4},"end":{"line":43,"column":29}},"type":"if","locations":[{"start":{"line":43,"column":4},"end":{"line":43,"column":29}}]},"2":{"loc":{"start":{"line":69,"column":4},"end":{"line":69,"column":29}},"type":"if","locations":[{"start":{"line":69,"column":4},"end":{"line":69,"column":29}}]},"3":{"loc":{"start":{"line":92,"column":4},"end":{"line":92,"column":29}},"type":"if","locations":[{"start":{"line":92,"column":4},"end":{"line":92,"column":29}}]},"4":{"loc":{"start":{"line":108,"column":4},"end":{"line":108,"column":31}},"type":"if","locations":[{"start":{"line":108,"column":4},"end":{"line":108,"column":31}}]},"5":{"loc":{"start":{"line":116,"column":4},"end":{"line":116,"column":29}},"type":"if","locations":[{"start":{"line":116,"column":4},"end":{"line":116,"column":29}}]},"6":{"loc":{"start":{"line":121,"column":16},"end":{"line":121,"column":72}},"type":"binary-expr","locations":[{"start":{"line":121,"column":16},"end":{"line":121,"column":39}},{"start":{"line":121,"column":43},"end":{"line":121,"column":72}}]}},"s":{"0":1,"1":1,"2":0,"3":0,"4":0,"5":0,"6":0,"7":0,"8":0,"9":0,"10":0,"11":0,"12":0,"13":0,"14":0,"15":0,"16":0,"17":0,"18":0,"19":0,"20":0,"21":0,"22":0,"23":0,"24":0,"25":0,"26":0,"27":0,"28":0,"29":0,"30":0,"31":0,"32":0,"33":0,"34":0,"35":1,"36":1},"f":{"0":0,"1":0,"2":0,"3":0,"4":0,"5":0,"6":0,"7":0,"8":0,"9":0},"b":{"0":[0],"1":[0],"2":[0],"3":[0],"4":[0],"5":[0],"6":[0,0]}}
}
