TN:
SF:src\app.controller.ts
FN:7,(anonymous_4)
FN:13,(anonymous_5)
FN:22,(anonymous_6)
FN:31,(anonymous_7)
FNF:4
FNH:0
FNDA:0,(anonymous_4)
FNDA:0,(anonymous_5)
FNDA:0,(anonymous_6)
FNDA:0,(anonymous_7)
DA:1,1
DA:2,1
DA:3,1
DA:6,1
DA:8,0
DA:9,0
DA:13,1
DA:14,0
DA:22,1
DA:23,0
DA:31,1
DA:32,0
DA:33,0
DA:36,0
DA:44,0
LF:15
LH:7
BRDA:32,0,0,0
BRF:1
BRH:0
end_of_record
TN:
SF:src\app.module.ts
FNF:0
FNH:0
DA:1,0
DA:2,0
DA:3,0
DA:4,0
DA:5,0
DA:16,0
LF:6
LH:0
BRF:0
BRH:0
end_of_record
TN:
SF:src\main.ts
FN:6,bootstrap
FN:19,(anonymous_1)
FNF:2
FNH:0
FNDA:0,bootstrap
FNDA:0,(anonymous_1)
DA:1,0
DA:2,0
DA:3,0
DA:4,0
DA:7,0
DA:10,0
DA:12,0
DA:14,0
DA:19,0
DA:20,0
DA:24,0
LF:11
LH:0
BRDA:12,0,0,0
BRDA:12,0,1,0
BRF:2
BRH:0
end_of_record
TN:
SF:src\dto\socket-event.dto.ts
FNF:0
FNH:0
DA:1,0
DA:26,0
DA:31,0
DA:37,0
LF:4
LH:0
BRF:0
BRH:0
end_of_record
TN:
SF:src\gateway\notification.gateway.ts
FN:25,(anonymous_2)
FN:29,(anonymous_3)
FN:55,(anonymous_4)
FN:66,(anonymous_5)
FN:74,(anonymous_6)
FN:82,(anonymous_7)
FN:90,(anonymous_8)
FN:98,(anonymous_9)
FN:106,(anonymous_10)
FN:114,(anonymous_11)
FN:118,(anonymous_12)
FN:122,(anonymous_13)
FNF:12
FNH:0
FNDA:0,(anonymous_2)
FNDA:0,(anonymous_3)
FNDA:0,(anonymous_4)
FNDA:0,(anonymous_5)
FNDA:0,(anonymous_6)
FNDA:0,(anonymous_7)
FNDA:0,(anonymous_8)
FNDA:0,(anonymous_9)
FNDA:0,(anonymous_10)
FNDA:0,(anonymous_11)
FNDA:0,(anonymous_12)
FNDA:0,(anonymous_13)
DA:1,0
DA:8,0
DA:9,0
DA:10,0
DA:16,0
DA:20,0
DA:22,0
DA:23,0
DA:25,0
DA:26,0
DA:30,0
DA:31,0
DA:33,0
DA:35,0
DA:43,0
DA:44,0
DA:49,0
DA:56,0
DA:57,0
DA:59,0
DA:60,0
DA:66,0
DA:67,0
DA:68,0
DA:69,0
DA:70,0
DA:74,0
DA:75,0
DA:76,0
DA:77,0
DA:78,0
DA:82,0
DA:83,0
DA:84,0
DA:85,0
DA:86,0
DA:90,0
DA:91,0
DA:92,0
DA:93,0
DA:94,0
DA:98,0
DA:99,0
DA:100,0
DA:101,0
DA:102,0
DA:106,0
DA:107,0
DA:108,0
DA:109,0
DA:110,0
DA:114,0
DA:115,0
DA:119,0
DA:123,0
LF:55
LH:0
BRDA:33,0,0,0
BRDA:33,0,1,0
BRDA:33,1,0,0
BRDA:33,1,1,0
BRDA:33,2,0,0
BRDA:33,2,1,0
BRDA:61,3,0,0
BRDA:61,3,1,0
BRDA:61,4,0,0
BRDA:61,4,1,0
BRF:10
BRH:0
end_of_record
TN:
SF:src\services\kafka-consumer.service.ts
FN:12,(anonymous_2)
FN:22,(anonymous_3)
FN:31,(anonymous_4)
FN:39,(anonymous_5)
FN:43,(anonymous_6)
FN:52,(anonymous_7)
FN:80,(anonymous_8)
FN:141,(anonymous_9)
FN:177,(anonymous_10)
FN:213,(anonymous_11)
FNF:10
FNH:0
FNDA:0,(anonymous_2)
FNDA:0,(anonymous_3)
FNDA:0,(anonymous_4)
FNDA:0,(anonymous_5)
FNDA:0,(anonymous_6)
FNDA:0,(anonymous_7)
FNDA:0,(anonymous_8)
FNDA:0,(anonymous_9)
FNDA:0,(anonymous_10)
FNDA:0,(anonymous_11)
DA:1,1
DA:2,1
DA:3,1
DA:6,1
DA:7,0
DA:10,0
DA:12,0
DA:13,0
DA:14,0
DA:19,0
DA:23,0
DA:24,0
DA:25,0
DA:27,0
DA:32,0
DA:33,0
DA:34,0
DA:35,0
DA:37,0
DA:39,0
DA:44,0
DA:45,0
DA:46,0
DA:49,0
DA:50,0
DA:51,0
DA:53,0
DA:54,0
DA:55,0
DA:57,0
DA:59,0
DA:60,0
DA:62,0
DA:63,0
DA:65,0
DA:66,0
DA:69,0
DA:74,0
DA:76,0
DA:81,0
DA:82,0
DA:84,0
DA:86,0
DA:89,0
DA:95,0
DA:99,0
DA:108,0
DA:112,0
DA:116,0
DA:121,0
DA:124,0
DA:128,0
DA:132,0
DA:137,0
DA:142,0
DA:143,0
DA:145,0
DA:147,0
DA:150,0
DA:161,0
DA:165,0
DA:169,0
DA:173,0
DA:178,0
DA:179,0
DA:181,0
DA:183,0
DA:186,0
DA:192,0
DA:196,0
DA:201,0
DA:205,0
DA:209,0
DA:214,0
DA:215,0
DA:216,0
DA:217,0
DA:218,0
DA:221,0
LF:79
LH:4
BRDA:13,0,0,0
BRDA:13,0,1,0
BRDA:44,1,0,0
BRDA:57,2,0,0
BRDA:57,2,1,0
BRDA:57,2,2,0
BRDA:86,3,0,0
BRDA:86,3,1,0
BRDA:86,3,2,0
BRDA:86,3,3,0
BRDA:147,4,0,0
BRDA:147,4,1,0
BRDA:183,5,0,0
BRDA:183,5,1,0
BRDA:183,5,2,0
BRDA:215,6,0,0
BRF:16
BRH:0
end_of_record
TN:
SF:src\services\socket-broadcast.service.ts
FN:5,(anonymous_1)
FN:9,(anonymous_2)
FN:16,(anonymous_3)
FN:38,(anonymous_4)
FN:60,(anonymous_5)
FN:86,(anonymous_6)
FN:107,(anonymous_7)
FN:115,(anonymous_8)
FN:121,(anonymous_9)
FN:124,(anonymous_10)
FNF:10
FNH:0
FNDA:0,(anonymous_1)
FNDA:0,(anonymous_2)
FNDA:0,(anonymous_3)
FNDA:0,(anonymous_4)
FNDA:0,(anonymous_5)
FNDA:0,(anonymous_6)
FNDA:0,(anonymous_7)
FNDA:0,(anonymous_8)
FNDA:0,(anonymous_9)
FNDA:0,(anonymous_10)
DA:1,1
DA:5,1
DA:7,0
DA:10,0
DA:21,0
DA:23,0
DA:24,0
DA:30,0
DA:43,0
DA:45,0
DA:46,0
DA:52,0
DA:69,0
DA:71,0
DA:72,0
DA:78,0
DA:92,0
DA:94,0
DA:95,0
DA:101,0
DA:108,0
DA:109,0
DA:116,0
DA:119,0
DA:120,0
DA:121,0
DA:124,0
DA:125,0
DA:132,0
LF:29
LH:2
BRDA:21,0,0,0
BRDA:43,1,0,0
BRDA:69,2,0,0
BRDA:92,3,0,0
BRDA:108,4,0,0
BRDA:116,5,0,0
BRDA:121,6,0,0
BRDA:121,6,1,0
BRF:8
BRH:0
end_of_record
