{"C:\\Users\\aahil\\OneDrive\\Documents\\vs\\Intellidine\\backend\\discount-engine\\src\\app.controller.ts": {"path":"C:\\Users\\aahil\\OneDrive\\Documents\\vs\\Intellidine\\backend\\discount-engine\\src\\app.controller.ts","statementMap":{"0":{"start":{"line":1,"column":0},"end":{"line":1,"column":83}},"1":{"start":{"line":2,"column":0},"end":{"line":2,"column":70}},"2":{"start":{"line":3,"column":0},"end":{"line":3,"column":null}},"3":{"start":{"line":14,"column":7},"end":{"line":260,"column":null}},"4":{"start":{"line":17,"column":31},"end":{"line":17,"column":51}},"5":{"start":{"line":15,"column":19},"end":{"line":15,"column":67}},"6":{"start":{"line":24,"column":4},"end":{"line":28,"column":6}},"7":{"start":{"line":37,"column":4},"end":{"line":37,"column":73}},"8":{"start":{"line":39,"column":4},"end":{"line":52,"column":5}},"9":{"start":{"line":40,"column":21},"end":{"line":40,"column":71}},"10":{"start":{"line":42,"column":6},"end":{"line":45,"column":8}},"11":{"start":{"line":47,"column":6},"end":{"line":47,"column":64}},"12":{"start":{"line":48,"column":6},"end":{"line":51,"column":8}},"13":{"start":{"line":61,"column":4},"end":{"line":61,"column":61}},"14":{"start":{"line":63,"column":4},"end":{"line":78,"column":5}},"15":{"start":{"line":64,"column":20},"end":{"line":64,"column":68}},"16":{"start":{"line":66,"column":6},"end":{"line":71,"column":8}},"17":{"start":{"line":73,"column":6},"end":{"line":73,"column":58}},"18":{"start":{"line":74,"column":6},"end":{"line":77,"column":8}},"19":{"start":{"line":90,"column":4},"end":{"line":90,"column":73}},"20":{"start":{"line":92,"column":4},"end":{"line":106,"column":5}},"21":{"start":{"line":93,"column":6},"end":{"line":93,"column":54}},"22":{"start":{"line":95,"column":6},"end":{"line":99,"column":8}},"23":{"start":{"line":101,"column":6},"end":{"line":101,"column":55}},"24":{"start":{"line":102,"column":6},"end":{"line":105,"column":8}},"25":{"start":{"line":115,"column":4},"end":{"line":115,"column":47}},"26":{"start":{"line":117,"column":22},"end":{"line":175,"column":6}},"27":{"start":{"line":177,"column":4},"end":{"line":180,"column":6}},"28":{"start":{"line":189,"column":4},"end":{"line":189,"column":77}},"29":{"start":{"line":191,"column":4},"end":{"line":220,"column":5}},"30":{"start":{"line":193,"column":55},"end":{"line":205,"column":8}},"31":{"start":{"line":207,"column":21},"end":{"line":207,"column":77}},"32":{"start":{"line":209,"column":6},"end":{"line":213,"column":8}},"33":{"start":{"line":215,"column":6},"end":{"line":215,"column":63}},"34":{"start":{"line":216,"column":6},"end":{"line":219,"column":8}},"35":{"start":{"line":229,"column":4},"end":{"line":229,"column":70}},"36":{"start":{"line":231,"column":4},"end":{"line":258,"column":5}},"37":{"start":{"line":232,"column":20},"end":{"line":232,"column":68}},"38":{"start":{"line":233,"column":26},"end":{"line":233,"column":53}},"39":{"start":{"line":233,"column":44},"end":{"line":233,"column":52}},"40":{"start":{"line":235,"column":26},"end":{"line":241,"column":8}},"41":{"start":{"line":236,"column":57},"end":{"line":236,"column":95}},"42":{"start":{"line":237,"column":59},"end":{"line":237,"column":99}},"43":{"start":{"line":238,"column":60},"end":{"line":238,"column":101}},"44":{"start":{"line":239,"column":63},"end":{"line":239,"column":107}},"45":{"start":{"line":240,"column":61},"end":{"line":240,"column":103}},"46":{"start":{"line":243,"column":6},"end":{"line":251,"column":8}},"47":{"start":{"line":253,"column":6},"end":{"line":253,"column":58}},"48":{"start":{"line":254,"column":6},"end":{"line":257,"column":8}},"49":{"start":{"line":14,"column":13},"end":{"line":14,"column":26}},"50":{"start":{"line":23,"column":2},"end":{"line":29,"column":null}},"51":{"start":{"line":36,"column":2},"end":{"line":53,"column":null}},"52":{"start":{"line":60,"column":2},"end":{"line":79,"column":null}},"53":{"start":{"line":86,"column":2},"end":{"line":107,"column":null}},"54":{"start":{"line":114,"column":2},"end":{"line":181,"column":null}},"55":{"start":{"line":188,"column":2},"end":{"line":221,"column":null}},"56":{"start":{"line":228,"column":2},"end":{"line":259,"column":null}},"57":{"start":{"line":14,"column":13},"end":{"line":260,"column":null}}},"fnMap":{"0":{"name":"(anonymous_4)","decl":{"start":{"line":17,"column":2},"end":{"line":17,"column":31}},"loc":{"start":{"line":17,"column":69},"end":{"line":17,"column":73}}},"1":{"name":"(anonymous_5)","decl":{"start":{"line":23,"column":2},"end":{"line":23,"column":8}},"loc":{"start":{"line":23,"column":8},"end":{"line":29,"column":3}}},"2":{"name":"(anonymous_6)","decl":{"start":{"line":36,"column":2},"end":{"line":36,"column":19}},"loc":{"start":{"line":36,"column":62},"end":{"line":53,"column":3}}},"3":{"name":"(anonymous_7)","decl":{"start":{"line":60,"column":2},"end":{"line":60,"column":16}},"loc":{"start":{"line":60,"column":62},"end":{"line":79,"column":3}}},"4":{"name":"(anonymous_8)","decl":{"start":{"line":86,"column":2},"end":{"line":86,"column":9}},"loc":{"start":{"line":88,"column":30},"end":{"line":107,"column":3}}},"5":{"name":"(anonymous_9)","decl":{"start":{"line":114,"column":2},"end":{"line":114,"column":18}},"loc":{"start":{"line":114,"column":18},"end":{"line":181,"column":3}}},"6":{"name":"(anonymous_10)","decl":{"start":{"line":188,"column":2},"end":{"line":188,"column":20}},"loc":{"start":{"line":188,"column":66},"end":{"line":221,"column":3}}},"7":{"name":"(anonymous_11)","decl":{"start":{"line":228,"column":2},"end":{"line":228,"column":18}},"loc":{"start":{"line":228,"column":64},"end":{"line":259,"column":3}}},"8":{"name":"(anonymous_12)","decl":{"start":{"line":233,"column":39},"end":{"line":233,"column":40}},"loc":{"start":{"line":233,"column":44},"end":{"line":233,"column":52}}},"9":{"name":"(anonymous_13)","decl":{"start":{"line":236,"column":52},"end":{"line":236,"column":53}},"loc":{"start":{"line":236,"column":57},"end":{"line":236,"column":95}}},"10":{"name":"(anonymous_14)","decl":{"start":{"line":237,"column":54},"end":{"line":237,"column":55}},"loc":{"start":{"line":237,"column":59},"end":{"line":237,"column":99}}},"11":{"name":"(anonymous_15)","decl":{"start":{"line":238,"column":55},"end":{"line":238,"column":56}},"loc":{"start":{"line":238,"column":60},"end":{"line":238,"column":101}}},"12":{"name":"(anonymous_16)","decl":{"start":{"line":239,"column":58},"end":{"line":239,"column":59}},"loc":{"start":{"line":239,"column":63},"end":{"line":239,"column":107}}},"13":{"name":"(anonymous_17)","decl":{"start":{"line":240,"column":56},"end":{"line":240,"column":57}},"loc":{"start":{"line":240,"column":61},"end":{"line":240,"column":103}}}},"branchMap":{"0":{"loc":{"start":{"line":50,"column":15},"end":{"line":50,"column":71}},"type":"cond-expr","locations":[{"start":{"line":50,"column":40},"end":{"line":50,"column":53}},{"start":{"line":50,"column":56},"end":{"line":50,"column":71}}]},"1":{"loc":{"start":{"line":60,"column":34},"end":{"line":60,"column":62}},"type":"default-arg","locations":[{"start":{"line":60,"column":53},"end":{"line":60,"column":62}}]},"2":{"loc":{"start":{"line":76,"column":15},"end":{"line":76,"column":71}},"type":"cond-expr","locations":[{"start":{"line":76,"column":40},"end":{"line":76,"column":53}},{"start":{"line":76,"column":56},"end":{"line":76,"column":71}}]},"3":{"loc":{"start":{"line":87,"column":21},"end":{"line":87,"column":49}},"type":"default-arg","locations":[{"start":{"line":87,"column":40},"end":{"line":87,"column":49}}]},"4":{"loc":{"start":{"line":104,"column":15},"end":{"line":104,"column":71}},"type":"cond-expr","locations":[{"start":{"line":104,"column":40},"end":{"line":104,"column":53}},{"start":{"line":104,"column":56},"end":{"line":104,"column":71}}]},"5":{"loc":{"start":{"line":188,"column":38},"end":{"line":188,"column":66}},"type":"default-arg","locations":[{"start":{"line":188,"column":57},"end":{"line":188,"column":66}}]},"6":{"loc":{"start":{"line":218,"column":15},"end":{"line":218,"column":71}},"type":"cond-expr","locations":[{"start":{"line":218,"column":40},"end":{"line":218,"column":53}},{"start":{"line":218,"column":56},"end":{"line":218,"column":71}}]},"7":{"loc":{"start":{"line":228,"column":36},"end":{"line":228,"column":64}},"type":"default-arg","locations":[{"start":{"line":228,"column":55},"end":{"line":228,"column":64}}]},"8":{"loc":{"start":{"line":256,"column":15},"end":{"line":256,"column":71}},"type":"cond-expr","locations":[{"start":{"line":256,"column":40},"end":{"line":256,"column":53}},{"start":{"line":256,"column":56},"end":{"line":256,"column":71}}]}},"s":{"0":1,"1":1,"2":1,"3":1,"4":0,"5":0,"6":0,"7":0,"8":0,"9":0,"10":0,"11":0,"12":0,"13":0,"14":0,"15":0,"16":0,"17":0,"18":0,"19":0,"20":0,"21":0,"22":0,"23":0,"24":0,"25":0,"26":0,"27":0,"28":0,"29":0,"30":0,"31":0,"32":0,"33":0,"34":0,"35":0,"36":0,"37":0,"38":0,"39":0,"40":0,"41":0,"42":0,"43":0,"44":0,"45":0,"46":0,"47":0,"48":0,"49":1,"50":1,"51":1,"52":1,"53":1,"54":1,"55":1,"56":1,"57":1},"f":{"0":0,"1":0,"2":0,"3":0,"4":0,"5":0,"6":0,"7":0,"8":0,"9":0,"10":0,"11":0,"12":0,"13":0},"b":{"0":[0,0],"1":[0],"2":[0,0],"3":[0],"4":[0,0],"5":[0],"6":[0,0],"7":[0],"8":[0,0]}}
,"C:\\Users\\aahil\\OneDrive\\Documents\\vs\\Intellidine\\backend\\discount-engine\\src\\app.module.ts": {"path":"C:\\Users\\aahil\\OneDrive\\Documents\\vs\\Intellidine\\backend\\discount-engine\\src\\app.module.ts","statementMap":{"0":{"start":{"line":1,"column":0},"end":{"line":1,"column":40}},"1":{"start":{"line":2,"column":0},"end":{"line":2,"column":49}},"2":{"start":{"line":3,"column":0},"end":{"line":3,"column":70}},"3":{"start":{"line":10,"column":7},"end":{"line":10,"column":null}},"4":{"start":{"line":10,"column":13},"end":{"line":10,"column":22}},"5":{"start":{"line":10,"column":13},"end":{"line":10,"column":null}}},"fnMap":{},"branchMap":{},"s":{"0":0,"1":0,"2":0,"3":0,"4":0,"5":0},"f":{},"b":{}}
,"C:\\Users\\aahil\\OneDrive\\Documents\\vs\\Intellidine\\backend\\discount-engine\\src\\main.ts": {"path":"C:\\Users\\aahil\\OneDrive\\Documents\\vs\\Intellidine\\backend\\discount-engine\\src\\main.ts","statementMap":{"0":{"start":{"line":1,"column":0},"end":{"line":1,"column":26}},"1":{"start":{"line":2,"column":0},"end":{"line":2,"column":43}},"2":{"start":{"line":3,"column":0},"end":{"line":3,"column":41}},"3":{"start":{"line":6,"column":14},"end":{"line":6,"column":49}},"4":{"start":{"line":7,"column":15},"end":{"line":7,"column":65}},"5":{"start":{"line":8,"column":2},"end":{"line":8,"column":54}},"6":{"start":{"line":9,"column":2},"end":{"line":9,"column":25}},"7":{"start":{"line":12,"column":0},"end":{"line":12,"column":12}}},"fnMap":{"0":{"name":"bootstrap","decl":{"start":{"line":5,"column":15},"end":{"line":5,"column":24}},"loc":{"start":{"line":5,"column":24},"end":{"line":10,"column":1}}}},"branchMap":{"0":{"loc":{"start":{"line":7,"column":15},"end":{"line":7,"column":65}},"type":"cond-expr","locations":[{"start":{"line":7,"column":34},"end":{"line":7,"column":58}},{"start":{"line":7,"column":61},"end":{"line":7,"column":65}}]}},"s":{"0":0,"1":0,"2":0,"3":0,"4":0,"5":0,"6":0,"7":0},"f":{"0":0},"b":{"0":[0,0]}}
,"C:\\Users\\aahil\\OneDrive\\Documents\\vs\\Intellidine\\backend\\discount-engine\\src\\models\\discount-rule.ts": {"path":"C:\\Users\\aahil\\OneDrive\\Documents\\vs\\Intellidine\\backend\\discount-engine\\src\\models\\discount-rule.ts","statementMap":{"0":{"start":{"line":6,"column":0},"end":{"line":6,"column":null}},"1":{"start":{"line":7,"column":2},"end":{"line":7,"column":null}},"2":{"start":{"line":8,"column":2},"end":{"line":8,"column":null}},"3":{"start":{"line":9,"column":2},"end":{"line":9,"column":null}},"4":{"start":{"line":10,"column":2},"end":{"line":10,"column":null}},"5":{"start":{"line":11,"column":2},"end":{"line":11,"column":null}}},"fnMap":{"0":{"name":"(anonymous_0)","decl":{"start":{"line":6,"column":0},"end":{"line":6,"column":12}},"loc":{"start":{"line":6,"column":28},"end":{"line":12,"column":1}}}},"branchMap":{"0":{"loc":{"start":{"line":6,"column":12},"end":{"line":6,"column":null}},"type":"binary-expr","locations":[{"start":{"line":6,"column":12},"end":{"line":6,"column":28}},{"start":{"line":6,"column":28},"end":{"line":6,"column":null}}]}},"s":{"0":1,"1":1,"2":1,"3":1,"4":1,"5":1},"f":{"0":1},"b":{"0":[1,1]}}
,"C:\\Users\\aahil\\OneDrive\\Documents\\vs\\Intellidine\\backend\\discount-engine\\src\\services\\discount-rule.service.ts": {"path":"C:\\Users\\aahil\\OneDrive\\Documents\\vs\\Intellidine\\backend\\discount-engine\\src\\services\\discount-rule.service.ts","statementMap":{"0":{"start":{"line":1,"column":0},"end":{"line":1,"column":52}},"1":{"start":{"line":2,"column":0},"end":{"line":2,"column":null}},"2":{"start":{"line":21,"column":7},"end":{"line":436,"column":null}},"3":{"start":{"line":22,"column":19},"end":{"line":22,"column":61}},"4":{"start":{"line":25,"column":10},"end":{"line":25,"column":57}},"5":{"start":{"line":29,"column":4},"end":{"line":29,"column":34}},"6":{"start":{"line":36,"column":41},"end":{"line":88,"column":6}},"7":{"start":{"line":90,"column":4},"end":{"line":90,"column":44}},"8":{"start":{"line":97,"column":4},"end":{"line":97,"column":36}},"9":{"start":{"line":98,"column":4},"end":{"line":98,"column":79}},"10":{"start":{"line":105,"column":21},"end":{"line":105,"column":50}},"11":{"start":{"line":106,"column":18},"end":{"line":106,"column":77}},"12":{"start":{"line":108,"column":54},"end":{"line":108,"column":56}},"13":{"start":{"line":109,"column":62},"end":{"line":109,"column":64}},"14":{"start":{"line":112,"column":4},"end":{"line":123,"column":5}},"15":{"start":{"line":113,"column":6},"end":{"line":113,"column":33}},"16":{"start":{"line":113,"column":24},"end":{"line":113,"column":33}},"17":{"start":{"line":115,"column":29},"end":{"line":115,"column":61}},"18":{"start":{"line":116,"column":6},"end":{"line":122,"column":7}},"19":{"start":{"line":117,"column":8},"end":{"line":121,"column":9}},"20":{"start":{"line":118,"column":10},"end":{"line":118,"column":55}},"21":{"start":{"line":120,"column":10},"end":{"line":120,"column":47}},"22":{"start":{"line":126,"column":35},"end":{"line":126,"column":84}},"23":{"start":{"line":128,"column":32},"end":{"line":130,"column":9}},"24":{"start":{"line":132,"column":28},"end":{"line":137,"column":12}},"25":{"start":{"line":139,"column":4},"end":{"line":148,"column":6}},"26":{"start":{"line":155,"column":4},"end":{"line":173,"column":5}},"27":{"start":{"line":157,"column":8},"end":{"line":157,"column":74}},"28":{"start":{"line":160,"column":8},"end":{"line":160,"column":78}},"29":{"start":{"line":163,"column":8},"end":{"line":163,"column":80}},"30":{"start":{"line":166,"column":8},"end":{"line":166,"column":86}},"31":{"start":{"line":169,"column":8},"end":{"line":169,"column":82}},"32":{"start":{"line":172,"column":8},"end":{"line":172,"column":20}},"33":{"start":{"line":183,"column":22},"end":{"line":183,"column":49}},"34":{"start":{"line":184,"column":24},"end":{"line":184,"column":44}},"35":{"start":{"line":185,"column":22},"end":{"line":185,"column":40}},"36":{"start":{"line":188,"column":31},"end":{"line":188,"column":90}},"37":{"start":{"line":189,"column":25},"end":{"line":189,"column":60}},"38":{"start":{"line":191,"column":4},"end":{"line":203,"column":5}},"39":{"start":{"line":192,"column":29},"end":{"line":192,"column":79}},"40":{"start":{"line":194,"column":6},"end":{"line":202,"column":8}},"41":{"start":{"line":205,"column":4},"end":{"line":205,"column":16}},"42":{"start":{"line":215,"column":23},"end":{"line":215,"column":87}},"43":{"start":{"line":215,"column":64},"end":{"line":215,"column":83}},"44":{"start":{"line":217,"column":25},"end":{"line":217,"column":52}},"45":{"start":{"line":218,"column":25},"end":{"line":218,"column":70}},"46":{"start":{"line":220,"column":4},"end":{"line":232,"column":5}},"47":{"start":{"line":221,"column":29},"end":{"line":221,"column":79}},"48":{"start":{"line":223,"column":6},"end":{"line":231,"column":8}},"49":{"start":{"line":234,"column":4},"end":{"line":234,"column":16}},"50":{"start":{"line":245,"column":26},"end":{"line":246,"column":null}},"51":{"start":{"line":246,"column":6},"end":{"line":246,"column":48}},"52":{"start":{"line":249,"column":34},"end":{"line":249,"column":93}},"53":{"start":{"line":249,"column":70},"end":{"line":249,"column":89}},"54":{"start":{"line":251,"column":4},"end":{"line":268,"column":5}},"55":{"start":{"line":253,"column":33},"end":{"line":255,"column":null}},"56":{"start":{"line":254,"column":23},"end":{"line":254,"column":59}},"57":{"start":{"line":257,"column":29},"end":{"line":257,"column":78}},"58":{"start":{"line":259,"column":6},"end":{"line":267,"column":8}},"59":{"start":{"line":270,"column":4},"end":{"line":270,"column":16}},"60":{"start":{"line":280,"column":4},"end":{"line":280,"column":43}},"61":{"start":{"line":280,"column":31},"end":{"line":280,"column":43}},"62":{"start":{"line":282,"column":4},"end":{"line":294,"column":5}},"63":{"start":{"line":283,"column":29},"end":{"line":283,"column":79}},"64":{"start":{"line":285,"column":6},"end":{"line":293,"column":8}},"65":{"start":{"line":296,"column":4},"end":{"line":296,"column":16}},"66":{"start":{"line":308,"column":25},"end":{"line":308,"column":54}},"67":{"start":{"line":310,"column":4},"end":{"line":329,"column":5}},"68":{"start":{"line":311,"column":30},"end":{"line":313,"column":null}},"69":{"start":{"line":316,"column":29},"end":{"line":316,"column":74}},"70":{"start":{"line":318,"column":6},"end":{"line":328,"column":8}},"71":{"start":{"line":331,"column":4},"end":{"line":331,"column":16}},"72":{"start":{"line":343,"column":23},"end":{"line":343,"column":87}},"73":{"start":{"line":343,"column":64},"end":{"line":343,"column":83}},"74":{"start":{"line":344,"column":21},"end":{"line":344,"column":53}},"75":{"start":{"line":345,"column":22},"end":{"line":345,"column":49}},"76":{"start":{"line":346,"column":17},"end":{"line":346,"column":37}},"77":{"start":{"line":353,"column":4},"end":{"line":355,"column":5}},"78":{"start":{"line":354,"column":6},"end":{"line":354,"column":59}},"79":{"start":{"line":357,"column":4},"end":{"line":359,"column":5}},"80":{"start":{"line":358,"column":6},"end":{"line":358,"column":59}},"81":{"start":{"line":361,"column":4},"end":{"line":363,"column":5}},"82":{"start":{"line":362,"column":6},"end":{"line":362,"column":58}},"83":{"start":{"line":365,"column":4},"end":{"line":365,"column":16}},"84":{"start":{"line":376,"column":4},"end":{"line":376,"column":50}},"85":{"start":{"line":376,"column":38},"end":{"line":376,"column":50}},"86":{"start":{"line":379,"column":19},"end":{"line":384,"column":6}},"87":{"start":{"line":380,"column":6},"end":{"line":382,"column":7}},"88":{"start":{"line":381,"column":8},"end":{"line":381,"column":53}},"89":{"start":{"line":383,"column":6},"end":{"line":383,"column":55}},"90":{"start":{"line":387,"column":25},"end":{"line":387,"column":34}},"91":{"start":{"line":388,"column":4},"end":{"line":388,"column":32}},"92":{"start":{"line":390,"column":4},"end":{"line":392,"column":6}},"93":{"start":{"line":394,"column":4},"end":{"line":394,"column":24}},"94":{"start":{"line":401,"column":4},"end":{"line":401,"column":71}},"95":{"start":{"line":408,"column":4},"end":{"line":410,"column":5}},"96":{"start":{"line":409,"column":6},"end":{"line":409,"column":35}},"97":{"start":{"line":411,"column":4},"end":{"line":411,"column":41}},"98":{"start":{"line":412,"column":4},"end":{"line":412,"column":71}},"99":{"start":{"line":419,"column":18},"end":{"line":419,"column":42}},"100":{"start":{"line":420,"column":4},"end":{"line":423,"column":5}},"101":{"start":{"line":421,"column":6},"end":{"line":421,"column":37}},"102":{"start":{"line":422,"column":6},"end":{"line":422,"column":83}},"103":{"start":{"line":430,"column":18},"end":{"line":430,"column":42}},"104":{"start":{"line":431,"column":4},"end":{"line":434,"column":5}},"105":{"start":{"line":432,"column":6},"end":{"line":432,"column":38}},"106":{"start":{"line":433,"column":6},"end":{"line":433,"column":84}},"107":{"start":{"line":21,"column":13},"end":{"line":21,"column":31}},"108":{"start":{"line":21,"column":13},"end":{"line":436,"column":null}}},"fnMap":{"0":{"name":"(anonymous_2)","decl":{"start":{"line":27,"column":2},"end":{"line":27,"column":null}},"loc":{"start":{"line":27,"column":2},"end":{"line":30,"column":3}}},"1":{"name":"(anonymous_3)","decl":{"start":{"line":35,"column":10},"end":{"line":35,"column":32}},"loc":{"start":{"line":35,"column":32},"end":{"line":91,"column":3}}},"2":{"name":"(anonymous_4)","decl":{"start":{"line":96,"column":2},"end":{"line":96,"column":15}},"loc":{"start":{"line":96,"column":55},"end":{"line":99,"column":3}}},"3":{"name":"(anonymous_5)","decl":{"start":{"line":104,"column":2},"end":{"line":104,"column":19}},"loc":{"start":{"line":104,"column":54},"end":{"line":149,"column":3}}},"4":{"name":"(anonymous_6)","decl":{"start":{"line":154,"column":10},"end":{"line":154,"column":22}},"loc":{"start":{"line":154,"column":77},"end":{"line":174,"column":3}}},"5":{"name":"(anonymous_7)","decl":{"start":{"line":179,"column":10},"end":{"line":179,"column":31}},"loc":{"start":{"line":181,"column":38},"end":{"line":206,"column":3}}},"6":{"name":"(anonymous_8)","decl":{"start":{"line":211,"column":10},"end":{"line":211,"column":33}},"loc":{"start":{"line":213,"column":38},"end":{"line":235,"column":3}}},"7":{"name":"(anonymous_9)","decl":{"start":{"line":215,"column":49},"end":{"line":215,"column":50}},"loc":{"start":{"line":215,"column":64},"end":{"line":215,"column":83}}},"8":{"name":"(anonymous_10)","decl":{"start":{"line":240,"column":10},"end":{"line":240,"column":34}},"loc":{"start":{"line":242,"column":38},"end":{"line":271,"column":3}}},"9":{"name":"(anonymous_11)","decl":{"start":{"line":245,"column":52},"end":{"line":245,"column":56}},"loc":{"start":{"line":246,"column":6},"end":{"line":246,"column":48}}},"10":{"name":"(anonymous_12)","decl":{"start":{"line":249,"column":55},"end":{"line":249,"column":56}},"loc":{"start":{"line":249,"column":70},"end":{"line":249,"column":89}}},"11":{"name":"(anonymous_13)","decl":{"start":{"line":254,"column":8},"end":{"line":254,"column":9}},"loc":{"start":{"line":254,"column":23},"end":{"line":254,"column":59}}},"12":{"name":"(anonymous_14)","decl":{"start":{"line":276,"column":10},"end":{"line":276,"column":37}},"loc":{"start":{"line":278,"column":38},"end":{"line":297,"column":3}}},"13":{"name":"(anonymous_15)","decl":{"start":{"line":303,"column":10},"end":{"line":303,"column":35}},"loc":{"start":{"line":305,"column":38},"end":{"line":332,"column":3}}},"14":{"name":"(anonymous_16)","decl":{"start":{"line":338,"column":10},"end":{"line":338,"column":25}},"loc":{"start":{"line":338,"column":60},"end":{"line":366,"column":3}}},"15":{"name":"(anonymous_17)","decl":{"start":{"line":343,"column":49},"end":{"line":343,"column":50}},"loc":{"start":{"line":343,"column":64},"end":{"line":343,"column":83}}},"16":{"name":"(anonymous_18)","decl":{"start":{"line":372,"column":10},"end":{"line":372,"column":28}},"loc":{"start":{"line":374,"column":38},"end":{"line":395,"column":3}}},"17":{"name":"(anonymous_19)","decl":{"start":{"line":379,"column":40},"end":{"line":379,"column":41}},"loc":{"start":{"line":379,"column":49},"end":{"line":384,"column":5}}},"18":{"name":"(anonymous_20)","decl":{"start":{"line":400,"column":2},"end":{"line":400,"column":16}},"loc":{"start":{"line":400,"column":33},"end":{"line":402,"column":3}}},"19":{"name":"(anonymous_21)","decl":{"start":{"line":407,"column":2},"end":{"line":407,"column":9}},"loc":{"start":{"line":407,"column":46},"end":{"line":413,"column":3}}},"20":{"name":"(anonymous_22)","decl":{"start":{"line":418,"column":2},"end":{"line":418,"column":12}},"loc":{"start":{"line":418,"column":75},"end":{"line":424,"column":3}}},"21":{"name":"(anonymous_23)","decl":{"start":{"line":429,"column":2},"end":{"line":429,"column":13}},"loc":{"start":{"line":429,"column":49},"end":{"line":435,"column":3}}}},"branchMap":{"0":{"loc":{"start":{"line":105,"column":21},"end":{"line":105,"column":50}},"type":"binary-expr","locations":[{"start":{"line":105,"column":21},"end":{"line":105,"column":37}},{"start":{"line":105,"column":41},"end":{"line":105,"column":50}}]},"1":{"loc":{"start":{"line":106,"column":18},"end":{"line":106,"column":77}},"type":"binary-expr","locations":[{"start":{"line":106,"column":18},"end":{"line":106,"column":42}},{"start":{"line":106,"column":46},"end":{"line":106,"column":71}},{"start":{"line":106,"column":75},"end":{"line":106,"column":77}}]},"2":{"loc":{"start":{"line":113,"column":6},"end":{"line":113,"column":33}},"type":"if","locations":[{"start":{"line":113,"column":6},"end":{"line":113,"column":33}}]},"3":{"loc":{"start":{"line":116,"column":6},"end":{"line":122,"column":7}},"type":"if","locations":[{"start":{"line":116,"column":6},"end":{"line":122,"column":7}}]},"4":{"loc":{"start":{"line":117,"column":8},"end":{"line":121,"column":9}},"type":"if","locations":[{"start":{"line":117,"column":8},"end":{"line":121,"column":9}},{"start":{"line":119,"column":15},"end":{"line":121,"column":9}}]},"5":{"loc":{"start":{"line":117,"column":12},"end":{"line":117,"column":99}},"type":"binary-expr","locations":[{"start":{"line":117,"column":12},"end":{"line":117,"column":57}},{"start":{"line":117,"column":62},"end":{"line":117,"column":99}}]},"6":{"loc":{"start":{"line":128,"column":32},"end":{"line":130,"column":9}},"type":"cond-expr","locations":[{"start":{"line":129,"column":9},"end":{"line":129,"column":51}},{"start":{"line":130,"column":8},"end":{"line":130,"column":9}}]},"7":{"loc":{"start":{"line":129,"column":9},"end":{"line":129,"column":51}},"type":"binary-expr","locations":[{"start":{"line":129,"column":9},"end":{"line":129,"column":46}},{"start":{"line":129,"column":50},"end":{"line":129,"column":51}}]},"8":{"loc":{"start":{"line":132,"column":28},"end":{"line":137,"column":12}},"type":"cond-expr","locations":[{"start":{"line":132,"column":53},"end":{"line":137,"column":6}},{"start":{"line":137,"column":8},"end":{"line":137,"column":12}}]},"9":{"loc":{"start":{"line":155,"column":4},"end":{"line":173,"column":5}},"type":"switch","locations":[{"start":{"line":156,"column":6},"end":{"line":157,"column":74}},{"start":{"line":159,"column":6},"end":{"line":160,"column":78}},{"start":{"line":162,"column":6},"end":{"line":163,"column":80}},{"start":{"line":165,"column":6},"end":{"line":166,"column":86}},{"start":{"line":168,"column":6},"end":{"line":169,"column":82}},{"start":{"line":171,"column":6},"end":{"line":172,"column":20}}]},"10":{"loc":{"start":{"line":188,"column":31},"end":{"line":188,"column":90}},"type":"binary-expr","locations":[{"start":{"line":188,"column":31},"end":{"line":188,"column":60}},{"start":{"line":188,"column":64},"end":{"line":188,"column":90}}]},"11":{"loc":{"start":{"line":191,"column":4},"end":{"line":203,"column":5}},"type":"if","locations":[{"start":{"line":191,"column":4},"end":{"line":203,"column":5}}]},"12":{"loc":{"start":{"line":191,"column":8},"end":{"line":191,"column":42}},"type":"binary-expr","locations":[{"start":{"line":191,"column":8},"end":{"line":191,"column":26}},{"start":{"line":191,"column":30},"end":{"line":191,"column":42}}]},"13":{"loc":{"start":{"line":218,"column":25},"end":{"line":218,"column":70}},"type":"binary-expr","locations":[{"start":{"line":218,"column":25},"end":{"line":218,"column":39}},{"start":{"line":218,"column":43},"end":{"line":218,"column":70}}]},"14":{"loc":{"start":{"line":220,"column":4},"end":{"line":232,"column":5}},"type":"if","locations":[{"start":{"line":220,"column":4},"end":{"line":232,"column":5}}]},"15":{"loc":{"start":{"line":220,"column":8},"end":{"line":220,"column":36}},"type":"binary-expr","locations":[{"start":{"line":220,"column":8},"end":{"line":220,"column":20}},{"start":{"line":220,"column":24},"end":{"line":220,"column":36}}]},"16":{"loc":{"start":{"line":251,"column":4},"end":{"line":268,"column":5}},"type":"if","locations":[{"start":{"line":251,"column":4},"end":{"line":268,"column":5}}]},"17":{"loc":{"start":{"line":280,"column":4},"end":{"line":280,"column":43}},"type":"if","locations":[{"start":{"line":280,"column":4},"end":{"line":280,"column":43}}]},"18":{"loc":{"start":{"line":282,"column":4},"end":{"line":294,"column":5}},"type":"if","locations":[{"start":{"line":282,"column":4},"end":{"line":294,"column":5}}]},"19":{"loc":{"start":{"line":310,"column":4},"end":{"line":329,"column":5}},"type":"if","locations":[{"start":{"line":310,"column":4},"end":{"line":329,"column":5}}]},"20":{"loc":{"start":{"line":310,"column":8},"end":{"line":310,"column":69}},"type":"binary-expr","locations":[{"start":{"line":310,"column":8},"end":{"line":310,"column":20}},{"start":{"line":310,"column":24},"end":{"line":310,"column":69}}]},"21":{"loc":{"start":{"line":353,"column":4},"end":{"line":355,"column":5}},"type":"if","locations":[{"start":{"line":353,"column":4},"end":{"line":355,"column":5}}]},"22":{"loc":{"start":{"line":353,"column":8},"end":{"line":353,"column":62}},"type":"binary-expr","locations":[{"start":{"line":353,"column":9},"end":{"line":353,"column":19}},{"start":{"line":353,"column":23},"end":{"line":353,"column":32}},{"start":{"line":353,"column":38},"end":{"line":353,"column":48}},{"start":{"line":353,"column":52},"end":{"line":353,"column":61}}]},"23":{"loc":{"start":{"line":357,"column":4},"end":{"line":359,"column":5}},"type":"if","locations":[{"start":{"line":357,"column":4},"end":{"line":359,"column":5}}]},"24":{"loc":{"start":{"line":361,"column":4},"end":{"line":363,"column":5}},"type":"if","locations":[{"start":{"line":361,"column":4},"end":{"line":363,"column":5}}]},"25":{"loc":{"start":{"line":376,"column":4},"end":{"line":376,"column":50}},"type":"if","locations":[{"start":{"line":376,"column":4},"end":{"line":376,"column":50}}]},"26":{"loc":{"start":{"line":380,"column":6},"end":{"line":382,"column":7}},"type":"if","locations":[{"start":{"line":380,"column":6},"end":{"line":382,"column":7}}]},"27":{"loc":{"start":{"line":383,"column":14},"end":{"line":383,"column":31}},"type":"binary-expr","locations":[{"start":{"line":383,"column":14},"end":{"line":383,"column":26}},{"start":{"line":383,"column":30},"end":{"line":383,"column":31}}]},"28":{"loc":{"start":{"line":383,"column":36},"end":{"line":383,"column":53}},"type":"binary-expr","locations":[{"start":{"line":383,"column":36},"end":{"line":383,"column":48}},{"start":{"line":383,"column":52},"end":{"line":383,"column":53}}]},"29":{"loc":{"start":{"line":401,"column":11},"end":{"line":401,"column":70}},"type":"binary-expr","locations":[{"start":{"line":401,"column":11},"end":{"line":401,"column":35}},{"start":{"line":401,"column":39},"end":{"line":401,"column":64}},{"start":{"line":401,"column":68},"end":{"line":401,"column":70}}]},"30":{"loc":{"start":{"line":408,"column":4},"end":{"line":410,"column":5}},"type":"if","locations":[{"start":{"line":408,"column":4},"end":{"line":410,"column":5}}]},"31":{"loc":{"start":{"line":411,"column":4},"end":{"line":411,"column":40}},"type":"cond-expr","locations":[{"start":{"line":411,"column":28},"end":{"line":411,"column":30}},{"start":{"line":411,"column":28},"end":{"line":411,"column":40}}]},"32":{"loc":{"start":{"line":411,"column":4},"end":{"line":411,"column":30}},"type":"binary-expr","locations":[{"start":{"line":411,"column":4},"end":{"line":411,"column":30}},{"start":{"line":411,"column":28},"end":{"line":411,"column":30}}]},"33":{"loc":{"start":{"line":420,"column":4},"end":{"line":423,"column":5}},"type":"if","locations":[{"start":{"line":420,"column":4},"end":{"line":423,"column":5}}]},"34":{"loc":{"start":{"line":420,"column":8},"end":{"line":420,"column":33}},"type":"binary-expr","locations":[{"start":{"line":420,"column":8},"end":{"line":420,"column":13}},{"start":{"line":420,"column":17},"end":{"line":420,"column":33}}]},"35":{"loc":{"start":{"line":431,"column":4},"end":{"line":434,"column":5}},"type":"if","locations":[{"start":{"line":431,"column":4},"end":{"line":434,"column":5}}]},"36":{"loc":{"start":{"line":431,"column":8},"end":{"line":431,"column":33}},"type":"binary-expr","locations":[{"start":{"line":431,"column":8},"end":{"line":431,"column":13}},{"start":{"line":431,"column":17},"end":{"line":431,"column":33}}]}},"s":{"0":1,"1":1,"2":1,"3":0,"4":0,"5":0,"6":0,"7":0,"8":0,"9":0,"10":0,"11":0,"12":0,"13":0,"14":0,"15":0,"16":0,"17":0,"18":0,"19":0,"20":0,"21":0,"22":0,"23":0,"24":0,"25":0,"26":0,"27":0,"28":0,"29":0,"30":0,"31":0,"32":0,"33":0,"34":0,"35":0,"36":0,"37":0,"38":0,"39":0,"40":0,"41":0,"42":0,"43":0,"44":0,"45":0,"46":0,"47":0,"48":0,"49":0,"50":0,"51":0,"52":0,"53":0,"54":0,"55":0,"56":0,"57":0,"58":0,"59":0,"60":0,"61":0,"62":0,"63":0,"64":0,"65":0,"66":0,"67":0,"68":0,"69":0,"70":0,"71":0,"72":0,"73":0,"74":0,"75":0,"76":0,"77":0,"78":0,"79":0,"80":0,"81":0,"82":0,"83":0,"84":0,"85":0,"86":0,"87":0,"88":0,"89":0,"90":0,"91":0,"92":0,"93":0,"94":0,"95":0,"96":0,"97":0,"98":0,"99":0,"100":0,"101":0,"102":0,"103":0,"104":0,"105":0,"106":0,"107":1,"108":1},"f":{"0":0,"1":0,"2":0,"3":0,"4":0,"5":0,"6":0,"7":0,"8":0,"9":0,"10":0,"11":0,"12":0,"13":0,"14":0,"15":0,"16":0,"17":0,"18":0,"19":0,"20":0,"21":0},"b":{"0":[0,0],"1":[0,0,0],"2":[0],"3":[0],"4":[0,0],"5":[0,0],"6":[0,0],"7":[0,0],"8":[0,0],"9":[0,0,0,0,0,0],"10":[0,0],"11":[0],"12":[0,0],"13":[0,0],"14":[0],"15":[0,0],"16":[0],"17":[0],"18":[0],"19":[0],"20":[0,0],"21":[0],"22":[0,0,0,0],"23":[0],"24":[0],"25":[0],"26":[0],"27":[0,0],"28":[0,0],"29":[0,0,0],"30":[0],"31":[0,0],"32":[0,0],"33":[0],"34":[0,0],"35":[0],"36":[0,0]}}
}
