TN:
SF:src\app.controller.ts
FN:17,(anonymous_4)
FN:23,(anonymous_5)
FN:36,(anonymous_6)
FN:60,(anonymous_7)
FN:86,(anonymous_8)
FN:114,(anonymous_9)
FN:188,(anonymous_10)
FN:228,(anonymous_11)
FN:233,(anonymous_12)
FN:236,(anonymous_13)
FN:237,(anonymous_14)
FN:238,(anonymous_15)
FN:239,(anonymous_16)
FN:240,(anonymous_17)
FNF:14
FNH:0
FNDA:0,(anonymous_4)
FNDA:0,(anonymous_5)
FNDA:0,(anonymous_6)
FNDA:0,(anonymous_7)
FNDA:0,(anonymous_8)
FNDA:0,(anonymous_9)
FNDA:0,(anonymous_10)
FNDA:0,(anonymous_11)
FNDA:0,(anonymous_12)
FNDA:0,(anonymous_13)
FNDA:0,(anonymous_14)
FNDA:0,(anonymous_15)
FNDA:0,(anonymous_16)
FNDA:0,(anonymous_17)
DA:1,1
DA:2,1
DA:3,1
DA:14,1
DA:15,0
DA:17,0
DA:23,1
DA:24,0
DA:36,1
DA:37,0
DA:39,0
DA:40,0
DA:42,0
DA:47,0
DA:48,0
DA:60,1
DA:61,0
DA:63,0
DA:64,0
DA:66,0
DA:73,0
DA:74,0
DA:86,1
DA:90,0
DA:92,0
DA:93,0
DA:95,0
DA:101,0
DA:102,0
DA:114,1
DA:115,0
DA:117,0
DA:177,0
DA:188,1
DA:189,0
DA:191,0
DA:193,0
DA:207,0
DA:209,0
DA:215,0
DA:216,0
DA:228,1
DA:229,0
DA:231,0
DA:232,0
DA:233,0
DA:235,0
DA:236,0
DA:237,0
DA:238,0
DA:239,0
DA:240,0
DA:243,0
DA:253,0
DA:254,0
LF:55
LH:11
BRDA:50,0,0,0
BRDA:50,0,1,0
BRDA:60,1,0,0
BRDA:76,2,0,0
BRDA:76,2,1,0
BRDA:87,3,0,0
BRDA:104,4,0,0
BRDA:104,4,1,0
BRDA:188,5,0,0
BRDA:218,6,0,0
BRDA:218,6,1,0
BRDA:228,7,0,0
BRDA:256,8,0,0
BRDA:256,8,1,0
BRF:14
BRH:0
end_of_record
TN:
SF:src\app.module.ts
FNF:0
FNH:0
DA:1,0
DA:2,0
DA:3,0
DA:10,0
LF:4
LH:0
BRF:0
BRH:0
end_of_record
TN:
SF:src\main.ts
FN:5,bootstrap
FNF:1
FNH:0
FNDA:0,bootstrap
DA:1,0
DA:2,0
DA:3,0
DA:6,0
DA:7,0
DA:8,0
DA:9,0
DA:12,0
LF:8
LH:0
BRDA:7,0,0,0
BRDA:7,0,1,0
BRF:2
BRH:0
end_of_record
TN:
SF:src\models\discount-rule.ts
FN:6,(anonymous_0)
FNF:1
FNH:1
FNDA:1,(anonymous_0)
DA:6,1
DA:7,1
DA:8,1
DA:9,1
DA:10,1
DA:11,1
LF:6
LH:6
BRDA:6,0,0,1
BRDA:6,0,1,1
BRF:2
BRH:2
end_of_record
TN:
SF:src\services\discount-rule.service.ts
FN:27,(anonymous_2)
FN:35,(anonymous_3)
FN:96,(anonymous_4)
FN:104,(anonymous_5)
FN:154,(anonymous_6)
FN:179,(anonymous_7)
FN:211,(anonymous_8)
FN:215,(anonymous_9)
FN:240,(anonymous_10)
FN:245,(anonymous_11)
FN:249,(anonymous_12)
FN:254,(anonymous_13)
FN:276,(anonymous_14)
FN:303,(anonymous_15)
FN:338,(anonymous_16)
FN:343,(anonymous_17)
FN:372,(anonymous_18)
FN:379,(anonymous_19)
FN:400,(anonymous_20)
FN:407,(anonymous_21)
FN:418,(anonymous_22)
FN:429,(anonymous_23)
FNF:22
FNH:0
FNDA:0,(anonymous_2)
FNDA:0,(anonymous_3)
FNDA:0,(anonymous_4)
FNDA:0,(anonymous_5)
FNDA:0,(anonymous_6)
FNDA:0,(anonymous_7)
FNDA:0,(anonymous_8)
FNDA:0,(anonymous_9)
FNDA:0,(anonymous_10)
FNDA:0,(anonymous_11)
FNDA:0,(anonymous_12)
FNDA:0,(anonymous_13)
FNDA:0,(anonymous_14)
FNDA:0,(anonymous_15)
FNDA:0,(anonymous_16)
FNDA:0,(anonymous_17)
FNDA:0,(anonymous_18)
FNDA:0,(anonymous_19)
FNDA:0,(anonymous_20)
FNDA:0,(anonymous_21)
FNDA:0,(anonymous_22)
FNDA:0,(anonymous_23)
DA:1,1
DA:2,1
DA:21,1
DA:22,0
DA:25,0
DA:29,0
DA:36,0
DA:90,0
DA:97,0
DA:98,0
DA:105,0
DA:106,0
DA:108,0
DA:109,0
DA:112,0
DA:113,0
DA:115,0
DA:116,0
DA:117,0
DA:118,0
DA:120,0
DA:126,0
DA:128,0
DA:132,0
DA:139,0
DA:155,0
DA:157,0
DA:160,0
DA:163,0
DA:166,0
DA:169,0
DA:172,0
DA:183,0
DA:184,0
DA:185,0
DA:188,0
DA:189,0
DA:191,0
DA:192,0
DA:194,0
DA:205,0
DA:215,0
DA:217,0
DA:218,0
DA:220,0
DA:221,0
DA:223,0
DA:234,0
DA:245,0
DA:246,0
DA:249,0
DA:251,0
DA:253,0
DA:254,0
DA:257,0
DA:259,0
DA:270,0
DA:280,0
DA:282,0
DA:283,0
DA:285,0
DA:296,0
DA:308,0
DA:310,0
DA:311,0
DA:316,0
DA:318,0
DA:331,0
DA:343,0
DA:344,0
DA:345,0
DA:346,0
DA:353,0
DA:354,0
DA:357,0
DA:358,0
DA:361,0
DA:362,0
DA:365,0
DA:376,0
DA:379,0
DA:380,0
DA:381,0
DA:383,0
DA:387,0
DA:388,0
DA:390,0
DA:394,0
DA:401,0
DA:408,0
DA:409,0
DA:411,0
DA:412,0
DA:419,0
DA:420,0
DA:421,0
DA:422,0
DA:430,0
DA:431,0
DA:432,0
DA:433,0
LF:101
LH:3
BRDA:105,0,0,0
BRDA:105,0,1,0
BRDA:106,1,0,0
BRDA:106,1,1,0
BRDA:106,1,2,0
BRDA:113,2,0,0
BRDA:116,3,0,0
BRDA:117,4,0,0
BRDA:117,4,1,0
BRDA:117,5,0,0
BRDA:117,5,1,0
BRDA:128,6,0,0
BRDA:128,6,1,0
BRDA:129,7,0,0
BRDA:129,7,1,0
BRDA:132,8,0,0
BRDA:132,8,1,0
BRDA:155,9,0,0
BRDA:155,9,1,0
BRDA:155,9,2,0
BRDA:155,9,3,0
BRDA:155,9,4,0
BRDA:155,9,5,0
BRDA:188,10,0,0
BRDA:188,10,1,0
BRDA:191,11,0,0
BRDA:191,12,0,0
BRDA:191,12,1,0
BRDA:218,13,0,0
BRDA:218,13,1,0
BRDA:220,14,0,0
BRDA:220,15,0,0
BRDA:220,15,1,0
BRDA:251,16,0,0
BRDA:280,17,0,0
BRDA:282,18,0,0
BRDA:310,19,0,0
BRDA:310,20,0,0
BRDA:310,20,1,0
BRDA:353,21,0,0
BRDA:353,22,0,0
BRDA:353,22,1,0
BRDA:353,22,2,0
BRDA:353,22,3,0
BRDA:357,23,0,0
BRDA:361,24,0,0
BRDA:376,25,0,0
BRDA:380,26,0,0
BRDA:383,27,0,0
BRDA:383,27,1,0
BRDA:383,28,0,0
BRDA:383,28,1,0
BRDA:401,29,0,0
BRDA:401,29,1,0
BRDA:401,29,2,0
BRDA:408,30,0,0
BRDA:411,31,0,0
BRDA:411,31,1,0
BRDA:411,32,0,0
BRDA:411,32,1,0
BRDA:420,33,0,0
BRDA:420,34,0,0
BRDA:420,34,1,0
BRDA:431,35,0,0
BRDA:431,36,0,0
BRDA:431,36,1,0
BRF:66
BRH:0
end_of_record
