{"C:\\Users\\aahil\\OneDrive\\Documents\\vs\\Intellidine\\backend\\menu-service\\src\\app.controller.ts": {"path":"C:\\Users\\aahil\\OneDrive\\Documents\\vs\\Intellidine\\backend\\menu-service\\src\\app.controller.ts","statementMap":{"0":{"start":{"line":1,"column":0},"end":{"line":1,"column":130}},"1":{"start":{"line":2,"column":0},"end":{"line":2,"column":54}},"2":{"start":{"line":3,"column":0},"end":{"line":3,"column":63}},"3":{"start":{"line":4,"column":0},"end":{"line":4,"column":63}},"4":{"start":{"line":5,"column":0},"end":{"line":5,"column":59}},"5":{"start":{"line":7,"column":0},"end":{"line":7,"column":66}},"6":{"start":{"line":10,"column":26},"end":{"line":132,"column":null}},"7":{"start":{"line":13,"column":22},"end":{"line":13,"column":35}},"8":{"start":{"line":11,"column":19},"end":{"line":11,"column":59}},"9":{"start":{"line":17,"column":4},"end":{"line":17,"column":53}},"10":{"start":{"line":26,"column":4},"end":{"line":28,"column":5}},"11":{"start":{"line":27,"column":6},"end":{"line":27,"column":61}},"12":{"start":{"line":30,"column":4},"end":{"line":35,"column":5}},"13":{"start":{"line":31,"column":6},"end":{"line":31,"column":80}},"14":{"start":{"line":33,"column":6},"end":{"line":33,"column":55}},"15":{"start":{"line":34,"column":6},"end":{"line":34,"column":18}},"16":{"start":{"line":44,"column":4},"end":{"line":49,"column":5}},"17":{"start":{"line":45,"column":6},"end":{"line":45,"column":52}},"18":{"start":{"line":47,"column":6},"end":{"line":47,"column":61}},"19":{"start":{"line":48,"column":6},"end":{"line":48,"column":18}},"20":{"start":{"line":58,"column":4},"end":{"line":63,"column":5}},"21":{"start":{"line":59,"column":6},"end":{"line":59,"column":56}},"22":{"start":{"line":61,"column":6},"end":{"line":61,"column":60}},"23":{"start":{"line":62,"column":6},"end":{"line":62,"column":18}},"24":{"start":{"line":80,"column":4},"end":{"line":85,"column":5}},"25":{"start":{"line":81,"column":6},"end":{"line":81,"column":66}},"26":{"start":{"line":83,"column":6},"end":{"line":83,"column":60}},"27":{"start":{"line":84,"column":6},"end":{"line":84,"column":18}},"28":{"start":{"line":103,"column":4},"end":{"line":108,"column":5}},"29":{"start":{"line":104,"column":6},"end":{"line":104,"column":74}},"30":{"start":{"line":106,"column":6},"end":{"line":106,"column":60}},"31":{"start":{"line":107,"column":6},"end":{"line":107,"column":18}},"32":{"start":{"line":124,"column":4},"end":{"line":130,"column":5}},"33":{"start":{"line":125,"column":6},"end":{"line":125,"column":62}},"34":{"start":{"line":126,"column":6},"end":{"line":126,"column":59}},"35":{"start":{"line":128,"column":6},"end":{"line":128,"column":60}},"36":{"start":{"line":129,"column":6},"end":{"line":129,"column":18}},"37":{"start":{"line":10,"column":13},"end":{"line":10,"column":26}},"38":{"start":{"line":16,"column":2},"end":{"line":18,"column":null}},"39":{"start":{"line":25,"column":8},"end":{"line":36,"column":null}},"40":{"start":{"line":43,"column":8},"end":{"line":50,"column":null}},"41":{"start":{"line":57,"column":8},"end":{"line":64,"column":null}},"42":{"start":{"line":76,"column":8},"end":{"line":86,"column":null}},"43":{"start":{"line":98,"column":8},"end":{"line":109,"column":null}},"44":{"start":{"line":120,"column":8},"end":{"line":131,"column":null}},"45":{"start":{"line":10,"column":13},"end":{"line":132,"column":null}}},"fnMap":{"0":{"name":"(anonymous_4)","decl":{"start":{"line":13,"column":2},"end":{"line":13,"column":22}},"loc":{"start":{"line":13,"column":46},"end":{"line":13,"column":50}}},"1":{"name":"(anonymous_5)","decl":{"start":{"line":16,"column":2},"end":{"line":16,"column":8}},"loc":{"start":{"line":16,"column":8},"end":{"line":18,"column":3}}},"2":{"name":"(anonymous_6)","decl":{"start":{"line":25,"column":2},"end":{"line":25,"column":7}},"loc":{"start":{"line":25,"column":47},"end":{"line":36,"column":3}}},"3":{"name":"(anonymous_7)","decl":{"start":{"line":43,"column":2},"end":{"line":43,"column":7}},"loc":{"start":{"line":43,"column":21},"end":{"line":50,"column":3}}},"4":{"name":"(anonymous_8)","decl":{"start":{"line":57,"column":2},"end":{"line":57,"column":7}},"loc":{"start":{"line":57,"column":47},"end":{"line":64,"column":3}}},"5":{"name":"(anonymous_9)","decl":{"start":{"line":76,"column":2},"end":{"line":76,"column":7}},"loc":{"start":{"line":78,"column":34},"end":{"line":86,"column":3}}},"6":{"name":"(anonymous_10)","decl":{"start":{"line":98,"column":2},"end":{"line":98,"column":7}},"loc":{"start":{"line":101,"column":34},"end":{"line":109,"column":3}}},"7":{"name":"(anonymous_11)","decl":{"start":{"line":120,"column":2},"end":{"line":120,"column":7}},"loc":{"start":{"line":122,"column":40},"end":{"line":131,"column":3}}}},"branchMap":{"0":{"loc":{"start":{"line":26,"column":4},"end":{"line":28,"column":5}},"type":"if","locations":[{"start":{"line":26,"column":4},"end":{"line":28,"column":5}}]}},"s":{"0":1,"1":1,"2":1,"3":1,"4":1,"5":1,"6":1,"7":18,"8":18,"9":1,"10":4,"11":1,"12":3,"13":3,"14":1,"15":1,"16":2,"17":2,"18":1,"19":1,"20":2,"21":2,"22":1,"23":1,"24":3,"25":3,"26":2,"27":2,"28":3,"29":3,"30":1,"31":1,"32":3,"33":3,"34":1,"35":2,"36":2,"37":1,"38":1,"39":1,"40":1,"41":1,"42":1,"43":1,"44":1,"45":1},"f":{"0":18,"1":1,"2":4,"3":2,"4":2,"5":3,"6":3,"7":3},"b":{"0":[1]}}
,"C:\\Users\\aahil\\OneDrive\\Documents\\vs\\Intellidine\\backend\\menu-service\\src\\app.module.ts": {"path":"C:\\Users\\aahil\\OneDrive\\Documents\\vs\\Intellidine\\backend\\menu-service\\src\\app.module.ts","statementMap":{"0":{"start":{"line":1,"column":0},"end":{"line":1,"column":40}},"1":{"start":{"line":2,"column":0},"end":{"line":2,"column":49}},"2":{"start":{"line":3,"column":0},"end":{"line":3,"column":54}},"3":{"start":{"line":4,"column":0},"end":{"line":4,"column":56}},"4":{"start":{"line":11,"column":7},"end":{"line":11,"column":null}},"5":{"start":{"line":11,"column":13},"end":{"line":11,"column":22}},"6":{"start":{"line":11,"column":13},"end":{"line":11,"column":null}}},"fnMap":{},"branchMap":{},"s":{"0":0,"1":0,"2":0,"3":0,"4":0,"5":0,"6":0},"f":{},"b":{}}
,"C:\\Users\\aahil\\OneDrive\\Documents\\vs\\Intellidine\\backend\\menu-service\\src\\main.ts": {"path":"C:\\Users\\aahil\\OneDrive\\Documents\\vs\\Intellidine\\backend\\menu-service\\src\\main.ts","statementMap":{"0":{"start":{"line":1,"column":0},"end":{"line":1,"column":26}},"1":{"start":{"line":2,"column":0},"end":{"line":2,"column":43}},"2":{"start":{"line":3,"column":0},"end":{"line":3,"column":41}},"3":{"start":{"line":6,"column":14},"end":{"line":6,"column":49}},"4":{"start":{"line":7,"column":15},"end":{"line":7,"column":65}},"5":{"start":{"line":8,"column":2},"end":{"line":8,"column":54}},"6":{"start":{"line":9,"column":2},"end":{"line":9,"column":25}},"7":{"start":{"line":12,"column":0},"end":{"line":12,"column":12}}},"fnMap":{"0":{"name":"bootstrap","decl":{"start":{"line":5,"column":15},"end":{"line":5,"column":24}},"loc":{"start":{"line":5,"column":24},"end":{"line":10,"column":1}}}},"branchMap":{"0":{"loc":{"start":{"line":7,"column":15},"end":{"line":7,"column":65}},"type":"cond-expr","locations":[{"start":{"line":7,"column":34},"end":{"line":7,"column":58}},{"start":{"line":7,"column":61},"end":{"line":7,"column":65}}]}},"s":{"0":0,"1":0,"2":0,"3":0,"4":0,"5":0,"6":0,"7":0},"f":{"0":0},"b":{"0":[0,0]}}
,"C:\\Users\\aahil\\OneDrive\\Documents\\vs\\Intellidine\\backend\\menu-service\\src\\dto\\create-menu-item.dto.ts": {"path":"C:\\Users\\aahil\\OneDrive\\Documents\\vs\\Intellidine\\backend\\menu-service\\src\\dto\\create-menu-item.dto.ts","statementMap":{"0":{"start":{"line":1,"column":0},"end":{"line":1,"column":91}},"1":{"start":{"line":3,"column":0},"end":{"line":3,"column":13}},"2":{"start":{"line":6,"column":2},"end":{"line":6,"column":null}},"3":{"start":{"line":10,"column":2},"end":{"line":10,"column":null}},"4":{"start":{"line":14,"column":2},"end":{"line":14,"column":null}},"5":{"start":{"line":19,"column":2},"end":{"line":19,"column":null}},"6":{"start":{"line":24,"column":2},"end":{"line":24,"column":null}},"7":{"start":{"line":29,"column":2},"end":{"line":29,"column":null}},"8":{"start":{"line":33,"column":2},"end":{"line":33,"column":null}},"9":{"start":{"line":38,"column":2},"end":{"line":38,"column":null}},"10":{"start":{"line":42,"column":2},"end":{"line":42,"column":null}}},"fnMap":{},"branchMap":{},"s":{"0":1,"1":1,"2":1,"3":1,"4":1,"5":1,"6":1,"7":1,"8":1,"9":1,"10":1},"f":{},"b":{}}
,"C:\\Users\\aahil\\OneDrive\\Documents\\vs\\Intellidine\\backend\\menu-service\\src\\dto\\get-menu-query.dto.ts": {"path":"C:\\Users\\aahil\\OneDrive\\Documents\\vs\\Intellidine\\backend\\menu-service\\src\\dto\\get-menu-query.dto.ts","statementMap":{"0":{"start":{"line":1,"column":0},"end":{"line":1,"column":75}},"1":{"start":{"line":3,"column":0},"end":{"line":3,"column":13}},"2":{"start":{"line":6,"column":2},"end":{"line":6,"column":null}},"3":{"start":{"line":10,"column":2},"end":{"line":10,"column":null}},"4":{"start":{"line":14,"column":2},"end":{"line":14,"column":null}},"5":{"start":{"line":19,"column":2},"end":{"line":19,"column":null}},"6":{"start":{"line":25,"column":2},"end":{"line":25,"column":null}},"7":{"start":{"line":29,"column":2},"end":{"line":29,"column":null}},"8":{"start":{"line":33,"column":2},"end":{"line":33,"column":null}}},"fnMap":{},"branchMap":{},"s":{"0":1,"1":1,"2":1,"3":1,"4":1,"5":1,"6":1,"7":1,"8":1},"f":{},"b":{}}
,"C:\\Users\\aahil\\OneDrive\\Documents\\vs\\Intellidine\\backend\\menu-service\\src\\dto\\menu-response.dto.ts": {"path":"C:\\Users\\aahil\\OneDrive\\Documents\\vs\\Intellidine\\backend\\menu-service\\src\\dto\\menu-response.dto.ts","statementMap":{"0":{"start":{"line":1,"column":0},"end":{"line":1,"column":13}},"1":{"start":{"line":19,"column":0},"end":{"line":19,"column":13}},"2":{"start":{"line":23,"column":0},"end":{"line":23,"column":13}}},"fnMap":{},"branchMap":{},"s":{"0":0,"1":0,"2":0},"f":{},"b":{}}
,"C:\\Users\\aahil\\OneDrive\\Documents\\vs\\Intellidine\\backend\\menu-service\\src\\dto\\update-menu-item.dto.ts": {"path":"C:\\Users\\aahil\\OneDrive\\Documents\\vs\\Intellidine\\backend\\menu-service\\src\\dto\\update-menu-item.dto.ts","statementMap":{"0":{"start":{"line":1,"column":0},"end":{"line":1,"column":102}},"1":{"start":{"line":3,"column":0},"end":{"line":3,"column":13}},"2":{"start":{"line":6,"column":2},"end":{"line":6,"column":null}},"3":{"start":{"line":10,"column":2},"end":{"line":10,"column":null}},"4":{"start":{"line":15,"column":2},"end":{"line":15,"column":null}},"5":{"start":{"line":20,"column":2},"end":{"line":20,"column":null}},"6":{"start":{"line":25,"column":2},"end":{"line":25,"column":null}},"7":{"start":{"line":29,"column":2},"end":{"line":29,"column":null}},"8":{"start":{"line":34,"column":2},"end":{"line":34,"column":null}},"9":{"start":{"line":38,"column":2},"end":{"line":38,"column":null}},"10":{"start":{"line":42,"column":2},"end":{"line":42,"column":null}}},"fnMap":{},"branchMap":{},"s":{"0":1,"1":1,"2":1,"3":1,"4":1,"5":1,"6":1,"7":1,"8":1,"9":1,"10":1},"f":{},"b":{}}
,"C:\\Users\\aahil\\OneDrive\\Documents\\vs\\Intellidine\\backend\\menu-service\\src\\services\\cache.service.ts": {"path":"C:\\Users\\aahil\\OneDrive\\Documents\\vs\\Intellidine\\backend\\menu-service\\src\\services\\cache.service.ts","statementMap":{"0":{"start":{"line":1,"column":0},"end":{"line":1,"column":52}},"1":{"start":{"line":2,"column":0},"end":{"line":2,"column":54}},"2":{"start":{"line":5,"column":25},"end":{"line":103,"column":null}},"3":{"start":{"line":6,"column":19},"end":{"line":6,"column":58}},"4":{"start":{"line":8,"column":19},"end":{"line":8,"column":37}},"5":{"start":{"line":11,"column":4},"end":{"line":16,"column":7}},"6":{"start":{"line":17,"column":4},"end":{"line":19,"column":7}},"7":{"start":{"line":18,"column":6},"end":{"line":18,"column":60}},"8":{"start":{"line":26,"column":4},"end":{"line":33,"column":5}},"9":{"start":{"line":27,"column":20},"end":{"line":27,"column":45}},"10":{"start":{"line":28,"column":6},"end":{"line":28,"column":30}},"11":{"start":{"line":28,"column":18},"end":{"line":28,"column":30}},"12":{"start":{"line":29,"column":6},"end":{"line":29,"column":36}},"13":{"start":{"line":31,"column":6},"end":{"line":31,"column":66}},"14":{"start":{"line":32,"column":6},"end":{"line":32,"column":18}},"15":{"start":{"line":40,"column":4},"end":{"line":44,"column":5}},"16":{"start":{"line":41,"column":6},"end":{"line":41,"column":62}},"17":{"start":{"line":43,"column":6},"end":{"line":43,"column":66}},"18":{"start":{"line":51,"column":4},"end":{"line":55,"column":5}},"19":{"start":{"line":52,"column":6},"end":{"line":52,"column":32}},"20":{"start":{"line":54,"column":6},"end":{"line":54,"column":67}},"21":{"start":{"line":62,"column":4},"end":{"line":69,"column":5}},"22":{"start":{"line":63,"column":19},"end":{"line":63,"column":49}},"23":{"start":{"line":64,"column":6},"end":{"line":66,"column":7}},"24":{"start":{"line":65,"column":8},"end":{"line":65,"column":35}},"25":{"start":{"line":68,"column":6},"end":{"line":68,"column":75}},"26":{"start":{"line":76,"column":4},"end":{"line":76,"column":53}},"27":{"start":{"line":77,"column":4},"end":{"line":77,"column":70}},"28":{"start":{"line":84,"column":22},"end":{"line":86,"column":10}},"29":{"start":{"line":85,"column":68},"end":{"line":85,"column":87}},"30":{"start":{"line":87,"column":4},"end":{"line":87,"column":42}},"31":{"start":{"line":94,"column":4},"end":{"line":94,"column":33}},"32":{"start":{"line":101,"column":4},"end":{"line":101,"column":41}},"33":{"start":{"line":5,"column":13},"end":{"line":5,"column":25}},"34":{"start":{"line":5,"column":13},"end":{"line":103,"column":null}}},"fnMap":{"0":{"name":"(anonymous_2)","decl":{"start":{"line":10,"column":2},"end":{"line":10,"column":null}},"loc":{"start":{"line":10,"column":2},"end":{"line":20,"column":3}}},"1":{"name":"(anonymous_3)","decl":{"start":{"line":17,"column":31},"end":{"line":17,"column":32}},"loc":{"start":{"line":17,"column":39},"end":{"line":19,"column":5}}},"2":{"name":"(anonymous_4)","decl":{"start":{"line":25,"column":2},"end":{"line":25,"column":7}},"loc":{"start":{"line":25,"column":26},"end":{"line":34,"column":3}}},"3":{"name":"(anonymous_5)","decl":{"start":{"line":39,"column":2},"end":{"line":39,"column":7}},"loc":{"start":{"line":39,"column":68},"end":{"line":45,"column":3}}},"4":{"name":"(anonymous_6)","decl":{"start":{"line":50,"column":2},"end":{"line":50,"column":7}},"loc":{"start":{"line":50,"column":26},"end":{"line":56,"column":3}}},"5":{"name":"(anonymous_7)","decl":{"start":{"line":61,"column":2},"end":{"line":61,"column":7}},"loc":{"start":{"line":61,"column":39},"end":{"line":70,"column":3}}},"6":{"name":"(anonymous_8)","decl":{"start":{"line":75,"column":2},"end":{"line":75,"column":7}},"loc":{"start":{"line":75,"column":44},"end":{"line":78,"column":3}}},"7":{"name":"(anonymous_9)","decl":{"start":{"line":83,"column":2},"end":{"line":83,"column":8}},"loc":{"start":{"line":83,"column":72},"end":{"line":88,"column":3}}},"8":{"name":"(anonymous_10)","decl":{"start":{"line":85,"column":53},"end":{"line":85,"column":54}},"loc":{"start":{"line":85,"column":68},"end":{"line":85,"column":87}}},"9":{"name":"(anonymous_11)","decl":{"start":{"line":93,"column":2},"end":{"line":93,"column":8}},"loc":{"start":{"line":93,"column":39},"end":{"line":95,"column":3}}},"10":{"name":"(anonymous_12)","decl":{"start":{"line":100,"column":2},"end":{"line":100,"column":8}},"loc":{"start":{"line":100,"column":47},"end":{"line":102,"column":3}}}},"branchMap":{"0":{"loc":{"start":{"line":13,"column":14},"end":{"line":13,"column":47}},"type":"binary-expr","locations":[{"start":{"line":13,"column":14},"end":{"line":13,"column":36}},{"start":{"line":13,"column":40},"end":{"line":13,"column":47}}]},"1":{"loc":{"start":{"line":14,"column":23},"end":{"line":14,"column":55}},"type":"binary-expr","locations":[{"start":{"line":14,"column":23},"end":{"line":14,"column":45}},{"start":{"line":14,"column":49},"end":{"line":14,"column":55}}]},"2":{"loc":{"start":{"line":28,"column":6},"end":{"line":28,"column":30}},"type":"if","locations":[{"start":{"line":28,"column":6},"end":{"line":28,"column":30}}]},"3":{"loc":{"start":{"line":39,"column":38},"end":{"line":39,"column":68}},"type":"default-arg","locations":[{"start":{"line":39,"column":52},"end":{"line":39,"column":68}}]},"4":{"loc":{"start":{"line":64,"column":6},"end":{"line":66,"column":7}},"type":"if","locations":[{"start":{"line":64,"column":6},"end":{"line":66,"column":7}}]},"5":{"loc":{"start":{"line":84,"column":22},"end":{"line":86,"column":10}},"type":"cond-expr","locations":[{"start":{"line":85,"column":8},"end":{"line":85,"column":93}},{"start":{"line":86,"column":8},"end":{"line":86,"column":10}}]},"6":{"loc":{"start":{"line":84,"column":22},"end":{"line":84,"column":64}},"type":"binary-expr","locations":[{"start":{"line":84,"column":22},"end":{"line":84,"column":29}},{"start":{"line":84,"column":33},"end":{"line":84,"column":64}}]}},"s":{"0":1,"1":1,"2":1,"3":0,"4":0,"5":0,"6":0,"7":0,"8":0,"9":0,"10":0,"11":0,"12":0,"13":0,"14":0,"15":0,"16":0,"17":0,"18":0,"19":0,"20":0,"21":0,"22":0,"23":0,"24":0,"25":0,"26":0,"27":0,"28":0,"29":0,"30":0,"31":0,"32":0,"33":1,"34":1},"f":{"0":0,"1":0,"2":0,"3":0,"4":0,"5":0,"6":0,"7":0,"8":0,"9":0,"10":0},"b":{"0":[0,0],"1":[0,0],"2":[0],"3":[0],"4":[0],"5":[0,0],"6":[0,0]}}
,"C:\\Users\\aahil\\OneDrive\\Documents\\vs\\Intellidine\\backend\\menu-service\\src\\services\\menu.service.ts": {"path":"C:\\Users\\aahil\\OneDrive\\Documents\\vs\\Intellidine\\backend\\menu-service\\src\\services\\menu.service.ts","statementMap":{"0":{"start":{"line":1,"column":0},"end":{"line":1,"column":73}},"1":{"start":{"line":2,"column":0},"end":{"line":2,"column":46}},"2":{"start":{"line":3,"column":0},"end":{"line":3,"column":47}},"3":{"start":{"line":9,"column":24},"end":{"line":258,"column":null}},"4":{"start":{"line":13,"column":22},"end":{"line":13,"column":36}},"5":{"start":{"line":10,"column":19},"end":{"line":10,"column":57}},"6":{"start":{"line":14,"column":4},"end":{"line":14,"column":37}},"7":{"start":{"line":22,"column":21},"end":{"line":22,"column":75}},"8":{"start":{"line":25,"column":23},"end":{"line":25,"column":77}},"9":{"start":{"line":26,"column":4},"end":{"line":29,"column":5}},"10":{"start":{"line":27,"column":6},"end":{"line":27,"column":75}},"11":{"start":{"line":28,"column":6},"end":{"line":28,"column":24}},"12":{"start":{"line":32,"column":21},"end":{"line":45,"column":6}},"13":{"start":{"line":48,"column":4},"end":{"line":48,"column":71}},"14":{"start":{"line":48,"column":44},"end":{"line":48,"column":69}},"15":{"start":{"line":51,"column":42},"end":{"line":58,"column":6}},"16":{"start":{"line":52,"column":43},"end":{"line":57,"column":8}},"17":{"start":{"line":56,"column":44},"end":{"line":56,"column":76}},"18":{"start":{"line":61,"column":4},"end":{"line":61,"column":61}},"19":{"start":{"line":63,"column":4},"end":{"line":63,"column":76}},"20":{"start":{"line":64,"column":4},"end":{"line":64,"column":24}},"21":{"start":{"line":71,"column":21},"end":{"line":71,"column":42}},"22":{"start":{"line":74,"column":19},"end":{"line":74,"column":80}},"23":{"start":{"line":75,"column":4},"end":{"line":77,"column":5}},"24":{"start":{"line":76,"column":6},"end":{"line":76,"column":20}},"25":{"start":{"line":80,"column":23},"end":{"line":82,"column":6}},"26":{"start":{"line":84,"column":21},"end":{"line":89,"column":7}},"27":{"start":{"line":84,"column":46},"end":{"line":89,"column":6}},"28":{"start":{"line":92,"column":4},"end":{"line":92,"column":57}},"29":{"start":{"line":94,"column":4},"end":{"line":94,"column":20}},"30":{"start":{"line":101,"column":4},"end":{"line":135,"column":5}},"31":{"start":{"line":103,"column":23},"end":{"line":105,"column":8}},"32":{"start":{"line":107,"column":6},"end":{"line":109,"column":7}},"33":{"start":{"line":108,"column":8},"end":{"line":108,"column":79}},"34":{"start":{"line":112,"column":23},"end":{"line":126,"column":8}},"35":{"start":{"line":129,"column":6},"end":{"line":129,"column":60}},"36":{"start":{"line":131,"column":6},"end":{"line":131,"column":50}},"37":{"start":{"line":133,"column":6},"end":{"line":133,"column":60}},"38":{"start":{"line":134,"column":6},"end":{"line":134,"column":18}},"39":{"start":{"line":142,"column":4},"end":{"line":175,"column":5}},"40":{"start":{"line":144,"column":19},"end":{"line":146,"column":8}},"41":{"start":{"line":148,"column":6},"end":{"line":150,"column":7}},"42":{"start":{"line":149,"column":8},"end":{"line":149,"column":61}},"43":{"start":{"line":153,"column":22},"end":{"line":166,"column":8}},"44":{"start":{"line":169,"column":6},"end":{"line":169,"column":60}},"45":{"start":{"line":171,"column":6},"end":{"line":171,"column":49}},"46":{"start":{"line":173,"column":6},"end":{"line":173,"column":60}},"47":{"start":{"line":174,"column":6},"end":{"line":174,"column":18}},"48":{"start":{"line":182,"column":4},"end":{"line":205,"column":5}},"49":{"start":{"line":184,"column":19},"end":{"line":186,"column":8}},"50":{"start":{"line":188,"column":6},"end":{"line":190,"column":7}},"51":{"start":{"line":189,"column":8},"end":{"line":189,"column":61}},"52":{"start":{"line":193,"column":6},"end":{"line":196,"column":9}},"53":{"start":{"line":199,"column":6},"end":{"line":199,"column":60}},"54":{"start":{"line":201,"column":6},"end":{"line":201,"column":76}},"55":{"start":{"line":203,"column":6},"end":{"line":203,"column":60}},"56":{"start":{"line":204,"column":6},"end":{"line":204,"column":18}},"57":{"start":{"line":212,"column":21},"end":{"line":212,"column":57}},"58":{"start":{"line":215,"column":19},"end":{"line":215,"column":77}},"59":{"start":{"line":216,"column":4},"end":{"line":218,"column":5}},"60":{"start":{"line":217,"column":6},"end":{"line":217,"column":20}},"61":{"start":{"line":221,"column":17},"end":{"line":223,"column":6}},"62":{"start":{"line":225,"column":4},"end":{"line":227,"column":5}},"63":{"start":{"line":226,"column":6},"end":{"line":226,"column":59}},"64":{"start":{"line":229,"column":21},"end":{"line":229,"column":53}},"65":{"start":{"line":232,"column":4},"end":{"line":232,"column":57}},"66":{"start":{"line":234,"column":4},"end":{"line":234,"column":20}},"67":{"start":{"line":241,"column":4},"end":{"line":256,"column":6}},"68":{"start":{"line":9,"column":13},"end":{"line":9,"column":24}},"69":{"start":{"line":9,"column":13},"end":{"line":258,"column":null}}},"fnMap":{"0":{"name":"(anonymous_2)","decl":{"start":{"line":13,"column":2},"end":{"line":13,"column":22}},"loc":{"start":{"line":13,"column":48},"end":{"line":15,"column":3}}},"1":{"name":"(anonymous_3)","decl":{"start":{"line":20,"column":2},"end":{"line":20,"column":7}},"loc":{"start":{"line":20,"column":53},"end":{"line":65,"column":3}}},"2":{"name":"(anonymous_4)","decl":{"start":{"line":48,"column":35},"end":{"line":48,"column":36}},"loc":{"start":{"line":48,"column":44},"end":{"line":48,"column":69}}},"3":{"name":"(anonymous_5)","decl":{"start":{"line":52,"column":33},"end":{"line":52,"column":34}},"loc":{"start":{"line":52,"column":43},"end":{"line":57,"column":8}}},"4":{"name":"(anonymous_6)","decl":{"start":{"line":56,"column":34},"end":{"line":56,"column":35}},"loc":{"start":{"line":56,"column":44},"end":{"line":56,"column":76}}},"5":{"name":"(anonymous_7)","decl":{"start":{"line":70,"column":2},"end":{"line":70,"column":7}},"loc":{"start":{"line":70,"column":21},"end":{"line":95,"column":3}}},"6":{"name":"(anonymous_8)","decl":{"start":{"line":84,"column":36},"end":{"line":84,"column":37}},"loc":{"start":{"line":84,"column":46},"end":{"line":89,"column":6}}},"7":{"name":"(anonymous_9)","decl":{"start":{"line":100,"column":2},"end":{"line":100,"column":7}},"loc":{"start":{"line":100,"column":63},"end":{"line":136,"column":3}}},"8":{"name":"(anonymous_10)","decl":{"start":{"line":141,"column":2},"end":{"line":141,"column":7}},"loc":{"start":{"line":141,"column":79},"end":{"line":176,"column":3}}},"9":{"name":"(anonymous_11)","decl":{"start":{"line":181,"column":2},"end":{"line":181,"column":7}},"loc":{"start":{"line":181,"column":55},"end":{"line":206,"column":3}}},"10":{"name":"(anonymous_12)","decl":{"start":{"line":211,"column":2},"end":{"line":211,"column":7}},"loc":{"start":{"line":211,"column":34},"end":{"line":235,"column":3}}},"11":{"name":"(anonymous_13)","decl":{"start":{"line":240,"column":10},"end":{"line":240,"column":31}},"loc":{"start":{"line":240,"column":41},"end":{"line":257,"column":3}}}},"branchMap":{"0":{"loc":{"start":{"line":26,"column":4},"end":{"line":29,"column":5}},"type":"if","locations":[{"start":{"line":26,"column":4},"end":{"line":29,"column":5}}]},"1":{"loc":{"start":{"line":40,"column":16},"end":{"line":40,"column":57}},"type":"binary-expr","locations":[{"start":{"line":40,"column":16},"end":{"line":40,"column":26}},{"start":{"line":40,"column":30},"end":{"line":40,"column":57}}]},"2":{"loc":{"start":{"line":75,"column":4},"end":{"line":77,"column":5}},"type":"if","locations":[{"start":{"line":75,"column":4},"end":{"line":77,"column":5}}]},"3":{"loc":{"start":{"line":107,"column":6},"end":{"line":109,"column":7}},"type":"if","locations":[{"start":{"line":107,"column":6},"end":{"line":109,"column":7}}]},"4":{"loc":{"start":{"line":121,"column":31},"end":{"line":121,"column":59}},"type":"binary-expr","locations":[{"start":{"line":121,"column":31},"end":{"line":121,"column":54}},{"start":{"line":121,"column":58},"end":{"line":121,"column":59}}]},"5":{"loc":{"start":{"line":122,"column":24},"end":{"line":122,"column":46}},"type":"binary-expr","locations":[{"start":{"line":122,"column":24},"end":{"line":122,"column":40}},{"start":{"line":122,"column":44},"end":{"line":122,"column":46}}]},"6":{"loc":{"start":{"line":123,"column":28},"end":{"line":123,"column":53}},"type":"binary-expr","locations":[{"start":{"line":123,"column":28},"end":{"line":123,"column":48}},{"start":{"line":123,"column":52},"end":{"line":123,"column":53}}]},"7":{"loc":{"start":{"line":148,"column":6},"end":{"line":150,"column":7}},"type":"if","locations":[{"start":{"line":148,"column":6},"end":{"line":150,"column":7}}]},"8":{"loc":{"start":{"line":164,"column":24},"end":{"line":164,"column":93}},"type":"cond-expr","locations":[{"start":{"line":164,"column":57},"end":{"line":164,"column":73}},{"start":{"line":164,"column":76},"end":{"line":164,"column":93}}]},"9":{"loc":{"start":{"line":188,"column":6},"end":{"line":190,"column":7}},"type":"if","locations":[{"start":{"line":188,"column":6},"end":{"line":190,"column":7}}]},"10":{"loc":{"start":{"line":216,"column":4},"end":{"line":218,"column":5}},"type":"if","locations":[{"start":{"line":216,"column":4},"end":{"line":218,"column":5}}]},"11":{"loc":{"start":{"line":225,"column":4},"end":{"line":227,"column":5}},"type":"if","locations":[{"start":{"line":225,"column":4},"end":{"line":227,"column":5}}]},"12":{"loc":{"start":{"line":249,"column":18},"end":{"line":249,"column":71}},"type":"cond-expr","locations":[{"start":{"line":249,"column":36},"end":{"line":249,"column":59}},{"start":{"line":249,"column":62},"end":{"line":249,"column":71}}]},"13":{"loc":{"start":{"line":251,"column":20},"end":{"line":251,"column":43}},"type":"binary-expr","locations":[{"start":{"line":251,"column":20},"end":{"line":251,"column":37}},{"start":{"line":251,"column":41},"end":{"line":251,"column":43}}]}},"s":{"0":1,"1":1,"2":1,"3":1,"4":0,"5":0,"6":0,"7":0,"8":0,"9":0,"10":0,"11":0,"12":0,"13":0,"14":0,"15":0,"16":0,"17":0,"18":0,"19":0,"20":0,"21":0,"22":0,"23":0,"24":0,"25":0,"26":0,"27":0,"28":0,"29":0,"30":0,"31":0,"32":0,"33":0,"34":0,"35":0,"36":0,"37":0,"38":0,"39":0,"40":0,"41":0,"42":0,"43":0,"44":0,"45":0,"46":0,"47":0,"48":0,"49":0,"50":0,"51":0,"52":0,"53":0,"54":0,"55":0,"56":0,"57":0,"58":0,"59":0,"60":0,"61":0,"62":0,"63":0,"64":0,"65":0,"66":0,"67":0,"68":1,"69":1},"f":{"0":0,"1":0,"2":0,"3":0,"4":0,"5":0,"6":0,"7":0,"8":0,"9":0,"10":0,"11":0},"b":{"0":[0],"1":[0,0],"2":[0],"3":[0],"4":[0,0],"5":[0,0],"6":[0,0],"7":[0],"8":[0,0],"9":[0],"10":[0],"11":[0],"12":[0,0],"13":[0,0]}}
}
