TN:
SF:src\app.controller.ts
FN:13,(anonymous_4)
FN:16,(anonymous_5)
FN:25,(anonymous_6)
FN:43,(anonymous_7)
FN:57,(anonymous_8)
FN:76,(anonymous_9)
FN:98,(anonymous_10)
FN:120,(anonymous_11)
FNF:8
FNH:8
FNDA:18,(anonymous_4)
FNDA:1,(anonymous_5)
FNDA:4,(anonymous_6)
FNDA:2,(anonymous_7)
FNDA:2,(anonymous_8)
FNDA:3,(anonymous_9)
FNDA:3,(anonymous_10)
FNDA:3,(anonymous_11)
DA:1,1
DA:2,1
DA:3,1
DA:4,1
DA:5,1
DA:7,1
DA:10,1
DA:11,18
DA:13,18
DA:16,1
DA:17,1
DA:25,1
DA:26,4
DA:27,1
DA:30,3
DA:31,3
DA:33,1
DA:34,1
DA:43,1
DA:44,2
DA:45,2
DA:47,1
DA:48,1
DA:57,1
DA:58,2
DA:59,2
DA:61,1
DA:62,1
DA:76,1
DA:80,3
DA:81,3
DA:83,2
DA:84,2
DA:98,1
DA:103,3
DA:104,3
DA:106,1
DA:107,1
DA:120,1
DA:124,3
DA:125,3
DA:126,1
DA:128,2
DA:129,2
LF:44
LH:44
BRDA:26,0,0,1
BRF:1
BRH:1
end_of_record
TN:
SF:src\app.module.ts
FNF:0
FNH:0
DA:1,0
DA:2,0
DA:3,0
DA:4,0
DA:11,0
LF:5
LH:0
BRF:0
BRH:0
end_of_record
TN:
SF:src\main.ts
FN:5,bootstrap
FNF:1
FNH:0
FNDA:0,bootstrap
DA:1,0
DA:2,0
DA:3,0
DA:6,0
DA:7,0
DA:8,0
DA:9,0
DA:12,0
LF:8
LH:0
BRDA:7,0,0,0
BRDA:7,0,1,0
BRF:2
BRH:0
end_of_record
TN:
SF:src\dto\create-menu-item.dto.ts
FNF:0
FNH:0
DA:1,1
DA:3,1
DA:6,1
DA:10,1
DA:14,1
DA:19,1
DA:24,1
DA:29,1
DA:33,1
DA:38,1
DA:42,1
LF:11
LH:11
BRF:0
BRH:0
end_of_record
TN:
SF:src\dto\get-menu-query.dto.ts
FNF:0
FNH:0
DA:1,1
DA:3,1
DA:6,1
DA:10,1
DA:14,1
DA:19,1
DA:25,1
DA:29,1
DA:33,1
LF:9
LH:9
BRF:0
BRH:0
end_of_record
TN:
SF:src\dto\menu-response.dto.ts
FNF:0
FNH:0
DA:1,0
DA:19,0
DA:23,0
LF:3
LH:0
BRF:0
BRH:0
end_of_record
TN:
SF:src\dto\update-menu-item.dto.ts
FNF:0
FNH:0
DA:1,1
DA:3,1
DA:6,1
DA:10,1
DA:15,1
DA:20,1
DA:25,1
DA:29,1
DA:34,1
DA:38,1
DA:42,1
LF:11
LH:11
BRF:0
BRH:0
end_of_record
TN:
SF:src\services\cache.service.ts
FN:10,(anonymous_2)
FN:17,(anonymous_3)
FN:25,(anonymous_4)
FN:39,(anonymous_5)
FN:50,(anonymous_6)
FN:61,(anonymous_7)
FN:75,(anonymous_8)
FN:83,(anonymous_9)
FN:85,(anonymous_10)
FN:93,(anonymous_11)
FN:100,(anonymous_12)
FNF:11
FNH:0
FNDA:0,(anonymous_2)
FNDA:0,(anonymous_3)
FNDA:0,(anonymous_4)
FNDA:0,(anonymous_5)
FNDA:0,(anonymous_6)
FNDA:0,(anonymous_7)
FNDA:0,(anonymous_8)
FNDA:0,(anonymous_9)
FNDA:0,(anonymous_10)
FNDA:0,(anonymous_11)
FNDA:0,(anonymous_12)
DA:1,1
DA:2,1
DA:5,1
DA:6,0
DA:8,0
DA:11,0
DA:17,0
DA:18,0
DA:26,0
DA:27,0
DA:28,0
DA:29,0
DA:31,0
DA:32,0
DA:40,0
DA:41,0
DA:43,0
DA:51,0
DA:52,0
DA:54,0
DA:62,0
DA:63,0
DA:64,0
DA:65,0
DA:68,0
DA:76,0
DA:77,0
DA:84,0
DA:85,0
DA:87,0
DA:94,0
DA:101,0
LF:32
LH:3
BRDA:13,0,0,0
BRDA:13,0,1,0
BRDA:14,1,0,0
BRDA:14,1,1,0
BRDA:28,2,0,0
BRDA:39,3,0,0
BRDA:64,4,0,0
BRDA:84,5,0,0
BRDA:84,5,1,0
BRDA:84,6,0,0
BRDA:84,6,1,0
BRF:11
BRH:0
end_of_record
TN:
SF:src\services\menu.service.ts
FN:13,(anonymous_2)
FN:20,(anonymous_3)
FN:48,(anonymous_4)
FN:52,(anonymous_5)
FN:56,(anonymous_6)
FN:70,(anonymous_7)
FN:84,(anonymous_8)
FN:100,(anonymous_9)
FN:141,(anonymous_10)
FN:181,(anonymous_11)
FN:211,(anonymous_12)
FN:240,(anonymous_13)
FNF:12
FNH:0
FNDA:0,(anonymous_2)
FNDA:0,(anonymous_3)
FNDA:0,(anonymous_4)
FNDA:0,(anonymous_5)
FNDA:0,(anonymous_6)
FNDA:0,(anonymous_7)
FNDA:0,(anonymous_8)
FNDA:0,(anonymous_9)
FNDA:0,(anonymous_10)
FNDA:0,(anonymous_11)
FNDA:0,(anonymous_12)
FNDA:0,(anonymous_13)
DA:1,1
DA:2,1
DA:3,1
DA:9,1
DA:10,0
DA:13,0
DA:14,0
DA:22,0
DA:25,0
DA:26,0
DA:27,0
DA:28,0
DA:32,0
DA:48,0
DA:51,0
DA:52,0
DA:56,0
DA:61,0
DA:63,0
DA:64,0
DA:71,0
DA:74,0
DA:75,0
DA:76,0
DA:80,0
DA:84,0
DA:92,0
DA:94,0
DA:101,0
DA:103,0
DA:107,0
DA:108,0
DA:112,0
DA:129,0
DA:131,0
DA:133,0
DA:134,0
DA:142,0
DA:144,0
DA:148,0
DA:149,0
DA:153,0
DA:169,0
DA:171,0
DA:173,0
DA:174,0
DA:182,0
DA:184,0
DA:188,0
DA:189,0
DA:193,0
DA:199,0
DA:201,0
DA:203,0
DA:204,0
DA:212,0
DA:215,0
DA:216,0
DA:217,0
DA:221,0
DA:225,0
DA:226,0
DA:229,0
DA:232,0
DA:234,0
DA:241,0
LF:66
LH:4
BRDA:26,0,0,0
BRDA:40,1,0,0
BRDA:40,1,1,0
BRDA:75,2,0,0
BRDA:107,3,0,0
BRDA:121,4,0,0
BRDA:121,4,1,0
BRDA:122,5,0,0
BRDA:122,5,1,0
BRDA:123,6,0,0
BRDA:123,6,1,0
BRDA:148,7,0,0
BRDA:164,8,0,0
BRDA:164,8,1,0
BRDA:188,9,0,0
BRDA:216,10,0,0
BRDA:225,11,0,0
BRDA:249,12,0,0
BRDA:249,12,1,0
BRDA:251,13,0,0
BRDA:251,13,1,0
BRF:21
BRH:0
end_of_record
