{"C:\\Users\\aahil\\OneDrive\\Documents\\vs\\Intellidine\\backend\\order-service\\src\\app.controller.ts": {"path":"C:\\Users\\aahil\\OneDrive\\Documents\\vs\\Intellidine\\backend\\order-service\\src\\app.controller.ts","statementMap":{"0":{"start":{"line":1,"column":0},"end":{"line":1,"column":144}},"1":{"start":{"line":2,"column":0},"end":{"line":2,"column":56}},"2":{"start":{"line":3,"column":0},"end":{"line":3,"column":56}},"3":{"start":{"line":4,"column":0},"end":{"line":4,"column":69}},"4":{"start":{"line":5,"column":0},"end":{"line":5,"column":59}},"5":{"start":{"line":6,"column":0},"end":{"line":6,"column":66}},"6":{"start":{"line":9,"column":26},"end":{"line":92,"column":null}},"7":{"start":{"line":12,"column":31},"end":{"line":12,"column":45}},"8":{"start":{"line":10,"column":19},"end":{"line":10,"column":59}},"9":{"start":{"line":19,"column":4},"end":{"line":19,"column":54}},"10":{"start":{"line":33,"column":4},"end":{"line":33,"column":67}},"11":{"start":{"line":45,"column":4},"end":{"line":45,"column":47}},"12":{"start":{"line":57,"column":4},"end":{"line":57,"column":34}},"13":{"start":{"line":58,"column":4},"end":{"line":58,"column":60}},"14":{"start":{"line":76,"column":4},"end":{"line":76,"column":83}},"15":{"start":{"line":90,"column":4},"end":{"line":90,"column":74}},"16":{"start":{"line":9,"column":13},"end":{"line":9,"column":26}},"17":{"start":{"line":18,"column":2},"end":{"line":20,"column":null}},"18":{"start":{"line":32,"column":8},"end":{"line":34,"column":null}},"19":{"start":{"line":44,"column":8},"end":{"line":46,"column":null}},"20":{"start":{"line":56,"column":8},"end":{"line":59,"column":null}},"21":{"start":{"line":71,"column":8},"end":{"line":77,"column":null}},"22":{"start":{"line":89,"column":8},"end":{"line":91,"column":null}},"23":{"start":{"line":9,"column":13},"end":{"line":92,"column":null}}},"fnMap":{"0":{"name":"(anonymous_4)","decl":{"start":{"line":12,"column":2},"end":{"line":12,"column":31}},"loc":{"start":{"line":12,"column":57},"end":{"line":12,"column":61}}},"1":{"name":"(anonymous_5)","decl":{"start":{"line":18,"column":2},"end":{"line":18,"column":8}},"loc":{"start":{"line":18,"column":8},"end":{"line":20,"column":3}}},"2":{"name":"(anonymous_6)","decl":{"start":{"line":32,"column":2},"end":{"line":32,"column":7}},"loc":{"start":{"line":32,"column":96},"end":{"line":34,"column":3}}},"3":{"name":"(anonymous_7)","decl":{"start":{"line":44,"column":2},"end":{"line":44,"column":7}},"loc":{"start":{"line":44,"column":45},"end":{"line":46,"column":3}}},"4":{"name":"(anonymous_8)","decl":{"start":{"line":56,"column":2},"end":{"line":56,"column":7}},"loc":{"start":{"line":56,"column":94},"end":{"line":59,"column":3}}},"5":{"name":"(anonymous_9)","decl":{"start":{"line":71,"column":2},"end":{"line":71,"column":7}},"loc":{"start":{"line":74,"column":49},"end":{"line":77,"column":3}}},"6":{"name":"(anonymous_10)","decl":{"start":{"line":89,"column":2},"end":{"line":89,"column":7}},"loc":{"start":{"line":89,"column":105},"end":{"line":91,"column":3}}}},"branchMap":{"0":{"loc":{"start":{"line":90,"column":60},"end":{"line":90,"column":72}},"type":"cond-expr","locations":[{"start":{"line":90,"column":64},"end":{"line":90,"column":66}},{"start":{"line":90,"column":60},"end":{"line":90,"column":72}}]},"1":{"loc":{"start":{"line":90,"column":60},"end":{"line":90,"column":66}},"type":"binary-expr","locations":[{"start":{"line":90,"column":60},"end":{"line":90,"column":66}},{"start":{"line":90,"column":60},"end":{"line":90,"column":66}}]}},"s":{"0":1,"1":1,"2":1,"3":1,"4":1,"5":1,"6":1,"7":0,"8":0,"9":0,"10":0,"11":0,"12":0,"13":0,"14":0,"15":0,"16":1,"17":1,"18":1,"19":1,"20":1,"21":1,"22":1,"23":1},"f":{"0":0,"1":0,"2":0,"3":0,"4":0,"5":0,"6":0},"b":{"0":[0,0],"1":[0,0]}}
,"C:\\Users\\aahil\\OneDrive\\Documents\\vs\\Intellidine\\backend\\order-service\\src\\app.module.ts": {"path":"C:\\Users\\aahil\\OneDrive\\Documents\\vs\\Intellidine\\backend\\order-service\\src\\app.module.ts","statementMap":{"0":{"start":{"line":1,"column":0},"end":{"line":1,"column":40}},"1":{"start":{"line":2,"column":0},"end":{"line":2,"column":49}},"2":{"start":{"line":3,"column":0},"end":{"line":3,"column":56}},"3":{"start":{"line":4,"column":0},"end":{"line":4,"column":65}},"4":{"start":{"line":5,"column":0},"end":{"line":5,"column":49}},"5":{"start":{"line":12,"column":7},"end":{"line":12,"column":null}},"6":{"start":{"line":12,"column":13},"end":{"line":12,"column":22}},"7":{"start":{"line":12,"column":13},"end":{"line":12,"column":null}}},"fnMap":{},"branchMap":{},"s":{"0":0,"1":0,"2":0,"3":0,"4":0,"5":0,"6":0,"7":0},"f":{},"b":{}}
,"C:\\Users\\aahil\\OneDrive\\Documents\\vs\\Intellidine\\backend\\order-service\\src\\main.ts": {"path":"C:\\Users\\aahil\\OneDrive\\Documents\\vs\\Intellidine\\backend\\order-service\\src\\main.ts","statementMap":{"0":{"start":{"line":1,"column":0},"end":{"line":1,"column":26}},"1":{"start":{"line":2,"column":0},"end":{"line":2,"column":43}},"2":{"start":{"line":3,"column":0},"end":{"line":3,"column":41}},"3":{"start":{"line":6,"column":14},"end":{"line":6,"column":49}},"4":{"start":{"line":7,"column":15},"end":{"line":7,"column":65}},"5":{"start":{"line":8,"column":2},"end":{"line":8,"column":54}},"6":{"start":{"line":9,"column":2},"end":{"line":9,"column":25}},"7":{"start":{"line":12,"column":0},"end":{"line":12,"column":12}}},"fnMap":{"0":{"name":"bootstrap","decl":{"start":{"line":5,"column":15},"end":{"line":5,"column":24}},"loc":{"start":{"line":5,"column":24},"end":{"line":10,"column":1}}}},"branchMap":{"0":{"loc":{"start":{"line":7,"column":15},"end":{"line":7,"column":65}},"type":"cond-expr","locations":[{"start":{"line":7,"column":34},"end":{"line":7,"column":58}},{"start":{"line":7,"column":61},"end":{"line":7,"column":65}}]}},"s":{"0":0,"1":0,"2":0,"3":0,"4":0,"5":0,"6":0,"7":0},"f":{"0":0},"b":{"0":[0,0]}}
,"C:\\Users\\aahil\\OneDrive\\Documents\\vs\\Intellidine\\backend\\order-service\\src\\prisma.service.ts": {"path":"C:\\Users\\aahil\\OneDrive\\Documents\\vs\\Intellidine\\backend\\order-service\\src\\prisma.service.ts","statementMap":{"0":{"start":{"line":1,"column":0},"end":{"line":1,"column":81}},"1":{"start":{"line":2,"column":0},"end":{"line":2,"column":46}},"2":{"start":{"line":5,"column":7},"end":{"line":18,"column":null}},"3":{"start":{"line":11,"column":4},"end":{"line":11,"column":26}},"4":{"start":{"line":16,"column":4},"end":{"line":16,"column":29}},"5":{"start":{"line":5,"column":13},"end":{"line":5,"column":26}},"6":{"start":{"line":5,"column":13},"end":{"line":18,"column":null}}},"fnMap":{"0":{"name":"(anonymous_1)","decl":{"start":{"line":9,"column":2},"end":{"line":9,"column":7}},"loc":{"start":{"line":9,"column":20},"end":{"line":12,"column":3}}},"1":{"name":"(anonymous_2)","decl":{"start":{"line":14,"column":2},"end":{"line":14,"column":7}},"loc":{"start":{"line":14,"column":29},"end":{"line":17,"column":3}}}},"branchMap":{},"s":{"0":1,"1":1,"2":1,"3":0,"4":0,"5":1,"6":1},"f":{"0":0,"1":0},"b":{}}
,"C:\\Users\\aahil\\OneDrive\\Documents\\vs\\Intellidine\\backend\\order-service\\src\\dto\\create-order.dto.ts": {"path":"C:\\Users\\aahil\\OneDrive\\Documents\\vs\\Intellidine\\backend\\order-service\\src\\dto\\create-order.dto.ts","statementMap":{"0":{"start":{"line":1,"column":0},"end":{"line":1,"column":95}},"1":{"start":{"line":2,"column":0},"end":{"line":2,"column":41}},"2":{"start":{"line":3,"column":0},"end":{"line":3,"column":48}},"3":{"start":{"line":5,"column":0},"end":{"line":5,"column":13}},"4":{"start":{"line":7,"column":2},"end":{"line":7,"column":null}},"5":{"start":{"line":10,"column":2},"end":{"line":10,"column":null}},"6":{"start":{"line":15,"column":2},"end":{"line":15,"column":null}},"7":{"start":{"line":14,"column":14},"end":{"line":14,"column":26}},"8":{"start":{"line":19,"column":2},"end":{"line":19,"column":null}},"9":{"start":{"line":24,"column":2},"end":{"line":24,"column":null}},"10":{"start":{"line":28,"column":2},"end":{"line":28,"column":null}},"11":{"start":{"line":33,"column":2},"end":{"line":33,"column":null}},"12":{"start":{"line":38,"column":2},"end":{"line":38,"column":null}},"13":{"start":{"line":42,"column":2},"end":{"line":42,"column":null}},"14":{"start":{"line":46,"column":2},"end":{"line":46,"column":null}}},"fnMap":{"0":{"name":"(anonymous_2)","decl":{"start":{"line":14,"column":8},"end":{"line":14,"column":11}},"loc":{"start":{"line":14,"column":14},"end":{"line":14,"column":26}}}},"branchMap":{},"s":{"0":1,"1":1,"2":1,"3":1,"4":1,"5":1,"6":1,"7":0,"8":1,"9":1,"10":1,"11":1,"12":1,"13":1,"14":1},"f":{"0":0},"b":{}}
,"C:\\Users\\aahil\\OneDrive\\Documents\\vs\\Intellidine\\backend\\order-service\\src\\dto\\list-orders.dto.ts": {"path":"C:\\Users\\aahil\\OneDrive\\Documents\\vs\\Intellidine\\backend\\order-service\\src\\dto\\list-orders.dto.ts","statementMap":{"0":{"start":{"line":1,"column":0},"end":{"line":1,"column":75}},"1":{"start":{"line":3,"column":0},"end":{"line":3,"column":13}},"2":{"start":{"line":5,"column":2},"end":{"line":5,"column":null}},"3":{"start":{"line":9,"column":2},"end":{"line":9,"column":null}},"4":{"start":{"line":13,"column":2},"end":{"line":13,"column":null}},"5":{"start":{"line":17,"column":2},"end":{"line":17,"column":null}},"6":{"start":{"line":22,"column":2},"end":{"line":22,"column":null}},"7":{"start":{"line":28,"column":2},"end":{"line":28,"column":null}},"8":{"start":{"line":32,"column":2},"end":{"line":32,"column":null}},"9":{"start":{"line":36,"column":2},"end":{"line":36,"column":null}},"10":{"start":{"line":40,"column":2},"end":{"line":40,"column":null}},"11":{"start":{"line":44,"column":2},"end":{"line":44,"column":null}}},"fnMap":{},"branchMap":{},"s":{"0":1,"1":1,"2":1,"3":1,"4":1,"5":1,"6":1,"7":1,"8":1,"9":1,"10":1,"11":1},"f":{},"b":{}}
,"C:\\Users\\aahil\\OneDrive\\Documents\\vs\\Intellidine\\backend\\order-service\\src\\dto\\order-item.dto.ts": {"path":"C:\\Users\\aahil\\OneDrive\\Documents\\vs\\Intellidine\\backend\\order-service\\src\\dto\\order-item.dto.ts","statementMap":{"0":{"start":{"line":1,"column":0},"end":{"line":1,"column":75}},"1":{"start":{"line":3,"column":0},"end":{"line":3,"column":13}},"2":{"start":{"line":5,"column":2},"end":{"line":5,"column":null}},"3":{"start":{"line":9,"column":2},"end":{"line":9,"column":null}},"4":{"start":{"line":14,"column":2},"end":{"line":14,"column":null}},"5":{"start":{"line":18,"column":2},"end":{"line":18,"column":null}}},"fnMap":{},"branchMap":{},"s":{"0":1,"1":1,"2":1,"3":1,"4":1,"5":1},"f":{},"b":{}}
,"C:\\Users\\aahil\\OneDrive\\Documents\\vs\\Intellidine\\backend\\order-service\\src\\dto\\order-response.dto.ts": {"path":"C:\\Users\\aahil\\OneDrive\\Documents\\vs\\Intellidine\\backend\\order-service\\src\\dto\\order-response.dto.ts","statementMap":{"0":{"start":{"line":1,"column":0},"end":{"line":1,"column":13}},"1":{"start":{"line":12,"column":0},"end":{"line":12,"column":13}},"2":{"start":{"line":48,"column":0},"end":{"line":48,"column":13}}},"fnMap":{},"branchMap":{},"s":{"0":0,"1":0,"2":0},"f":{},"b":{}}
,"C:\\Users\\aahil\\OneDrive\\Documents\\vs\\Intellidine\\backend\\order-service\\src\\dto\\update-order-status.dto.ts": {"path":"C:\\Users\\aahil\\OneDrive\\Documents\\vs\\Intellidine\\backend\\order-service\\src\\dto\\update-order-status.dto.ts","statementMap":{"0":{"start":{"line":1,"column":0},"end":{"line":1,"column":65}},"1":{"start":{"line":3,"column":0},"end":{"line":3,"column":13}},"2":{"start":{"line":5,"column":2},"end":{"line":5,"column":null}},"3":{"start":{"line":9,"column":2},"end":{"line":9,"column":null}},"4":{"start":{"line":13,"column":2},"end":{"line":13,"column":null}}},"fnMap":{},"branchMap":{},"s":{"0":1,"1":1,"2":1,"3":1,"4":1},"f":{},"b":{}}
,"C:\\Users\\aahil\\OneDrive\\Documents\\vs\\Intellidine\\backend\\order-service\\src\\services\\kafka.producer.ts": {"path":"C:\\Users\\aahil\\OneDrive\\Documents\\vs\\Intellidine\\backend\\order-service\\src\\services\\kafka.producer.ts","statementMap":{"0":{"start":{"line":1,"column":0},"end":{"line":1,"column":83}},"1":{"start":{"line":2,"column":0},"end":{"line":2,"column":42}},"2":{"start":{"line":5,"column":7},"end":{"line":174,"column":null}},"3":{"start":{"line":6,"column":19},"end":{"line":6,"column":63}},"4":{"start":{"line":11,"column":4},"end":{"line":26,"column":5}},"5":{"start":{"line":12,"column":6},"end":{"line":19,"column":9}},"6":{"start":{"line":21,"column":6},"end":{"line":21,"column":44}},"7":{"start":{"line":22,"column":6},"end":{"line":22,"column":36}},"8":{"start":{"line":23,"column":6},"end":{"line":23,"column":50}},"9":{"start":{"line":25,"column":6},"end":{"line":25,"column":67}},"10":{"start":{"line":30,"column":4},"end":{"line":33,"column":5}},"11":{"start":{"line":31,"column":6},"end":{"line":31,"column":39}},"12":{"start":{"line":32,"column":6},"end":{"line":32,"column":53}},"13":{"start":{"line":41,"column":4},"end":{"line":60,"column":5}},"14":{"start":{"line":42,"column":6},"end":{"line":55,"column":9}},"15":{"start":{"line":56,"column":6},"end":{"line":56,"column":70}},"16":{"start":{"line":58,"column":6},"end":{"line":58,"column":87}},"17":{"start":{"line":59,"column":6},"end":{"line":59,"column":18}},"18":{"start":{"line":68,"column":4},"end":{"line":89,"column":5}},"19":{"start":{"line":69,"column":6},"end":{"line":84,"column":9}},"20":{"start":{"line":85,"column":6},"end":{"line":85,"column":107}},"21":{"start":{"line":87,"column":6},"end":{"line":87,"column":94}},"22":{"start":{"line":88,"column":6},"end":{"line":88,"column":18}},"23":{"start":{"line":97,"column":4},"end":{"line":117,"column":5}},"24":{"start":{"line":98,"column":6},"end":{"line":112,"column":9}},"25":{"start":{"line":113,"column":6},"end":{"line":113,"column":94}},"26":{"start":{"line":115,"column":6},"end":{"line":115,"column":89}},"27":{"start":{"line":116,"column":6},"end":{"line":116,"column":18}},"28":{"start":{"line":125,"column":4},"end":{"line":144,"column":5}},"29":{"start":{"line":126,"column":6},"end":{"line":139,"column":9}},"30":{"start":{"line":140,"column":6},"end":{"line":140,"column":75}},"31":{"start":{"line":142,"column":6},"end":{"line":142,"column":92}},"32":{"start":{"line":143,"column":6},"end":{"line":143,"column":18}},"33":{"start":{"line":152,"column":4},"end":{"line":172,"column":5}},"34":{"start":{"line":153,"column":6},"end":{"line":167,"column":9}},"35":{"start":{"line":168,"column":6},"end":{"line":168,"column":74}},"36":{"start":{"line":170,"column":6},"end":{"line":170,"column":91}},"37":{"start":{"line":171,"column":6},"end":{"line":171,"column":18}},"38":{"start":{"line":5,"column":13},"end":{"line":5,"column":33}},"39":{"start":{"line":5,"column":13},"end":{"line":174,"column":null}}},"fnMap":{"0":{"name":"(anonymous_1)","decl":{"start":{"line":5,"column":7},"end":{"line":5,"column":13}},"loc":{"start":{"line":5,"column":7},"end":{"line":174,"column":1}}},"1":{"name":"(anonymous_2)","decl":{"start":{"line":10,"column":2},"end":{"line":10,"column":7}},"loc":{"start":{"line":10,"column":20},"end":{"line":27,"column":3}}},"2":{"name":"(anonymous_3)","decl":{"start":{"line":29,"column":2},"end":{"line":29,"column":7}},"loc":{"start":{"line":29,"column":23},"end":{"line":34,"column":3}}},"3":{"name":"(anonymous_4)","decl":{"start":{"line":40,"column":2},"end":{"line":40,"column":7}},"loc":{"start":{"line":40,"column":75},"end":{"line":61,"column":3}}},"4":{"name":"(anonymous_5)","decl":{"start":{"line":67,"column":2},"end":{"line":67,"column":7}},"loc":{"start":{"line":67,"column":119},"end":{"line":90,"column":3}}},"5":{"name":"(anonymous_6)","decl":{"start":{"line":96,"column":2},"end":{"line":96,"column":7}},"loc":{"start":{"line":96,"column":93},"end":{"line":118,"column":3}}},"6":{"name":"(anonymous_7)","decl":{"start":{"line":124,"column":2},"end":{"line":124,"column":7}},"loc":{"start":{"line":124,"column":80},"end":{"line":145,"column":3}}},"7":{"name":"(anonymous_8)","decl":{"start":{"line":151,"column":2},"end":{"line":151,"column":7}},"loc":{"start":{"line":151,"column":104},"end":{"line":173,"column":3}}}},"branchMap":{"0":{"loc":{"start":{"line":14,"column":18},"end":{"line":14,"column":58}},"type":"binary-expr","locations":[{"start":{"line":14,"column":18},"end":{"line":14,"column":42}},{"start":{"line":14,"column":46},"end":{"line":14,"column":58}}]},"1":{"loc":{"start":{"line":30,"column":4},"end":{"line":33,"column":5}},"type":"if","locations":[{"start":{"line":30,"column":4},"end":{"line":33,"column":5}}]}},"s":{"0":1,"1":1,"2":1,"3":0,"4":0,"5":0,"6":0,"7":0,"8":0,"9":0,"10":0,"11":0,"12":0,"13":0,"14":0,"15":0,"16":0,"17":0,"18":0,"19":0,"20":0,"21":0,"22":0,"23":0,"24":0,"25":0,"26":0,"27":0,"28":0,"29":0,"30":0,"31":0,"32":0,"33":0,"34":0,"35":0,"36":0,"37":0,"38":1,"39":1},"f":{"0":0,"1":0,"2":0,"3":0,"4":0,"5":0,"6":0,"7":0},"b":{"0":[0,0],"1":[0]}}
,"C:\\Users\\aahil\\OneDrive\\Documents\\vs\\Intellidine\\backend\\order-service\\src\\services\\order.service.ts": {"path":"C:\\Users\\aahil\\OneDrive\\Documents\\vs\\Intellidine\\backend\\order-service\\src\\services\\order.service.ts","statementMap":{"0":{"start":{"line":1,"column":0},"end":{"line":1,"column":92}},"1":{"start":{"line":2,"column":0},"end":{"line":2,"column":50}},"2":{"start":{"line":3,"column":0},"end":{"line":3,"column":56}},"3":{"start":{"line":8,"column":0},"end":{"line":8,"column":57}},"4":{"start":{"line":11,"column":7},"end":{"line":362,"column":null}},"5":{"start":{"line":26,"column":21},"end":{"line":26,"column":36}},"6":{"start":{"line":27,"column":21},"end":{"line":27,"column":43}},"7":{"start":{"line":12,"column":19},"end":{"line":12,"column":55}},"8":{"start":{"line":15,"column":19},"end":{"line":23,"column":4}},"9":{"start":{"line":38,"column":4},"end":{"line":158,"column":5}},"10":{"start":{"line":40,"column":21},"end":{"line":42,"column":8}},"11":{"start":{"line":44,"column":6},"end":{"line":46,"column":7}},"12":{"start":{"line":45,"column":8},"end":{"line":45,"column":59}},"13":{"start":{"line":49,"column":24},"end":{"line":55,"column":8}},"14":{"start":{"line":51,"column":60},"end":{"line":51,"column":77}},"15":{"start":{"line":57,"column":6},"end":{"line":59,"column":7}},"16":{"start":{"line":58,"column":8},"end":{"line":58,"column":74}},"17":{"start":{"line":61,"column":26},"end":{"line":61,"column":75}},"18":{"start":{"line":61,"column":58},"end":{"line":61,"column":73}},"19":{"start":{"line":64,"column":21},"end":{"line":64,"column":22}},"20":{"start":{"line":65,"column":32},"end":{"line":65,"column":34}},"21":{"start":{"line":67,"column":6},"end":{"line":84,"column":7}},"22":{"start":{"line":68,"column":25},"end":{"line":68,"column":66}},"23":{"start":{"line":69,"column":8},"end":{"line":71,"column":9}},"24":{"start":{"line":70,"column":10},"end":{"line":70,"column":84}},"25":{"start":{"line":73,"column":26},"end":{"line":73,"column":63}},"26":{"start":{"line":74,"column":29},"end":{"line":74,"column":72}},"27":{"start":{"line":75,"column":8},"end":{"line":75,"column":44}},"28":{"start":{"line":77,"column":8},"end":{"line":83,"column":11}},"29":{"start":{"line":87,"column":24},"end":{"line":87,"column":57}},"30":{"start":{"line":88,"column":20},"end":{"line":88,"column":57}},"31":{"start":{"line":91,"column":23},"end":{"line":91,"column":49}},"32":{"start":{"line":92,"column":6},"end":{"line":109,"column":7}},"33":{"start":{"line":94,"column":31},"end":{"line":99,"column":10}},"34":{"start":{"line":100,"column":8},"end":{"line":100,"column":39}},"35":{"start":{"line":103,"column":25},"end":{"line":105,"column":10}},"36":{"start":{"line":106,"column":8},"end":{"line":108,"column":9}},"37":{"start":{"line":107,"column":10},"end":{"line":107,"column":63}},"38":{"start":{"line":112,"column":20},"end":{"line":132,"column":8}},"39":{"start":{"line":135,"column":6},"end":{"line":140,"column":9}},"40":{"start":{"line":143,"column":29},"end":{"line":146,"column":9}},"41":{"start":{"line":143,"column":60},"end":{"line":146,"column":8}},"42":{"start":{"line":148,"column":6},"end":{"line":148,"column":99}},"43":{"start":{"line":151,"column":6},"end":{"line":151,"column":114}},"44":{"start":{"line":153,"column":6},"end":{"line":153,"column":87}},"45":{"start":{"line":154,"column":6},"end":{"line":154,"column":44}},"46":{"start":{"line":156,"column":6},"end":{"line":156,"column":80}},"47":{"start":{"line":157,"column":6},"end":{"line":157,"column":18}},"48":{"start":{"line":165,"column":18},"end":{"line":174,"column":6}},"49":{"start":{"line":176,"column":4},"end":{"line":178,"column":5}},"50":{"start":{"line":177,"column":6},"end":{"line":177,"column":64}},"51":{"start":{"line":180,"column":4},"end":{"line":180,"column":42}},"52":{"start":{"line":187,"column":17},"end":{"line":187,"column":35}},"53":{"start":{"line":188,"column":18},"end":{"line":188,"column":53}},"54":{"start":{"line":189,"column":17},"end":{"line":189,"column":35}},"55":{"start":{"line":191,"column":23},"end":{"line":191,"column":46}},"56":{"start":{"line":193,"column":4},"end":{"line":195,"column":5}},"57":{"start":{"line":194,"column":6},"end":{"line":194,"column":37}},"58":{"start":{"line":197,"column":4},"end":{"line":199,"column":5}},"59":{"start":{"line":198,"column":6},"end":{"line":198,"column":55}},"60":{"start":{"line":201,"column":4},"end":{"line":203,"column":5}},"61":{"start":{"line":202,"column":6},"end":{"line":202,"column":47}},"62":{"start":{"line":206,"column":4},"end":{"line":214,"column":5}},"63":{"start":{"line":207,"column":6},"end":{"line":207,"column":28}},"64":{"start":{"line":208,"column":6},"end":{"line":210,"column":7}},"65":{"start":{"line":209,"column":8},"end":{"line":209,"column":60}},"66":{"start":{"line":211,"column":6},"end":{"line":213,"column":7}},"67":{"start":{"line":212,"column":8},"end":{"line":212,"column":73}},"68":{"start":{"line":216,"column":28},"end":{"line":229,"column":6}},"69":{"start":{"line":231,"column":17},"end":{"line":240,"column":7}},"70":{"start":{"line":231,"column":45},"end":{"line":240,"column":6}},"71":{"start":{"line":242,"column":4},"end":{"line":242,"column":40}},"72":{"start":{"line":249,"column":18},"end":{"line":258,"column":6}},"73":{"start":{"line":260,"column":4},"end":{"line":262,"column":5}},"74":{"start":{"line":261,"column":6},"end":{"line":261,"column":64}},"75":{"start":{"line":264,"column":4},"end":{"line":266,"column":5}},"76":{"start":{"line":265,"column":6},"end":{"line":265,"column":90}},"77":{"start":{"line":269,"column":25},"end":{"line":269,"column":62}},"78":{"start":{"line":270,"column":29},"end":{"line":270,"column":71}},"79":{"start":{"line":271,"column":4},"end":{"line":275,"column":5}},"80":{"start":{"line":272,"column":6},"end":{"line":274,"column":8}},"81":{"start":{"line":277,"column":22},"end":{"line":277,"column":34}},"82":{"start":{"line":280,"column":25},"end":{"line":292,"column":6}},"83":{"start":{"line":295,"column":4},"end":{"line":298,"column":7}},"84":{"start":{"line":301,"column":4},"end":{"line":305,"column":5}},"85":{"start":{"line":302,"column":6},"end":{"line":304,"column":9}},"86":{"start":{"line":307,"column":4},"end":{"line":307,"column":88}},"87":{"start":{"line":308,"column":4},"end":{"line":308,"column":49}},"88":{"start":{"line":315,"column":4},"end":{"line":318,"column":7}},"89":{"start":{"line":325,"column":42},"end":{"line":334,"column":7}},"90":{"start":{"line":325,"column":74},"end":{"line":334,"column":6}},"91":{"start":{"line":336,"column":4},"end":{"line":360,"column":6}},"92":{"start":{"line":11,"column":13},"end":{"line":11,"column":25}},"93":{"start":{"line":11,"column":13},"end":{"line":362,"column":null}}},"fnMap":{"0":{"name":"(anonymous_2)","decl":{"start":{"line":25,"column":2},"end":{"line":25,"column":null}},"loc":{"start":{"line":27,"column":63},"end":{"line":28,"column":6}}},"1":{"name":"(anonymous_3)","decl":{"start":{"line":37,"column":2},"end":{"line":37,"column":7}},"loc":{"start":{"line":37,"column":68},"end":{"line":159,"column":3}}},"2":{"name":"(anonymous_4)","decl":{"start":{"line":51,"column":45},"end":{"line":51,"column":46}},"loc":{"start":{"line":51,"column":60},"end":{"line":51,"column":77}}},"3":{"name":"(anonymous_5)","decl":{"start":{"line":61,"column":48},"end":{"line":61,"column":49}},"loc":{"start":{"line":61,"column":58},"end":{"line":61,"column":73}}},"4":{"name":"(anonymous_6)","decl":{"start":{"line":143,"column":44},"end":{"line":143,"column":45}},"loc":{"start":{"line":143,"column":60},"end":{"line":146,"column":8}}},"5":{"name":"(anonymous_7)","decl":{"start":{"line":164,"column":2},"end":{"line":164,"column":7}},"loc":{"start":{"line":164,"column":32},"end":{"line":181,"column":3}}},"6":{"name":"(anonymous_8)","decl":{"start":{"line":186,"column":2},"end":{"line":186,"column":7}},"loc":{"start":{"line":186,"column":65},"end":{"line":243,"column":3}}},"7":{"name":"(anonymous_9)","decl":{"start":{"line":231,"column":28},"end":{"line":231,"column":29}},"loc":{"start":{"line":231,"column":45},"end":{"line":240,"column":6}}},"8":{"name":"(anonymous_10)","decl":{"start":{"line":248,"column":2},"end":{"line":248,"column":7}},"loc":{"start":{"line":248,"column":98},"end":{"line":309,"column":3}}},"9":{"name":"(anonymous_11)","decl":{"start":{"line":314,"column":2},"end":{"line":314,"column":7}},"loc":{"start":{"line":314,"column":70},"end":{"line":319,"column":3}}},"10":{"name":"(anonymous_12)","decl":{"start":{"line":324,"column":10},"end":{"line":324,"column":28}},"loc":{"start":{"line":324,"column":39},"end":{"line":361,"column":3}}},"11":{"name":"(anonymous_13)","decl":{"start":{"line":325,"column":58},"end":{"line":325,"column":59}},"loc":{"start":{"line":325,"column":74},"end":{"line":334,"column":6}}}},"branchMap":{"0":{"loc":{"start":{"line":44,"column":6},"end":{"line":46,"column":7}},"type":"if","locations":[{"start":{"line":44,"column":6},"end":{"line":46,"column":7}}]},"1":{"loc":{"start":{"line":57,"column":6},"end":{"line":59,"column":7}},"type":"if","locations":[{"start":{"line":57,"column":6},"end":{"line":59,"column":7}}]},"2":{"loc":{"start":{"line":69,"column":8},"end":{"line":71,"column":9}},"type":"if","locations":[{"start":{"line":69,"column":8},"end":{"line":71,"column":9}}]},"3":{"loc":{"start":{"line":73,"column":26},"end":{"line":73,"column":63}},"type":"binary-expr","locations":[{"start":{"line":73,"column":26},"end":{"line":73,"column":45}},{"start":{"line":73,"column":49},"end":{"line":73,"column":63}}]},"4":{"loc":{"start":{"line":92,"column":6},"end":{"line":109,"column":7}},"type":"if","locations":[{"start":{"line":92,"column":6},"end":{"line":109,"column":7}},{"start":{"line":101,"column":13},"end":{"line":109,"column":7}}]},"5":{"loc":{"start":{"line":106,"column":8},"end":{"line":108,"column":9}},"type":"if","locations":[{"start":{"line":106,"column":8},"end":{"line":108,"column":9}}]},"6":{"loc":{"start":{"line":176,"column":4},"end":{"line":178,"column":5}},"type":"if","locations":[{"start":{"line":176,"column":4},"end":{"line":178,"column":5}}]},"7":{"loc":{"start":{"line":187,"column":17},"end":{"line":187,"column":35}},"type":"binary-expr","locations":[{"start":{"line":187,"column":17},"end":{"line":187,"column":30}},{"start":{"line":187,"column":34},"end":{"line":187,"column":35}}]},"8":{"loc":{"start":{"line":188,"column":27},"end":{"line":188,"column":47}},"type":"binary-expr","locations":[{"start":{"line":188,"column":27},"end":{"line":188,"column":41}},{"start":{"line":188,"column":45},"end":{"line":188,"column":47}}]},"9":{"loc":{"start":{"line":193,"column":4},"end":{"line":195,"column":5}},"type":"if","locations":[{"start":{"line":193,"column":4},"end":{"line":195,"column":5}}]},"10":{"loc":{"start":{"line":197,"column":4},"end":{"line":199,"column":5}},"type":"if","locations":[{"start":{"line":197,"column":4},"end":{"line":199,"column":5}}]},"11":{"loc":{"start":{"line":201,"column":4},"end":{"line":203,"column":5}},"type":"if","locations":[{"start":{"line":201,"column":4},"end":{"line":203,"column":5}}]},"12":{"loc":{"start":{"line":206,"column":4},"end":{"line":214,"column":5}},"type":"if","locations":[{"start":{"line":206,"column":4},"end":{"line":214,"column":5}}]},"13":{"loc":{"start":{"line":206,"column":8},"end":{"line":206,"column":46}},"type":"binary-expr","locations":[{"start":{"line":206,"column":8},"end":{"line":206,"column":26}},{"start":{"line":206,"column":30},"end":{"line":206,"column":46}}]},"14":{"loc":{"start":{"line":208,"column":6},"end":{"line":210,"column":7}},"type":"if","locations":[{"start":{"line":208,"column":6},"end":{"line":210,"column":7}}]},"15":{"loc":{"start":{"line":211,"column":6},"end":{"line":213,"column":7}},"type":"if","locations":[{"start":{"line":211,"column":6},"end":{"line":213,"column":7}}]},"16":{"loc":{"start":{"line":222,"column":11},"end":{"line":222,"column":43}},"type":"binary-expr","locations":[{"start":{"line":222,"column":11},"end":{"line":222,"column":27}},{"start":{"line":222,"column":31},"end":{"line":222,"column":43}}]},"17":{"loc":{"start":{"line":222,"column":46},"end":{"line":222,"column":75}},"type":"binary-expr","locations":[{"start":{"line":222,"column":46},"end":{"line":222,"column":65}},{"start":{"line":222,"column":69},"end":{"line":222,"column":75}}]},"18":{"loc":{"start":{"line":260,"column":4},"end":{"line":262,"column":5}},"type":"if","locations":[{"start":{"line":260,"column":4},"end":{"line":262,"column":5}}]},"19":{"loc":{"start":{"line":264,"column":4},"end":{"line":266,"column":5}},"type":"if","locations":[{"start":{"line":264,"column":4},"end":{"line":266,"column":5}}]},"20":{"loc":{"start":{"line":269,"column":25},"end":{"line":269,"column":62}},"type":"cond-expr","locations":[{"start":{"line":269,"column":47},"end":{"line":269,"column":49}},{"start":{"line":269,"column":47},"end":{"line":269,"column":62}}]},"21":{"loc":{"start":{"line":269,"column":25},"end":{"line":269,"column":49}},"type":"binary-expr","locations":[{"start":{"line":269,"column":25},"end":{"line":269,"column":49}},{"start":{"line":269,"column":47},"end":{"line":269,"column":49}}]},"22":{"loc":{"start":{"line":270,"column":29},"end":{"line":270,"column":71}},"type":"binary-expr","locations":[{"start":{"line":270,"column":29},"end":{"line":270,"column":65}},{"start":{"line":270,"column":69},"end":{"line":270,"column":71}}]},"23":{"loc":{"start":{"line":271,"column":4},"end":{"line":275,"column":5}},"type":"if","locations":[{"start":{"line":271,"column":4},"end":{"line":275,"column":5}}]},"24":{"loc":{"start":{"line":301,"column":4},"end":{"line":305,"column":5}},"type":"if","locations":[{"start":{"line":301,"column":4},"end":{"line":305,"column":5}}]},"25":{"loc":{"start":{"line":317,"column":13},"end":{"line":317,"column":25}},"type":"binary-expr","locations":[{"start":{"line":317,"column":13},"end":{"line":317,"column":19}},{"start":{"line":317,"column":23},"end":{"line":317,"column":25}}]}},"s":{"0":1,"1":1,"2":1,"3":1,"4":1,"5":0,"6":0,"7":0,"8":0,"9":0,"10":0,"11":0,"12":0,"13":0,"14":0,"15":0,"16":0,"17":0,"18":0,"19":0,"20":0,"21":0,"22":0,"23":0,"24":0,"25":0,"26":0,"27":0,"28":0,"29":0,"30":0,"31":0,"32":0,"33":0,"34":0,"35":0,"36":0,"37":0,"38":0,"39":0,"40":0,"41":0,"42":0,"43":0,"44":0,"45":0,"46":0,"47":0,"48":0,"49":0,"50":0,"51":0,"52":0,"53":0,"54":0,"55":0,"56":0,"57":0,"58":0,"59":0,"60":0,"61":0,"62":0,"63":0,"64":0,"65":0,"66":0,"67":0,"68":0,"69":0,"70":0,"71":0,"72":0,"73":0,"74":0,"75":0,"76":0,"77":0,"78":0,"79":0,"80":0,"81":0,"82":0,"83":0,"84":0,"85":0,"86":0,"87":0,"88":0,"89":0,"90":0,"91":0,"92":1,"93":1},"f":{"0":0,"1":0,"2":0,"3":0,"4":0,"5":0,"6":0,"7":0,"8":0,"9":0,"10":0,"11":0},"b":{"0":[0],"1":[0],"2":[0],"3":[0,0],"4":[0,0],"5":[0],"6":[0],"7":[0,0],"8":[0,0],"9":[0],"10":[0],"11":[0],"12":[0],"13":[0,0],"14":[0],"15":[0],"16":[0,0],"17":[0,0],"18":[0],"19":[0],"20":[0,0],"21":[0,0],"22":[0,0],"23":[0],"24":[0],"25":[0,0]}}
}
