TN:
SF:src\app.controller.ts
FN:12,(anonymous_4)
FN:18,(anonymous_5)
FN:32,(anonymous_6)
FN:44,(anonymous_7)
FN:56,(anonymous_8)
FN:71,(anonymous_9)
FN:89,(anonymous_10)
FNF:7
FNH:0
FNDA:0,(anonymous_4)
FNDA:0,(anonymous_5)
FNDA:0,(anonymous_6)
FNDA:0,(anonymous_7)
FNDA:0,(anonymous_8)
FNDA:0,(anonymous_9)
FNDA:0,(anonymous_10)
DA:1,1
DA:2,1
DA:3,1
DA:4,1
DA:5,1
DA:6,1
DA:9,1
DA:10,0
DA:12,0
DA:18,1
DA:19,0
DA:32,1
DA:33,0
DA:44,1
DA:45,0
DA:56,1
DA:57,0
DA:58,0
DA:71,1
DA:76,0
DA:89,1
DA:90,0
LF:22
LH:13
BRDA:90,0,0,0
BRDA:90,0,1,0
BRDA:90,1,0,0
BRDA:90,1,1,0
BRF:4
BRH:0
end_of_record
TN:
SF:src\app.module.ts
FNF:0
FNH:0
DA:1,0
DA:2,0
DA:3,0
DA:4,0
DA:5,0
DA:12,0
LF:6
LH:0
BRF:0
BRH:0
end_of_record
TN:
SF:src\main.ts
FN:5,bootstrap
FNF:1
FNH:0
FNDA:0,bootstrap
DA:1,0
DA:2,0
DA:3,0
DA:6,0
DA:7,0
DA:8,0
DA:9,0
DA:12,0
LF:8
LH:0
BRDA:7,0,0,0
BRDA:7,0,1,0
BRF:2
BRH:0
end_of_record
TN:
SF:src\prisma.service.ts
FN:9,(anonymous_1)
FN:14,(anonymous_2)
FNF:2
FNH:0
FNDA:0,(anonymous_1)
FNDA:0,(anonymous_2)
DA:1,1
DA:2,1
DA:5,1
DA:11,0
DA:16,0
LF:5
LH:3
BRF:0
BRH:0
end_of_record
TN:
SF:src\dto\create-order.dto.ts
FN:14,(anonymous_2)
FNF:1
FNH:0
FNDA:0,(anonymous_2)
DA:1,1
DA:2,1
DA:3,1
DA:5,1
DA:7,1
DA:10,1
DA:14,0
DA:15,1
DA:19,1
DA:24,1
DA:28,1
DA:33,1
DA:38,1
DA:42,1
DA:46,1
LF:15
LH:14
BRF:0
BRH:0
end_of_record
TN:
SF:src\dto\list-orders.dto.ts
FNF:0
FNH:0
DA:1,1
DA:3,1
DA:5,1
DA:9,1
DA:13,1
DA:17,1
DA:22,1
DA:28,1
DA:32,1
DA:36,1
DA:40,1
DA:44,1
LF:12
LH:12
BRF:0
BRH:0
end_of_record
TN:
SF:src\dto\order-item.dto.ts
FNF:0
FNH:0
DA:1,1
DA:3,1
DA:5,1
DA:9,1
DA:14,1
DA:18,1
LF:6
LH:6
BRF:0
BRH:0
end_of_record
TN:
SF:src\dto\order-response.dto.ts
FNF:0
FNH:0
DA:1,0
DA:12,0
DA:48,0
LF:3
LH:0
BRF:0
BRH:0
end_of_record
TN:
SF:src\dto\update-order-status.dto.ts
FNF:0
FNH:0
DA:1,1
DA:3,1
DA:5,1
DA:9,1
DA:13,1
LF:5
LH:5
BRF:0
BRH:0
end_of_record
TN:
SF:src\services\kafka.producer.ts
FN:5,(anonymous_1)
FN:10,(anonymous_2)
FN:29,(anonymous_3)
FN:40,(anonymous_4)
FN:67,(anonymous_5)
FN:96,(anonymous_6)
FN:124,(anonymous_7)
FN:151,(anonymous_8)
FNF:8
FNH:0
FNDA:0,(anonymous_1)
FNDA:0,(anonymous_2)
FNDA:0,(anonymous_3)
FNDA:0,(anonymous_4)
FNDA:0,(anonymous_5)
FNDA:0,(anonymous_6)
FNDA:0,(anonymous_7)
FNDA:0,(anonymous_8)
DA:1,1
DA:2,1
DA:5,1
DA:6,0
DA:11,0
DA:12,0
DA:21,0
DA:22,0
DA:23,0
DA:25,0
DA:30,0
DA:31,0
DA:32,0
DA:41,0
DA:42,0
DA:56,0
DA:58,0
DA:59,0
DA:68,0
DA:69,0
DA:85,0
DA:87,0
DA:88,0
DA:97,0
DA:98,0
DA:113,0
DA:115,0
DA:116,0
DA:125,0
DA:126,0
DA:140,0
DA:142,0
DA:143,0
DA:152,0
DA:153,0
DA:168,0
DA:170,0
DA:171,0
LF:38
LH:3
BRDA:14,0,0,0
BRDA:14,0,1,0
BRDA:30,1,0,0
BRF:3
BRH:0
end_of_record
TN:
SF:src\services\order.service.ts
FN:25,(anonymous_2)
FN:37,(anonymous_3)
FN:51,(anonymous_4)
FN:61,(anonymous_5)
FN:143,(anonymous_6)
FN:164,(anonymous_7)
FN:186,(anonymous_8)
FN:231,(anonymous_9)
FN:248,(anonymous_10)
FN:314,(anonymous_11)
FN:324,(anonymous_12)
FN:325,(anonymous_13)
FNF:12
FNH:0
FNDA:0,(anonymous_2)
FNDA:0,(anonymous_3)
FNDA:0,(anonymous_4)
FNDA:0,(anonymous_5)
FNDA:0,(anonymous_6)
FNDA:0,(anonymous_7)
FNDA:0,(anonymous_8)
FNDA:0,(anonymous_9)
FNDA:0,(anonymous_10)
FNDA:0,(anonymous_11)
FNDA:0,(anonymous_12)
FNDA:0,(anonymous_13)
DA:1,1
DA:2,1
DA:3,1
DA:8,1
DA:11,1
DA:12,0
DA:15,0
DA:26,0
DA:27,0
DA:38,0
DA:40,0
DA:44,0
DA:45,0
DA:49,0
DA:51,0
DA:57,0
DA:58,0
DA:61,0
DA:64,0
DA:65,0
DA:67,0
DA:68,0
DA:69,0
DA:70,0
DA:73,0
DA:74,0
DA:75,0
DA:77,0
DA:87,0
DA:88,0
DA:91,0
DA:92,0
DA:94,0
DA:100,0
DA:103,0
DA:106,0
DA:107,0
DA:112,0
DA:135,0
DA:143,0
DA:148,0
DA:151,0
DA:153,0
DA:154,0
DA:156,0
DA:157,0
DA:165,0
DA:176,0
DA:177,0
DA:180,0
DA:187,0
DA:188,0
DA:189,0
DA:191,0
DA:193,0
DA:194,0
DA:197,0
DA:198,0
DA:201,0
DA:202,0
DA:206,0
DA:207,0
DA:208,0
DA:209,0
DA:211,0
DA:212,0
DA:216,0
DA:231,0
DA:242,0
DA:249,0
DA:260,0
DA:261,0
DA:264,0
DA:265,0
DA:269,0
DA:270,0
DA:271,0
DA:272,0
DA:277,0
DA:280,0
DA:295,0
DA:301,0
DA:302,0
DA:307,0
DA:308,0
DA:315,0
DA:325,0
DA:336,0
LF:88
LH:5
BRDA:44,0,0,0
BRDA:57,1,0,0
BRDA:69,2,0,0
BRDA:73,3,0,0
BRDA:73,3,1,0
BRDA:92,4,0,0
BRDA:92,4,1,0
BRDA:106,5,0,0
BRDA:176,6,0,0
BRDA:187,7,0,0
BRDA:187,7,1,0
BRDA:188,8,0,0
BRDA:188,8,1,0
BRDA:193,9,0,0
BRDA:197,10,0,0
BRDA:201,11,0,0
BRDA:206,12,0,0
BRDA:206,13,0,0
BRDA:206,13,1,0
BRDA:208,14,0,0
BRDA:211,15,0,0
BRDA:222,16,0,0
BRDA:222,16,1,0
BRDA:222,17,0,0
BRDA:222,17,1,0
BRDA:260,18,0,0
BRDA:264,19,0,0
BRDA:269,20,0,0
BRDA:269,20,1,0
BRDA:269,21,0,0
BRDA:269,21,1,0
BRDA:270,22,0,0
BRDA:270,22,1,0
BRDA:271,23,0,0
BRDA:301,24,0,0
BRDA:317,25,0,0
BRDA:317,25,1,0
BRF:37
BRH:0
end_of_record
