{"C:\\Users\\aahil\\OneDrive\\Documents\\vs\\Intellidine\\backend\\payment-service\\src\\app.controller.ts": {"path":"C:\\Users\\aahil\\OneDrive\\Documents\\vs\\Intellidine\\backend\\payment-service\\src\\app.controller.ts","statementMap":{"0":{"start":{"line":1,"column":0},"end":{"line":1,"column":111}},"1":{"start":{"line":2,"column":0},"end":{"line":2,"column":75}},"2":{"start":{"line":3,"column":0},"end":{"line":3,"column":62}},"3":{"start":{"line":4,"column":0},"end":{"line":4,"column":59}},"4":{"start":{"line":5,"column":0},"end":{"line":5,"column":60}},"5":{"start":{"line":6,"column":0},"end":{"line":6,"column":86}},"6":{"start":{"line":7,"column":0},"end":{"line":7,"column":62}},"7":{"start":{"line":8,"column":0},"end":{"line":8,"column":66}},"8":{"start":{"line":11,"column":26},"end":{"line":310,"column":null}},"9":{"start":{"line":15,"column":12},"end":{"line":15,"column":28}},"10":{"start":{"line":16,"column":12},"end":{"line":16,"column":29}},"11":{"start":{"line":17,"column":12},"end":{"line":17,"column":29}},"12":{"start":{"line":12,"column":19},"end":{"line":12,"column":59}},"13":{"start":{"line":31,"column":4},"end":{"line":36,"column":5}},"14":{"start":{"line":32,"column":6},"end":{"line":35,"column":8}},"15":{"start":{"line":39,"column":20},"end":{"line":42,"column":null}},"16":{"start":{"line":46,"column":26},"end":{"line":51,"column":null}},"17":{"start":{"line":55,"column":4},"end":{"line":62,"column":7}},"18":{"start":{"line":64,"column":4},"end":{"line":78,"column":6}},"19":{"start":{"line":93,"column":4},"end":{"line":98,"column":5}},"20":{"start":{"line":94,"column":6},"end":{"line":97,"column":8}},"21":{"start":{"line":101,"column":29},"end":{"line":104,"column":null}},"22":{"start":{"line":107,"column":4},"end":{"line":112,"column":5}},"23":{"start":{"line":108,"column":6},"end":{"line":111,"column":8}},"24":{"start":{"line":115,"column":18},"end":{"line":115,"column":83}},"25":{"start":{"line":117,"column":4},"end":{"line":122,"column":5}},"26":{"start":{"line":118,"column":6},"end":{"line":121,"column":8}},"27":{"start":{"line":125,"column":4},"end":{"line":130,"column":6}},"28":{"start":{"line":133,"column":26},"end":{"line":135,"column":null}},"29":{"start":{"line":139,"column":4},"end":{"line":146,"column":7}},"30":{"start":{"line":148,"column":4},"end":{"line":157,"column":6}},"31":{"start":{"line":172,"column":4},"end":{"line":177,"column":5}},"32":{"start":{"line":173,"column":6},"end":{"line":176,"column":8}},"33":{"start":{"line":180,"column":20},"end":{"line":183,"column":null}},"34":{"start":{"line":187,"column":4},"end":{"line":193,"column":7}},"35":{"start":{"line":195,"column":4},"end":{"line":205,"column":6}},"36":{"start":{"line":213,"column":4},"end":{"line":213,"column":93}},"37":{"start":{"line":229,"column":23},"end":{"line":229,"column":57}},"38":{"start":{"line":230,"column":22},"end":{"line":230,"column":63}},"39":{"start":{"line":231,"column":20},"end":{"line":231,"column":66}},"40":{"start":{"line":233,"column":18},"end":{"line":233,"column":79}},"41":{"start":{"line":235,"column":4},"end":{"line":241,"column":6}},"42":{"start":{"line":254,"column":20},"end":{"line":254,"column":71}},"43":{"start":{"line":256,"column":4},"end":{"line":261,"column":5}},"44":{"start":{"line":257,"column":6},"end":{"line":260,"column":8}},"45":{"start":{"line":263,"column":4},"end":{"line":274,"column":6}},"46":{"start":{"line":286,"column":21},"end":{"line":286,"column":59}},"47":{"start":{"line":287,"column":22},"end":{"line":287,"column":45}},"48":{"start":{"line":289,"column":32},"end":{"line":289,"column":91}},"49":{"start":{"line":291,"column":4},"end":{"line":308,"column":6}},"50":{"start":{"line":294,"column":44},"end":{"line":301,"column":10}},"51":{"start":{"line":11,"column":13},"end":{"line":11,"column":26}},"52":{"start":{"line":29,"column":8},"end":{"line":79,"column":null}},"53":{"start":{"line":91,"column":8},"end":{"line":158,"column":null}},"54":{"start":{"line":170,"column":8},"end":{"line":206,"column":null}},"55":{"start":{"line":212,"column":2},"end":{"line":214,"column":null}},"56":{"start":{"line":225,"column":8},"end":{"line":242,"column":null}},"57":{"start":{"line":252,"column":8},"end":{"line":275,"column":null}},"58":{"start":{"line":282,"column":8},"end":{"line":309,"column":null}},"59":{"start":{"line":11,"column":13},"end":{"line":310,"column":null}}},"fnMap":{"0":{"name":"(anonymous_4)","decl":{"start":{"line":14,"column":2},"end":{"line":14,"column":null}},"loc":{"start":{"line":17,"column":44},"end":{"line":18,"column":6}}},"1":{"name":"(anonymous_5)","decl":{"start":{"line":29,"column":2},"end":{"line":29,"column":7}},"loc":{"start":{"line":29,"column":108},"end":{"line":79,"column":3}}},"2":{"name":"(anonymous_6)","decl":{"start":{"line":91,"column":2},"end":{"line":91,"column":7}},"loc":{"start":{"line":91,"column":97},"end":{"line":158,"column":3}}},"3":{"name":"(anonymous_7)","decl":{"start":{"line":170,"column":2},"end":{"line":170,"column":7}},"loc":{"start":{"line":170,"column":106},"end":{"line":206,"column":3}}},"4":{"name":"(anonymous_8)","decl":{"start":{"line":212,"column":2},"end":{"line":212,"column":8}},"loc":{"start":{"line":212,"column":8},"end":{"line":214,"column":3}}},"5":{"name":"(anonymous_9)","decl":{"start":{"line":225,"column":2},"end":{"line":225,"column":7}},"loc":{"start":{"line":227,"column":41},"end":{"line":242,"column":3}}},"6":{"name":"(anonymous_10)","decl":{"start":{"line":252,"column":2},"end":{"line":252,"column":7}},"loc":{"start":{"line":252,"column":95},"end":{"line":275,"column":3}}},"7":{"name":"(anonymous_11)","decl":{"start":{"line":282,"column":2},"end":{"line":282,"column":7}},"loc":{"start":{"line":284,"column":36},"end":{"line":309,"column":3}}},"8":{"name":"(anonymous_12)","decl":{"start":{"line":294,"column":31},"end":{"line":294,"column":32}},"loc":{"start":{"line":294,"column":44},"end":{"line":301,"column":10}}}},"branchMap":{"0":{"loc":{"start":{"line":31,"column":4},"end":{"line":36,"column":5}},"type":"if","locations":[{"start":{"line":31,"column":4},"end":{"line":36,"column":5}}]},"1":{"loc":{"start":{"line":31,"column":8},"end":{"line":31,"column":62}},"type":"binary-expr","locations":[{"start":{"line":31,"column":8},"end":{"line":31,"column":34}},{"start":{"line":31,"column":38},"end":{"line":31,"column":62}}]},"2":{"loc":{"start":{"line":93,"column":4},"end":{"line":98,"column":5}},"type":"if","locations":[{"start":{"line":93,"column":4},"end":{"line":98,"column":5}}]},"3":{"loc":{"start":{"line":93,"column":8},"end":{"line":93,"column":103}},"type":"binary-expr","locations":[{"start":{"line":93,"column":8},"end":{"line":93,"column":36}},{"start":{"line":93,"column":40},"end":{"line":93,"column":70}},{"start":{"line":93,"column":74},"end":{"line":93,"column":103}}]},"4":{"loc":{"start":{"line":107,"column":4},"end":{"line":112,"column":5}},"type":"if","locations":[{"start":{"line":107,"column":4},"end":{"line":112,"column":5}}]},"5":{"loc":{"start":{"line":117,"column":4},"end":{"line":122,"column":5}},"type":"if","locations":[{"start":{"line":117,"column":4},"end":{"line":122,"column":5}}]},"6":{"loc":{"start":{"line":172,"column":4},"end":{"line":177,"column":5}},"type":"if","locations":[{"start":{"line":172,"column":4},"end":{"line":177,"column":5}}]},"7":{"loc":{"start":{"line":172,"column":8},"end":{"line":172,"column":56}},"type":"binary-expr","locations":[{"start":{"line":172,"column":8},"end":{"line":172,"column":28}},{"start":{"line":172,"column":32},"end":{"line":172,"column":56}}]},"8":{"loc":{"start":{"line":229,"column":23},"end":{"line":229,"column":57}},"type":"cond-expr","locations":[{"start":{"line":229,"column":30},"end":{"line":229,"column":44}},{"start":{"line":229,"column":47},"end":{"line":229,"column":57}}]},"9":{"loc":{"start":{"line":256,"column":4},"end":{"line":261,"column":5}},"type":"if","locations":[{"start":{"line":256,"column":4},"end":{"line":261,"column":5}}]},"10":{"loc":{"start":{"line":286,"column":39},"end":{"line":286,"column":52}},"type":"binary-expr","locations":[{"start":{"line":286,"column":39},"end":{"line":286,"column":44}},{"start":{"line":286,"column":48},"end":{"line":286,"column":52}}]},"11":{"loc":{"start":{"line":287,"column":31},"end":{"line":287,"column":44}},"type":"binary-expr","locations":[{"start":{"line":287,"column":31},"end":{"line":287,"column":37}},{"start":{"line":287,"column":41},"end":{"line":287,"column":44}}]}},"s":{"0":1,"1":1,"2":1,"3":1,"4":1,"5":1,"6":1,"7":1,"8":1,"9":2,"10":2,"11":2,"12":2,"13":0,"14":0,"15":0,"16":0,"17":0,"18":0,"19":0,"20":0,"21":0,"22":0,"23":0,"24":0,"25":0,"26":0,"27":0,"28":0,"29":0,"30":0,"31":0,"32":0,"33":0,"34":0,"35":0,"36":1,"37":0,"38":0,"39":0,"40":0,"41":0,"42":0,"43":0,"44":0,"45":0,"46":0,"47":0,"48":0,"49":0,"50":0,"51":1,"52":1,"53":1,"54":1,"55":1,"56":1,"57":1,"58":1,"59":1},"f":{"0":2,"1":0,"2":0,"3":0,"4":1,"5":0,"6":0,"7":0,"8":0},"b":{"0":[0],"1":[0,0],"2":[0],"3":[0,0,0],"4":[0],"5":[0],"6":[0],"7":[0,0],"8":[0,0],"9":[0],"10":[0,0],"11":[0,0]}}
,"C:\\Users\\aahil\\OneDrive\\Documents\\vs\\Intellidine\\backend\\payment-service\\src\\app.module.ts": {"path":"C:\\Users\\aahil\\OneDrive\\Documents\\vs\\Intellidine\\backend\\payment-service\\src\\app.module.ts","statementMap":{"0":{"start":{"line":1,"column":0},"end":{"line":1,"column":40}},"1":{"start":{"line":2,"column":0},"end":{"line":2,"column":49}},"2":{"start":{"line":3,"column":0},"end":{"line":3,"column":60}},"3":{"start":{"line":4,"column":0},"end":{"line":4,"column":62}},"4":{"start":{"line":5,"column":0},"end":{"line":5,"column":59}},"5":{"start":{"line":6,"column":0},"end":{"line":6,"column":49}},"6":{"start":{"line":13,"column":7},"end":{"line":13,"column":null}},"7":{"start":{"line":13,"column":13},"end":{"line":13,"column":22}},"8":{"start":{"line":13,"column":13},"end":{"line":13,"column":null}}},"fnMap":{},"branchMap":{},"s":{"0":0,"1":0,"2":0,"3":0,"4":0,"5":0,"6":0,"7":0,"8":0},"f":{},"b":{}}
,"C:\\Users\\aahil\\OneDrive\\Documents\\vs\\Intellidine\\backend\\payment-service\\src\\main.ts": {"path":"C:\\Users\\aahil\\OneDrive\\Documents\\vs\\Intellidine\\backend\\payment-service\\src\\main.ts","statementMap":{"0":{"start":{"line":1,"column":0},"end":{"line":1,"column":26}},"1":{"start":{"line":2,"column":0},"end":{"line":2,"column":43}},"2":{"start":{"line":3,"column":0},"end":{"line":3,"column":41}},"3":{"start":{"line":6,"column":14},"end":{"line":6,"column":49}},"4":{"start":{"line":7,"column":15},"end":{"line":7,"column":65}},"5":{"start":{"line":8,"column":2},"end":{"line":8,"column":54}},"6":{"start":{"line":9,"column":2},"end":{"line":9,"column":25}},"7":{"start":{"line":12,"column":0},"end":{"line":12,"column":12}}},"fnMap":{"0":{"name":"bootstrap","decl":{"start":{"line":5,"column":15},"end":{"line":5,"column":24}},"loc":{"start":{"line":5,"column":24},"end":{"line":10,"column":1}}}},"branchMap":{"0":{"loc":{"start":{"line":7,"column":15},"end":{"line":7,"column":65}},"type":"cond-expr","locations":[{"start":{"line":7,"column":34},"end":{"line":7,"column":58}},{"start":{"line":7,"column":61},"end":{"line":7,"column":65}}]}},"s":{"0":0,"1":0,"2":0,"3":0,"4":0,"5":0,"6":0,"7":0},"f":{"0":0},"b":{"0":[0,0]}}
,"C:\\Users\\aahil\\OneDrive\\Documents\\vs\\Intellidine\\backend\\payment-service\\src\\prisma.service.ts": {"path":"C:\\Users\\aahil\\OneDrive\\Documents\\vs\\Intellidine\\backend\\payment-service\\src\\prisma.service.ts","statementMap":{"0":{"start":{"line":1,"column":0},"end":{"line":1,"column":75}},"1":{"start":{"line":2,"column":0},"end":{"line":2,"column":46}},"2":{"start":{"line":5,"column":7},"end":{"line":13,"column":null}},"3":{"start":{"line":7,"column":4},"end":{"line":7,"column":26}},"4":{"start":{"line":11,"column":4},"end":{"line":11,"column":29}},"5":{"start":{"line":5,"column":13},"end":{"line":5,"column":26}},"6":{"start":{"line":5,"column":13},"end":{"line":13,"column":null}}},"fnMap":{"0":{"name":"(anonymous_1)","decl":{"start":{"line":6,"column":2},"end":{"line":6,"column":7}},"loc":{"start":{"line":6,"column":20},"end":{"line":8,"column":3}}},"1":{"name":"(anonymous_2)","decl":{"start":{"line":10,"column":2},"end":{"line":10,"column":7}},"loc":{"start":{"line":10,"column":23},"end":{"line":12,"column":3}}}},"branchMap":{},"s":{"0":1,"1":1,"2":1,"3":0,"4":0,"5":1,"6":1},"f":{"0":0,"1":0},"b":{}}
,"C:\\Users\\aahil\\OneDrive\\Documents\\vs\\Intellidine\\backend\\payment-service\\src\\dto\\confirm-cash-payment.dto.ts": {"path":"C:\\Users\\aahil\\OneDrive\\Documents\\vs\\Intellidine\\backend\\payment-service\\src\\dto\\confirm-cash-payment.dto.ts","statementMap":{"0":{"start":{"line":1,"column":0},"end":{"line":1,"column":51}},"1":{"start":{"line":3,"column":0},"end":{"line":3,"column":null}},"2":{"start":{"line":4,"column":2},"end":{"line":4,"column":null}},"3":{"start":{"line":5,"column":2},"end":{"line":5,"column":null}},"4":{"start":{"line":6,"column":2},"end":{"line":6,"column":null}},"5":{"start":{"line":7,"column":2},"end":{"line":7,"column":null}},"6":{"start":{"line":8,"column":2},"end":{"line":8,"column":null}},"7":{"start":{"line":11,"column":0},"end":{"line":11,"column":13}},"8":{"start":{"line":13,"column":2},"end":{"line":13,"column":null}},"9":{"start":{"line":16,"column":2},"end":{"line":16,"column":null}},"10":{"start":{"line":19,"column":2},"end":{"line":19,"column":null}}},"fnMap":{"0":{"name":"(anonymous_2)","decl":{"start":{"line":3,"column":0},"end":{"line":3,"column":12}},"loc":{"start":{"line":3,"column":25},"end":{"line":9,"column":1}}}},"branchMap":{"0":{"loc":{"start":{"line":3,"column":12},"end":{"line":3,"column":null}},"type":"binary-expr","locations":[{"start":{"line":3,"column":12},"end":{"line":3,"column":25}},{"start":{"line":3,"column":25},"end":{"line":3,"column":null}}]}},"s":{"0":1,"1":1,"2":1,"3":1,"4":1,"5":1,"6":1,"7":1,"8":1,"9":1,"10":1},"f":{"0":1},"b":{"0":[1,1]}}
,"C:\\Users\\aahil\\OneDrive\\Documents\\vs\\Intellidine\\backend\\payment-service\\src\\dto\\create-payment.dto.ts": {"path":"C:\\Users\\aahil\\OneDrive\\Documents\\vs\\Intellidine\\backend\\payment-service\\src\\dto\\create-payment.dto.ts","statementMap":{"0":{"start":{"line":1,"column":0},"end":{"line":1,"column":73}},"1":{"start":{"line":3,"column":0},"end":{"line":3,"column":null}},"2":{"start":{"line":4,"column":2},"end":{"line":4,"column":null}},"3":{"start":{"line":5,"column":2},"end":{"line":5,"column":null}},"4":{"start":{"line":8,"column":0},"end":{"line":8,"column":13}},"5":{"start":{"line":10,"column":2},"end":{"line":10,"column":null}},"6":{"start":{"line":13,"column":2},"end":{"line":13,"column":null}},"7":{"start":{"line":16,"column":2},"end":{"line":16,"column":null}},"8":{"start":{"line":19,"column":2},"end":{"line":19,"column":null}},"9":{"start":{"line":23,"column":2},"end":{"line":23,"column":null}},"10":{"start":{"line":27,"column":2},"end":{"line":27,"column":null}}},"fnMap":{"0":{"name":"(anonymous_2)","decl":{"start":{"line":3,"column":0},"end":{"line":3,"column":12}},"loc":{"start":{"line":3,"column":25},"end":{"line":6,"column":1}}}},"branchMap":{"0":{"loc":{"start":{"line":3,"column":12},"end":{"line":3,"column":null}},"type":"binary-expr","locations":[{"start":{"line":3,"column":12},"end":{"line":3,"column":25}},{"start":{"line":3,"column":25},"end":{"line":3,"column":null}}]}},"s":{"0":1,"1":1,"2":1,"3":1,"4":1,"5":1,"6":1,"7":1,"8":1,"9":1,"10":1},"f":{"0":1},"b":{"0":[1,1]}}
,"C:\\Users\\aahil\\OneDrive\\Documents\\vs\\Intellidine\\backend\\payment-service\\src\\dto\\payment-response.dto.ts": {"path":"C:\\Users\\aahil\\OneDrive\\Documents\\vs\\Intellidine\\backend\\payment-service\\src\\dto\\payment-response.dto.ts","statementMap":{"0":{"start":{"line":1,"column":0},"end":{"line":1,"column":13}}},"fnMap":{},"branchMap":{},"s":{"0":0},"f":{},"b":{}}
,"C:\\Users\\aahil\\OneDrive\\Documents\\vs\\Intellidine\\backend\\payment-service\\src\\dto\\razorpay-webhook.dto.ts": {"path":"C:\\Users\\aahil\\OneDrive\\Documents\\vs\\Intellidine\\backend\\payment-service\\src\\dto\\razorpay-webhook.dto.ts","statementMap":{"0":{"start":{"line":1,"column":0},"end":{"line":1,"column":43}},"1":{"start":{"line":3,"column":0},"end":{"line":3,"column":13}},"2":{"start":{"line":5,"column":2},"end":{"line":5,"column":null}}},"fnMap":{},"branchMap":{},"s":{"0":0,"1":0,"2":0},"f":{},"b":{}}
,"C:\\Users\\aahil\\OneDrive\\Documents\\vs\\Intellidine\\backend\\payment-service\\src\\dto\\verify-razorpay.dto.ts": {"path":"C:\\Users\\aahil\\OneDrive\\Documents\\vs\\Intellidine\\backend\\payment-service\\src\\dto\\verify-razorpay.dto.ts","statementMap":{"0":{"start":{"line":1,"column":0},"end":{"line":1,"column":53}},"1":{"start":{"line":3,"column":0},"end":{"line":3,"column":13}},"2":{"start":{"line":5,"column":2},"end":{"line":5,"column":null}},"3":{"start":{"line":8,"column":2},"end":{"line":8,"column":null}},"4":{"start":{"line":11,"column":2},"end":{"line":11,"column":null}},"5":{"start":{"line":14,"column":2},"end":{"line":14,"column":null}},"6":{"start":{"line":17,"column":2},"end":{"line":17,"column":null}}},"fnMap":{},"branchMap":{},"s":{"0":1,"1":1,"2":1,"3":1,"4":1,"5":1,"6":1},"f":{},"b":{}}
,"C:\\Users\\aahil\\OneDrive\\Documents\\vs\\Intellidine\\backend\\payment-service\\src\\kafka\\payment.producer.ts": {"path":"C:\\Users\\aahil\\OneDrive\\Documents\\vs\\Intellidine\\backend\\payment-service\\src\\kafka\\payment.producer.ts","statementMap":{"0":{"start":{"line":1,"column":0},"end":{"line":1,"column":75}},"1":{"start":{"line":2,"column":0},"end":{"line":2,"column":42}},"2":{"start":{"line":5,"column":7},"end":{"line":112,"column":null}},"3":{"start":{"line":10,"column":4},"end":{"line":13,"column":7}},"4":{"start":{"line":15,"column":4},"end":{"line":15,"column":42}},"5":{"start":{"line":16,"column":4},"end":{"line":16,"column":34}},"6":{"start":{"line":17,"column":4},"end":{"line":17,"column":64}},"7":{"start":{"line":21,"column":4},"end":{"line":21,"column":37}},"8":{"start":{"line":33,"column":4},"end":{"line":42,"column":7}},"9":{"start":{"line":44,"column":4},"end":{"line":44,"column":80}},"10":{"start":{"line":56,"column":4},"end":{"line":65,"column":7}},"11":{"start":{"line":67,"column":4},"end":{"line":67,"column":82}},"12":{"start":{"line":77,"column":4},"end":{"line":86,"column":7}},"13":{"start":{"line":88,"column":4},"end":{"line":88,"column":79}},"14":{"start":{"line":99,"column":4},"end":{"line":108,"column":7}},"15":{"start":{"line":110,"column":4},"end":{"line":110,"column":79}},"16":{"start":{"line":5,"column":13},"end":{"line":5,"column":28}},"17":{"start":{"line":5,"column":13},"end":{"line":112,"column":null}}},"fnMap":{"0":{"name":"(anonymous_1)","decl":{"start":{"line":9,"column":2},"end":{"line":9,"column":7}},"loc":{"start":{"line":9,"column":20},"end":{"line":18,"column":3}}},"1":{"name":"(anonymous_2)","decl":{"start":{"line":20,"column":2},"end":{"line":20,"column":7}},"loc":{"start":{"line":20,"column":23},"end":{"line":22,"column":3}}},"2":{"name":"(anonymous_3)","decl":{"start":{"line":25,"column":2},"end":{"line":25,"column":7}},"loc":{"start":{"line":32,"column":3},"end":{"line":45,"column":3}}},"3":{"name":"(anonymous_4)","decl":{"start":{"line":48,"column":2},"end":{"line":48,"column":7}},"loc":{"start":{"line":55,"column":3},"end":{"line":68,"column":3}}},"4":{"name":"(anonymous_5)","decl":{"start":{"line":71,"column":2},"end":{"line":71,"column":7}},"loc":{"start":{"line":76,"column":3},"end":{"line":89,"column":3}}},"5":{"name":"(anonymous_6)","decl":{"start":{"line":92,"column":2},"end":{"line":92,"column":7}},"loc":{"start":{"line":98,"column":3},"end":{"line":111,"column":3}}}},"branchMap":{"0":{"loc":{"start":{"line":12,"column":16},"end":{"line":12,"column":56}},"type":"binary-expr","locations":[{"start":{"line":12,"column":16},"end":{"line":12,"column":40}},{"start":{"line":12,"column":44},"end":{"line":12,"column":56}}]}},"s":{"0":1,"1":1,"2":1,"3":0,"4":0,"5":0,"6":0,"7":0,"8":0,"9":0,"10":0,"11":0,"12":0,"13":0,"14":0,"15":0,"16":1,"17":1},"f":{"0":0,"1":0,"2":0,"3":0,"4":0,"5":0},"b":{"0":[0,0]}}
,"C:\\Users\\aahil\\OneDrive\\Documents\\vs\\Intellidine\\backend\\payment-service\\src\\services\\payment.service.ts": {"path":"C:\\Users\\aahil\\OneDrive\\Documents\\vs\\Intellidine\\backend\\payment-service\\src\\services\\payment.service.ts","statementMap":{"0":{"start":{"line":1,"column":0},"end":{"line":1,"column":44}},"1":{"start":{"line":2,"column":0},"end":{"line":2,"column":50}},"2":{"start":{"line":3,"column":0},"end":{"line":3,"column":36}},"3":{"start":{"line":4,"column":0},"end":{"line":4,"column":33}},"4":{"start":{"line":6,"column":0},"end":{"line":6,"column":null}},"5":{"start":{"line":7,"column":2},"end":{"line":7,"column":null}},"6":{"start":{"line":8,"column":2},"end":{"line":8,"column":null}},"7":{"start":{"line":9,"column":2},"end":{"line":9,"column":null}},"8":{"start":{"line":10,"column":2},"end":{"line":10,"column":null}},"9":{"start":{"line":13,"column":0},"end":{"line":13,"column":null}},"10":{"start":{"line":14,"column":2},"end":{"line":14,"column":null}},"11":{"start":{"line":15,"column":2},"end":{"line":15,"column":null}},"12":{"start":{"line":19,"column":7},"end":{"line":162,"column":null}},"13":{"start":{"line":20,"column":22},"end":{"line":20,"column":37}},"14":{"start":{"line":30,"column":22},"end":{"line":30,"column":30}},"15":{"start":{"line":32,"column":20},"end":{"line":40,"column":6}},"16":{"start":{"line":42,"column":4},"end":{"line":42,"column":19}},"17":{"start":{"line":52,"column":20},"end":{"line":59,"column":6}},"18":{"start":{"line":61,"column":4},"end":{"line":61,"column":19}},"19":{"start":{"line":67,"column":18},"end":{"line":69,"column":6}},"20":{"start":{"line":71,"column":4},"end":{"line":82,"column":5}},"21":{"start":{"line":73,"column":20},"end":{"line":75,"column":8}},"22":{"start":{"line":77,"column":6},"end":{"line":79,"column":7}},"23":{"start":{"line":78,"column":8},"end":{"line":78,"column":43}},"24":{"start":{"line":81,"column":6},"end":{"line":81,"column":94}},"25":{"start":{"line":85,"column":24},"end":{"line":85,"column":84}},"26":{"start":{"line":88,"column":27},"end":{"line":97,"column":6}},"27":{"start":{"line":99,"column":4},"end":{"line":99,"column":26}},"28":{"start":{"line":104,"column":20},"end":{"line":106,"column":6}},"29":{"start":{"line":108,"column":4},"end":{"line":108,"column":19}},"30":{"start":{"line":113,"column":20},"end":{"line":115,"column":6}},"31":{"start":{"line":117,"column":4},"end":{"line":117,"column":19}},"32":{"start":{"line":122,"column":21},"end":{"line":126,"column":6}},"33":{"start":{"line":128,"column":18},"end":{"line":128,"column":60}},"34":{"start":{"line":130,"column":4},"end":{"line":130,"column":31}},"35":{"start":{"line":135,"column":21},"end":{"line":143,"column":6}},"36":{"start":{"line":145,"column":23},"end":{"line":145,"column":37}},"37":{"start":{"line":146,"column":4},"end":{"line":148,"column":7}},"38":{"start":{"line":147,"column":6},"end":{"line":147,"column":73}},"39":{"start":{"line":150,"column":29},"end":{"line":154,"column":6}},"40":{"start":{"line":151,"column":60},"end":{"line":151,"column":103}},"41":{"start":{"line":153,"column":56},"end":{"line":153,"column":95}},"42":{"start":{"line":156,"column":4},"end":{"line":160,"column":6}},"43":{"start":{"line":19,"column":13},"end":{"line":19,"column":27}},"44":{"start":{"line":19,"column":13},"end":{"line":162,"column":null}}},"fnMap":{"0":{"name":"(anonymous_2)","decl":{"start":{"line":6,"column":0},"end":{"line":6,"column":12}},"loc":{"start":{"line":6,"column":25},"end":{"line":11,"column":1}}},"1":{"name":"(anonymous_3)","decl":{"start":{"line":13,"column":0},"end":{"line":13,"column":12}},"loc":{"start":{"line":13,"column":25},"end":{"line":16,"column":1}}},"2":{"name":"(anonymous_4)","decl":{"start":{"line":20,"column":2},"end":{"line":20,"column":22}},"loc":{"start":{"line":20,"column":50},"end":{"line":20,"column":54}}},"3":{"name":"(anonymous_5)","decl":{"start":{"line":23,"column":2},"end":{"line":23,"column":7}},"loc":{"start":{"line":28,"column":18},"end":{"line":43,"column":3}}},"4":{"name":"(anonymous_6)","decl":{"start":{"line":46,"column":2},"end":{"line":46,"column":7}},"loc":{"start":{"line":50,"column":25},"end":{"line":62,"column":3}}},"5":{"name":"(anonymous_7)","decl":{"start":{"line":65,"column":2},"end":{"line":65,"column":7}},"loc":{"start":{"line":65,"column":87},"end":{"line":100,"column":3}}},"6":{"name":"(anonymous_8)","decl":{"start":{"line":103,"column":2},"end":{"line":103,"column":7}},"loc":{"start":{"line":103,"column":40},"end":{"line":109,"column":3}}},"7":{"name":"(anonymous_9)","decl":{"start":{"line":112,"column":2},"end":{"line":112,"column":7}},"loc":{"start":{"line":112,"column":43},"end":{"line":118,"column":3}}},"8":{"name":"(anonymous_10)","decl":{"start":{"line":121,"column":2},"end":{"line":121,"column":7}},"loc":{"start":{"line":121,"column":59},"end":{"line":131,"column":3}}},"9":{"name":"(anonymous_11)","decl":{"start":{"line":134,"column":2},"end":{"line":134,"column":7}},"loc":{"start":{"line":134,"column":54},"end":{"line":161,"column":3}}},"10":{"name":"(anonymous_12)","decl":{"start":{"line":146,"column":21},"end":{"line":146,"column":22}},"loc":{"start":{"line":146,"column":32},"end":{"line":148,"column":5}}},"11":{"name":"(anonymous_13)","decl":{"start":{"line":151,"column":48},"end":{"line":151,"column":49}},"loc":{"start":{"line":151,"column":60},"end":{"line":151,"column":103}}},"12":{"name":"(anonymous_14)","decl":{"start":{"line":153,"column":44},"end":{"line":153,"column":45}},"loc":{"start":{"line":153,"column":56},"end":{"line":153,"column":95}}}},"branchMap":{"0":{"loc":{"start":{"line":6,"column":12},"end":{"line":6,"column":null}},"type":"binary-expr","locations":[{"start":{"line":6,"column":12},"end":{"line":6,"column":25}},{"start":{"line":6,"column":25},"end":{"line":6,"column":null}}]},"1":{"loc":{"start":{"line":13,"column":12},"end":{"line":13,"column":null}},"type":"binary-expr","locations":[{"start":{"line":13,"column":12},"end":{"line":13,"column":25}},{"start":{"line":13,"column":25},"end":{"line":13,"column":null}}]},"2":{"loc":{"start":{"line":71,"column":4},"end":{"line":82,"column":5}},"type":"if","locations":[{"start":{"line":71,"column":4},"end":{"line":82,"column":5}}]},"3":{"loc":{"start":{"line":77,"column":6},"end":{"line":79,"column":7}},"type":"if","locations":[{"start":{"line":77,"column":6},"end":{"line":79,"column":7}}]},"4":{"loc":{"start":{"line":121,"column":21},"end":{"line":121,"column":39}},"type":"default-arg","locations":[{"start":{"line":121,"column":37},"end":{"line":121,"column":39}}]},"5":{"loc":{"start":{"line":121,"column":41},"end":{"line":121,"column":59}},"type":"default-arg","locations":[{"start":{"line":121,"column":58},"end":{"line":121,"column":59}}]}},"s":{"0":1,"1":1,"2":1,"3":1,"4":1,"5":1,"6":1,"7":1,"8":1,"9":1,"10":1,"11":1,"12":1,"13":0,"14":0,"15":0,"16":0,"17":0,"18":0,"19":0,"20":0,"21":0,"22":0,"23":0,"24":0,"25":0,"26":0,"27":0,"28":0,"29":0,"30":0,"31":0,"32":0,"33":0,"34":0,"35":0,"36":0,"37":0,"38":0,"39":0,"40":0,"41":0,"42":0,"43":1,"44":1},"f":{"0":1,"1":1,"2":0,"3":0,"4":0,"5":0,"6":0,"7":0,"8":0,"9":0,"10":0,"11":0,"12":0},"b":{"0":[1,1],"1":[1,1],"2":[0],"3":[0],"4":[0],"5":[0]}}
,"C:\\Users\\aahil\\OneDrive\\Documents\\vs\\Intellidine\\backend\\payment-service\\src\\services\\razorpay.service.ts": {"path":"C:\\Users\\aahil\\OneDrive\\Documents\\vs\\Intellidine\\backend\\payment-service\\src\\services\\razorpay.service.ts","statementMap":{"0":{"start":{"line":1,"column":0},"end":{"line":1,"column":44}},"1":{"start":{"line":2,"column":0},"end":{"line":2,"column":36}},"2":{"start":{"line":3,"column":0},"end":{"line":3,"column":33}},"3":{"start":{"line":21,"column":7},"end":{"line":73,"column":null}},"4":{"start":{"line":22,"column":19},"end":{"line":22,"column":88}},"5":{"start":{"line":23,"column":19},"end":{"line":23,"column":94}},"6":{"start":{"line":27,"column":20},"end":{"line":27,"column":56}},"7":{"start":{"line":29,"column":4},"end":{"line":42,"column":6}},"8":{"start":{"line":49,"column":4},"end":{"line":49,"column":85}},"9":{"start":{"line":50,"column":4},"end":{"line":50,"column":16}},"10":{"start":{"line":55,"column":4},"end":{"line":58,"column":21}},"11":{"start":{"line":66,"column":4},"end":{"line":66,"column":106}},"12":{"start":{"line":68,"column":4},"end":{"line":71,"column":6}},"13":{"start":{"line":21,"column":13},"end":{"line":21,"column":28}},"14":{"start":{"line":21,"column":13},"end":{"line":73,"column":null}}},"fnMap":{"0":{"name":"(anonymous_1)","decl":{"start":{"line":21,"column":7},"end":{"line":21,"column":13}},"loc":{"start":{"line":21,"column":7},"end":{"line":73,"column":1}}},"1":{"name":"(anonymous_2)","decl":{"start":{"line":26,"column":2},"end":{"line":26,"column":7}},"loc":{"start":{"line":26,"column":84},"end":{"line":43,"column":3}}},"2":{"name":"(anonymous_3)","decl":{"start":{"line":46,"column":2},"end":{"line":46,"column":17}},"loc":{"start":{"line":46,"column":71},"end":{"line":51,"column":3}}},"3":{"name":"(anonymous_4)","decl":{"start":{"line":54,"column":2},"end":{"line":54,"column":23}},"loc":{"start":{"line":54,"column":58},"end":{"line":59,"column":3}}},"4":{"name":"(anonymous_5)","decl":{"start":{"line":62,"column":2},"end":{"line":62,"column":7}},"loc":{"start":{"line":64,"column":29},"end":{"line":72,"column":3}}}},"branchMap":{"0":{"loc":{"start":{"line":22,"column":37},"end":{"line":22,"column":87}},"type":"binary-expr","locations":[{"start":{"line":22,"column":37},"end":{"line":22,"column":64}},{"start":{"line":22,"column":68},"end":{"line":22,"column":87}}]},"1":{"loc":{"start":{"line":23,"column":41},"end":{"line":23,"column":93}},"type":"binary-expr","locations":[{"start":{"line":23,"column":41},"end":{"line":23,"column":72}},{"start":{"line":23,"column":76},"end":{"line":23,"column":93}}]},"2":{"loc":{"start":{"line":26,"column":53},"end":{"line":26,"column":84}},"type":"default-arg","locations":[{"start":{"line":26,"column":82},"end":{"line":26,"column":84}}]}},"s":{"0":1,"1":1,"2":1,"3":1,"4":0,"5":0,"6":0,"7":0,"8":0,"9":0,"10":0,"11":0,"12":0,"13":1,"14":1},"f":{"0":0,"1":0,"2":0,"3":0,"4":0},"b":{"0":[0,0],"1":[0,0],"2":[0]}}
}
