TN:
SF:src\app.controller.ts
FN:14,(anonymous_4)
FN:29,(anonymous_5)
FN:91,(anonymous_6)
FN:170,(anonymous_7)
FN:212,(anonymous_8)
FN:225,(anonymous_9)
FN:252,(anonymous_10)
FN:282,(anonymous_11)
FN:294,(anonymous_12)
FNF:9
FNH:2
FNDA:2,(anonymous_4)
FNDA:0,(anonymous_5)
FNDA:0,(anonymous_6)
FNDA:0,(anonymous_7)
FNDA:1,(anonymous_8)
FNDA:0,(anonymous_9)
FNDA:0,(anonymous_10)
FNDA:0,(anonymous_11)
FNDA:0,(anonymous_12)
DA:1,1
DA:2,1
DA:3,1
DA:4,1
DA:5,1
DA:6,1
DA:7,1
DA:8,1
DA:11,1
DA:12,2
DA:15,2
DA:16,2
DA:17,2
DA:29,1
DA:31,0
DA:32,0
DA:39,0
DA:46,0
DA:55,0
DA:64,0
DA:91,1
DA:93,0
DA:94,0
DA:101,0
DA:107,0
DA:108,0
DA:115,0
DA:117,0
DA:118,0
DA:125,0
DA:133,0
DA:139,0
DA:148,0
DA:170,1
DA:172,0
DA:173,0
DA:180,0
DA:187,0
DA:195,0
DA:212,1
DA:213,1
DA:225,1
DA:229,0
DA:230,0
DA:231,0
DA:233,0
DA:235,0
DA:252,1
DA:254,0
DA:256,0
DA:257,0
DA:263,0
DA:282,1
DA:286,0
DA:287,0
DA:289,0
DA:291,0
DA:294,0
LF:58
LH:21
BRDA:31,0,0,0
BRDA:31,1,0,0
BRDA:31,1,1,0
BRDA:93,2,0,0
BRDA:93,3,0,0
BRDA:93,3,1,0
BRDA:93,3,2,0
BRDA:107,4,0,0
BRDA:117,5,0,0
BRDA:172,6,0,0
BRDA:172,7,0,0
BRDA:172,7,1,0
BRDA:229,8,0,0
BRDA:229,8,1,0
BRDA:256,9,0,0
BRDA:286,10,0,0
BRDA:286,10,1,0
BRDA:287,11,0,0
BRDA:287,11,1,0
BRF:19
BRH:0
end_of_record
TN:
SF:src\app.module.ts
FNF:0
FNH:0
DA:1,0
DA:2,0
DA:3,0
DA:4,0
DA:5,0
DA:6,0
DA:13,0
LF:7
LH:0
BRF:0
BRH:0
end_of_record
TN:
SF:src\main.ts
FN:5,bootstrap
FNF:1
FNH:0
FNDA:0,bootstrap
DA:1,0
DA:2,0
DA:3,0
DA:6,0
DA:7,0
DA:8,0
DA:9,0
DA:12,0
LF:8
LH:0
BRDA:7,0,0,0
BRDA:7,0,1,0
BRF:2
BRH:0
end_of_record
TN:
SF:src\prisma.service.ts
FN:6,(anonymous_1)
FN:10,(anonymous_2)
FNF:2
FNH:0
FNDA:0,(anonymous_1)
FNDA:0,(anonymous_2)
DA:1,1
DA:2,1
DA:5,1
DA:7,0
DA:11,0
LF:5
LH:3
BRF:0
BRH:0
end_of_record
TN:
SF:src\dto\confirm-cash-payment.dto.ts
FN:3,(anonymous_2)
FNF:1
FNH:1
FNDA:1,(anonymous_2)
DA:1,1
DA:3,1
DA:4,1
DA:5,1
DA:6,1
DA:7,1
DA:8,1
DA:11,1
DA:13,1
DA:16,1
DA:19,1
LF:11
LH:11
BRDA:3,0,0,1
BRDA:3,0,1,1
BRF:2
BRH:2
end_of_record
TN:
SF:src\dto\create-payment.dto.ts
FN:3,(anonymous_2)
FNF:1
FNH:1
FNDA:1,(anonymous_2)
DA:1,1
DA:3,1
DA:4,1
DA:5,1
DA:8,1
DA:10,1
DA:13,1
DA:16,1
DA:19,1
DA:23,1
DA:27,1
LF:11
LH:11
BRDA:3,0,0,1
BRDA:3,0,1,1
BRF:2
BRH:2
end_of_record
TN:
SF:src\dto\payment-response.dto.ts
FNF:0
FNH:0
DA:1,0
LF:1
LH:0
BRF:0
BRH:0
end_of_record
TN:
SF:src\dto\razorpay-webhook.dto.ts
FNF:0
FNH:0
DA:1,0
DA:3,0
DA:5,0
LF:3
LH:0
BRF:0
BRH:0
end_of_record
TN:
SF:src\dto\verify-razorpay.dto.ts
FNF:0
FNH:0
DA:1,1
DA:3,1
DA:5,1
DA:8,1
DA:11,1
DA:14,1
DA:17,1
LF:7
LH:7
BRF:0
BRH:0
end_of_record
TN:
SF:src\kafka\payment.producer.ts
FN:9,(anonymous_1)
FN:20,(anonymous_2)
FN:25,(anonymous_3)
FN:48,(anonymous_4)
FN:71,(anonymous_5)
FN:92,(anonymous_6)
FNF:6
FNH:0
FNDA:0,(anonymous_1)
FNDA:0,(anonymous_2)
FNDA:0,(anonymous_3)
FNDA:0,(anonymous_4)
FNDA:0,(anonymous_5)
FNDA:0,(anonymous_6)
DA:1,1
DA:2,1
DA:5,1
DA:10,0
DA:15,0
DA:16,0
DA:17,0
DA:21,0
DA:33,0
DA:44,0
DA:56,0
DA:67,0
DA:77,0
DA:88,0
DA:99,0
DA:110,0
LF:16
LH:3
BRDA:12,0,0,0
BRDA:12,0,1,0
BRF:2
BRH:0
end_of_record
TN:
SF:src\services\payment.service.ts
FN:6,(anonymous_2)
FN:13,(anonymous_3)
FN:20,(anonymous_4)
FN:23,(anonymous_5)
FN:46,(anonymous_6)
FN:65,(anonymous_7)
FN:103,(anonymous_8)
FN:112,(anonymous_9)
FN:121,(anonymous_10)
FN:134,(anonymous_11)
FN:146,(anonymous_12)
FN:151,(anonymous_13)
FN:153,(anonymous_14)
FNF:13
FNH:2
FNDA:1,(anonymous_2)
FNDA:1,(anonymous_3)
FNDA:0,(anonymous_4)
FNDA:0,(anonymous_5)
FNDA:0,(anonymous_6)
FNDA:0,(anonymous_7)
FNDA:0,(anonymous_8)
FNDA:0,(anonymous_9)
FNDA:0,(anonymous_10)
FNDA:0,(anonymous_11)
FNDA:0,(anonymous_12)
FNDA:0,(anonymous_13)
FNDA:0,(anonymous_14)
DA:1,1
DA:2,1
DA:3,1
DA:4,1
DA:6,1
DA:7,1
DA:8,1
DA:9,1
DA:10,1
DA:13,1
DA:14,1
DA:15,1
DA:19,1
DA:20,0
DA:30,0
DA:32,0
DA:42,0
DA:52,0
DA:61,0
DA:67,0
DA:71,0
DA:73,0
DA:77,0
DA:78,0
DA:81,0
DA:85,0
DA:88,0
DA:99,0
DA:104,0
DA:108,0
DA:113,0
DA:117,0
DA:122,0
DA:128,0
DA:130,0
DA:135,0
DA:145,0
DA:146,0
DA:147,0
DA:150,0
DA:151,0
DA:153,0
DA:156,0
LF:43
LH:13
BRDA:6,0,0,1
BRDA:6,0,1,1
BRDA:13,1,0,1
BRDA:13,1,1,1
BRDA:71,2,0,0
BRDA:77,3,0,0
BRDA:121,4,0,0
BRDA:121,5,0,0
BRF:8
BRH:4
end_of_record
TN:
SF:src\services\razorpay.service.ts
FN:21,(anonymous_1)
FN:26,(anonymous_2)
FN:46,(anonymous_3)
FN:54,(anonymous_4)
FN:62,(anonymous_5)
FNF:5
FNH:0
FNDA:0,(anonymous_1)
FNDA:0,(anonymous_2)
FNDA:0,(anonymous_3)
FNDA:0,(anonymous_4)
FNDA:0,(anonymous_5)
DA:1,1
DA:2,1
DA:3,1
DA:21,1
DA:22,0
DA:23,0
DA:27,0
DA:29,0
DA:49,0
DA:50,0
DA:55,0
DA:66,0
DA:68,0
LF:13
LH:4
BRDA:22,0,0,0
BRDA:22,0,1,0
BRDA:23,1,0,0
BRDA:23,1,1,0
BRDA:26,2,0,0
BRF:5
BRH:0
end_of_record
