TN:
SF:src\app.controller.ts
FN:14,(anonymous_4)
FN:17,(anonymous_5)
FN:28,(anonymous_6)
FN:45,(anonymous_7)
FN:76,(anonymous_8)
FNF:5
FNH:5
FNDA:9,(anonymous_4)
FNDA:1,(anonymous_5)
FNDA:2,(anonymous_6)
FNDA:2,(anonymous_7)
FNDA:4,(anonymous_8)
DA:1,1
DA:2,1
DA:3,1
DA:4,1
DA:5,1
DA:8,1
DA:11,1
DA:12,9
DA:14,9
DA:17,1
DA:18,1
DA:28,1
DA:29,2
DA:30,2
DA:31,1
DA:33,1
DA:34,1
DA:45,1
DA:46,2
DA:47,2
DA:50,1
DA:53,1
DA:55,1
DA:64,1
DA:65,1
DA:76,1
DA:77,4
DA:78,4
DA:80,3
DA:81,1
DA:85,2
DA:86,2
DA:87,1
DA:91,1
DA:94,1
DA:96,1
DA:108,3
DA:109,3
LF:38
LH:38
BRDA:65,0,0,1
BRDA:65,0,1,0
BRDA:80,1,0,1
BRDA:86,2,0,1
BRDA:104,3,0,1
BRDA:104,3,1,0
BRDA:109,4,0,2
BRDA:109,4,1,1
BRF:8
BRH:6
end_of_record
TN:
SF:src\app.module.ts
FN:11,(anonymous_1)
FNF:1
FNH:0
FNDA:0,(anonymous_1)
DA:1,0
DA:2,0
DA:3,0
DA:10,0
LF:4
LH:0
BRF:0
BRH:0
end_of_record
TN:
SF:src\main.ts
FN:5,bootstrap
FNF:1
FNH:0
FNDA:0,bootstrap
DA:1,0
DA:2,0
DA:3,0
DA:6,0
DA:7,0
DA:8,0
DA:9,0
DA:12,0
LF:8
LH:0
BRDA:7,0,0,0
BRDA:7,0,1,0
BRF:2
BRH:0
end_of_record
TN:
SF:src\decorators\current-user.decorator.ts
FN:4,(anonymous_0)
FNF:1
FNH:0
FNDA:0,(anonymous_0)
DA:1,0
DA:4,0
DA:5,0
DA:6,0
LF:4
LH:0
BRF:0
BRH:0
end_of_record
TN:
SF:src\decorators\require-role.decorator.ts
FN:3,(anonymous_0)
FNF:1
FNH:0
FNDA:0,(anonymous_0)
DA:1,0
DA:3,0
LF:2
LH:0
BRF:0
BRH:0
end_of_record
TN:
SF:src\dto\login-response.dto.ts
FNF:0
FNH:0
DA:1,0
LF:1
LH:0
BRF:0
BRH:0
end_of_record
TN:
SF:src\dto\login.dto.ts
FNF:0
FNH:0
DA:1,1
DA:3,1
DA:6,1
DA:11,1
LF:4
LH:4
BRF:0
BRH:0
end_of_record
TN:
SF:src\dto\request-otp.dto.ts
FNF:0
FNH:0
DA:1,1
DA:3,1
DA:6,1
LF:3
LH:3
BRF:0
BRH:0
end_of_record
TN:
SF:src\dto\verify-otp-response.dto.ts
FNF:0
FNH:0
DA:1,0
LF:1
LH:0
BRF:0
BRH:0
end_of_record
TN:
SF:src\dto\verify-otp.dto.ts
FNF:0
FNH:0
DA:1,1
DA:3,1
DA:6,1
DA:11,1
LF:4
LH:4
BRF:0
BRH:0
end_of_record
TN:
SF:src\guards\jwt.guard.ts
FN:5,(anonymous_1)
FN:8,(anonymous_2)
FNF:2
FNH:0
FNDA:0,(anonymous_1)
FNDA:0,(anonymous_2)
DA:1,0
DA:2,0
DA:5,0
DA:6,0
DA:9,0
DA:10,0
DA:12,0
DA:13,0
DA:14,0
DA:17,0
DA:18,0
DA:19,0
DA:20,0
DA:23,0
DA:24,0
DA:25,0
DA:26,0
DA:28,0
DA:29,0
DA:30,0
LF:20
LH:0
BRDA:12,0,0,0
BRDA:18,1,0,0
BRDA:28,2,0,0
BRDA:28,2,1,0
BRF:4
BRH:0
end_of_record
TN:
SF:src\guards\roles.guard.ts
FN:9,(anonymous_2)
FN:11,(anonymous_3)
FNF:2
FNH:0
FNDA:0,(anonymous_2)
FNDA:0,(anonymous_3)
DA:1,0
DA:2,0
DA:6,0
DA:7,0
DA:9,0
DA:12,0
DA:15,0
DA:16,0
DA:19,0
DA:20,0
DA:22,0
DA:23,0
DA:24,0
DA:28,0
DA:29,0
DA:30,0
DA:33,0
LF:17
LH:0
BRDA:15,0,0,0
BRDA:22,1,0,0
BRDA:28,2,0,0
BRF:3
BRH:0
end_of_record
TN:
SF:src\middleware\auth.middleware.ts
FN:16,(anonymous_2)
FN:26,(anonymous_3)
FN:90,(anonymous_4)
FN:91,(anonymous_5)
FNF:4
FNH:0
FNDA:0,(anonymous_2)
FNDA:0,(anonymous_3)
FNDA:0,(anonymous_4)
FNDA:0,(anonymous_5)
DA:1,0
DA:3,0
DA:13,0
DA:14,0
DA:16,0
DA:19,0
DA:28,0
DA:29,0
DA:33,0
DA:34,0
DA:35,0
DA:36,0
DA:40,0
DA:41,0
DA:42,0
DA:43,0
DA:46,0
DA:48,0
DA:50,0
DA:55,0
DA:65,0
DA:66,0
DA:69,0
DA:73,0
DA:75,0
DA:76,0
DA:78,0
DA:79,0
DA:82,0
DA:83,0
DA:91,0
DA:92,0
LF:32
LH:0
BRDA:28,0,0,0
BRDA:34,1,0,0
BRDA:41,2,0,0
BRDA:41,3,0,0
BRDA:41,3,1,0
BRDA:51,4,0,0
BRDA:51,4,1,0
BRDA:56,5,0,0
BRDA:56,5,1,0
BRDA:65,6,0,0
BRDA:65,7,0,0
BRDA:65,7,1,0
BRDA:78,8,0,0
BRF:13
BRH:0
end_of_record
TN:
SF:src\services\otp.service.ts
FN:12,(anonymous_2)
FN:19,(anonymous_3)
FN:29,(anonymous_4)
FN:66,(anonymous_5)
FN:127,(anonymous_6)
FN:134,(anonymous_7)
FN:141,(anonymous_8)
FN:150,(anonymous_9)
FN:158,(anonymous_10)
FN:167,(anonymous_11)
FNF:10
FNH:0
FNDA:0,(anonymous_2)
FNDA:0,(anonymous_3)
FNDA:0,(anonymous_4)
FNDA:0,(anonymous_5)
FNDA:0,(anonymous_6)
FNDA:0,(anonymous_7)
FNDA:0,(anonymous_8)
FNDA:0,(anonymous_9)
FNDA:0,(anonymous_10)
FNDA:0,(anonymous_11)
DA:1,2
DA:2,2
DA:3,2
DA:4,2
DA:7,2
DA:8,0
DA:13,0
DA:19,0
DA:20,0
DA:22,0
DA:30,0
DA:32,0
DA:33,0
DA:34,0
DA:37,0
DA:38,0
DA:41,0
DA:51,0
DA:53,0
DA:58,0
DA:59,0
DA:67,0
DA:69,0
DA:70,0
DA:72,0
DA:73,0
DA:76,0
DA:79,0
DA:80,0
DA:81,0
DA:85,0
DA:86,0
DA:87,0
DA:91,0
DA:97,0
DA:100,0
DA:104,0
DA:106,0
DA:107,0
DA:114,0
DA:119,0
DA:120,0
DA:128,0
DA:135,0
DA:142,0
DA:151,0
DA:152,0
DA:159,0
DA:160,0
DA:161,0
DA:168,0
DA:169,0
LF:52
LH:5
BRDA:15,0,0,0
BRDA:15,0,1,0
BRDA:16,1,0,0
BRDA:16,1,1,0
BRDA:72,2,0,0
BRDA:79,3,0,0
BRDA:86,4,0,0
BRDA:106,5,0,0
BRDA:150,6,0,0
BRF:9
BRH:0
end_of_record
TN:
SF:src\shared-auth\shared-auth.module.ts
FNF:0
FNH:0
DA:1,0
DA:2,0
DA:3,0
DA:4,0
DA:5,0
DA:31,0
LF:6
LH:0
BRDA:24,0,0,0
BRDA:24,0,1,0
BRF:2
BRH:0
end_of_record
TN:
SF:src\utils\jwt.utils.ts
FN:17,(anonymous_0)
FN:37,(anonymous_1)
FN:49,(anonymous_2)
FN:61,(anonymous_3)
FNF:4
FNH:1
FNDA:2,(anonymous_0)
FNDA:0,(anonymous_1)
FNDA:0,(anonymous_2)
FNDA:0,(anonymous_3)
DA:1,1
DA:10,1
DA:11,1
DA:12,1
DA:18,2
DA:23,2
DA:28,2
DA:29,2
DA:31,2
DA:38,0
DA:39,0
DA:40,0
DA:42,0
DA:50,0
DA:51,0
DA:52,0
DA:53,0
DA:55,0
DA:62,0
LF:19
LH:9
BRDA:50,0,0,0
BRDA:52,1,0,0
BRDA:52,2,0,0
BRDA:52,2,1,0
BRDA:11,3,0,1
BRDA:11,3,1,1
BRF:6
BRH:2
end_of_record
