{"C:\\Users\\aahil\\OneDrive\\Documents\\vs\\Intellidine\\backend\\analytics-service\\src\\app.controller.ts": {"path":"C:\\Users\\aahil\\OneDrive\\Documents\\vs\\Intellidine\\backend\\analytics-service\\src\\app.controller.ts","statementMap":{"0":{"start":{"line":1,"column":0},"end":{"line":1,"column":63}},"1":{"start":{"line":2,"column":0},"end":{"line":2,"column":71}},"2":{"start":{"line":3,"column":0},"end":{"line":3,"column":71}},"3":{"start":{"line":16,"column":7},"end":{"line":194,"column":null}},"4":{"start":{"line":18,"column":21},"end":{"line":18,"column":42}},"5":{"start":{"line":19,"column":21},"end":{"line":19,"column":42}},"6":{"start":{"line":27,"column":4},"end":{"line":31,"column":6}},"7":{"start":{"line":45,"column":17},"end":{"line":45,"column":57}},"8":{"start":{"line":47,"column":20},"end":{"line":49,"column":null}},"9":{"start":{"line":52,"column":4},"end":{"line":55,"column":5}},"10":{"start":{"line":54,"column":6},"end":{"line":54,"column":76}},"11":{"start":{"line":57,"column":4},"end":{"line":62,"column":6}},"12":{"start":{"line":76,"column":17},"end":{"line":76,"column":52}},"13":{"start":{"line":78,"column":20},"end":{"line":80,"column":null}},"14":{"start":{"line":83,"column":4},"end":{"line":89,"column":6}},"15":{"start":{"line":105,"column":22},"end":{"line":105,"column":44}},"16":{"start":{"line":106,"column":20},"end":{"line":106,"column":40}},"17":{"start":{"line":108,"column":20},"end":{"line":111,"column":null}},"18":{"start":{"line":114,"column":4},"end":{"line":123,"column":6}},"19":{"start":{"line":139,"column":22},"end":{"line":139,"column":44}},"20":{"start":{"line":140,"column":20},"end":{"line":140,"column":40}},"21":{"start":{"line":142,"column":20},"end":{"line":145,"column":null}},"22":{"start":{"line":148,"column":4},"end":{"line":157,"column":6}},"23":{"start":{"line":173,"column":22},"end":{"line":173,"column":44}},"24":{"start":{"line":174,"column":20},"end":{"line":174,"column":40}},"25":{"start":{"line":176,"column":19},"end":{"line":179,"column":null}},"26":{"start":{"line":182,"column":4},"end":{"line":192,"column":6}},"27":{"start":{"line":16,"column":13},"end":{"line":16,"column":26}},"28":{"start":{"line":26,"column":2},"end":{"line":32,"column":null}},"29":{"start":{"line":41,"column":8},"end":{"line":63,"column":null}},"30":{"start":{"line":72,"column":8},"end":{"line":90,"column":null}},"31":{"start":{"line":100,"column":8},"end":{"line":124,"column":null}},"32":{"start":{"line":134,"column":8},"end":{"line":158,"column":null}},"33":{"start":{"line":168,"column":8},"end":{"line":193,"column":null}},"34":{"start":{"line":16,"column":13},"end":{"line":194,"column":null}}},"fnMap":{"0":{"name":"(anonymous_4)","decl":{"start":{"line":17,"column":2},"end":{"line":17,"column":null}},"loc":{"start":{"line":19,"column":61},"end":{"line":20,"column":6}}},"1":{"name":"(anonymous_5)","decl":{"start":{"line":26,"column":2},"end":{"line":26,"column":8}},"loc":{"start":{"line":26,"column":8},"end":{"line":32,"column":3}}},"2":{"name":"(anonymous_6)","decl":{"start":{"line":41,"column":2},"end":{"line":41,"column":7}},"loc":{"start":{"line":43,"column":35},"end":{"line":63,"column":3}}},"3":{"name":"(anonymous_7)","decl":{"start":{"line":72,"column":2},"end":{"line":72,"column":7}},"loc":{"start":{"line":74,"column":35},"end":{"line":90,"column":3}}},"4":{"name":"(anonymous_8)","decl":{"start":{"line":100,"column":2},"end":{"line":100,"column":7}},"loc":{"start":{"line":103,"column":40},"end":{"line":124,"column":3}}},"5":{"name":"(anonymous_9)","decl":{"start":{"line":134,"column":2},"end":{"line":134,"column":7}},"loc":{"start":{"line":137,"column":40},"end":{"line":158,"column":3}}},"6":{"name":"(anonymous_10)","decl":{"start":{"line":168,"column":2},"end":{"line":168,"column":7}},"loc":{"start":{"line":171,"column":40},"end":{"line":193,"column":3}}}},"branchMap":{"0":{"loc":{"start":{"line":45,"column":17},"end":{"line":45,"column":57}},"type":"cond-expr","locations":[{"start":{"line":45,"column":27},"end":{"line":45,"column":44}},{"start":{"line":45,"column":47},"end":{"line":45,"column":57}}]},"1":{"loc":{"start":{"line":52,"column":4},"end":{"line":55,"column":5}},"type":"if","locations":[{"start":{"line":52,"column":4},"end":{"line":55,"column":5}}]},"2":{"loc":{"start":{"line":76,"column":17},"end":{"line":76,"column":52}},"type":"cond-expr","locations":[{"start":{"line":76,"column":27},"end":{"line":76,"column":48}},{"start":{"line":76,"column":51},"end":{"line":76,"column":52}}]}},"s":{"0":1,"1":1,"2":1,"3":1,"4":0,"5":0,"6":0,"7":0,"8":0,"9":0,"10":0,"11":0,"12":0,"13":0,"14":0,"15":0,"16":0,"17":0,"18":0,"19":0,"20":0,"21":0,"22":0,"23":0,"24":0,"25":0,"26":0,"27":1,"28":1,"29":1,"30":1,"31":1,"32":1,"33":1,"34":1},"f":{"0":0,"1":0,"2":0,"3":0,"4":0,"5":0,"6":0},"b":{"0":[0,0],"1":[0],"2":[0,0]}}
,"C:\\Users\\aahil\\OneDrive\\Documents\\vs\\Intellidine\\backend\\analytics-service\\src\\app.module.ts": {"path":"C:\\Users\\aahil\\OneDrive\\Documents\\vs\\Intellidine\\backend\\analytics-service\\src\\app.module.ts","statementMap":{"0":{"start":{"line":1,"column":0},"end":{"line":1,"column":40}},"1":{"start":{"line":2,"column":0},"end":{"line":2,"column":49}},"2":{"start":{"line":3,"column":0},"end":{"line":3,"column":49}},"3":{"start":{"line":4,"column":0},"end":{"line":4,"column":71}},"4":{"start":{"line":5,"column":0},"end":{"line":5,"column":71}},"5":{"start":{"line":6,"column":0},"end":{"line":6,"column":73}},"6":{"start":{"line":18,"column":7},"end":{"line":18,"column":null}},"7":{"start":{"line":18,"column":13},"end":{"line":18,"column":22}},"8":{"start":{"line":18,"column":13},"end":{"line":18,"column":null}}},"fnMap":{},"branchMap":{},"s":{"0":0,"1":0,"2":0,"3":0,"4":0,"5":0,"6":0,"7":0,"8":0},"f":{},"b":{}}
,"C:\\Users\\aahil\\OneDrive\\Documents\\vs\\Intellidine\\backend\\analytics-service\\src\\main.ts": {"path":"C:\\Users\\aahil\\OneDrive\\Documents\\vs\\Intellidine\\backend\\analytics-service\\src\\main.ts","statementMap":{"0":{"start":{"line":1,"column":0},"end":{"line":1,"column":26}},"1":{"start":{"line":2,"column":0},"end":{"line":2,"column":43}},"2":{"start":{"line":3,"column":0},"end":{"line":3,"column":41}},"3":{"start":{"line":6,"column":14},"end":{"line":6,"column":49}},"4":{"start":{"line":7,"column":15},"end":{"line":7,"column":65}},"5":{"start":{"line":8,"column":2},"end":{"line":8,"column":54}},"6":{"start":{"line":9,"column":2},"end":{"line":9,"column":25}},"7":{"start":{"line":12,"column":0},"end":{"line":12,"column":12}}},"fnMap":{"0":{"name":"bootstrap","decl":{"start":{"line":5,"column":15},"end":{"line":5,"column":24}},"loc":{"start":{"line":5,"column":24},"end":{"line":10,"column":1}}}},"branchMap":{"0":{"loc":{"start":{"line":7,"column":15},"end":{"line":7,"column":65}},"type":"cond-expr","locations":[{"start":{"line":7,"column":34},"end":{"line":7,"column":58}},{"start":{"line":7,"column":61},"end":{"line":7,"column":65}}]}},"s":{"0":0,"1":0,"2":0,"3":0,"4":0,"5":0,"6":0,"7":0},"f":{"0":0},"b":{"0":[0,0]}}
,"C:\\Users\\aahil\\OneDrive\\Documents\\vs\\Intellidine\\backend\\analytics-service\\src\\prisma.service.ts": {"path":"C:\\Users\\aahil\\OneDrive\\Documents\\vs\\Intellidine\\backend\\analytics-service\\src\\prisma.service.ts","statementMap":{"0":{"start":{"line":1,"column":0},"end":{"line":1,"column":83}},"1":{"start":{"line":2,"column":0},"end":{"line":2,"column":46}},"2":{"start":{"line":9,"column":26},"end":{"line":21,"column":null}},"3":{"start":{"line":10,"column":19},"end":{"line":10,"column":59}},"4":{"start":{"line":13,"column":4},"end":{"line":13,"column":26}},"5":{"start":{"line":14,"column":4},"end":{"line":14,"column":52}},"6":{"start":{"line":18,"column":4},"end":{"line":18,"column":29}},"7":{"start":{"line":19,"column":4},"end":{"line":19,"column":57}},"8":{"start":{"line":9,"column":13},"end":{"line":9,"column":26}},"9":{"start":{"line":9,"column":13},"end":{"line":21,"column":null}}},"fnMap":{"0":{"name":"(anonymous_1)","decl":{"start":{"line":9,"column":7},"end":{"line":9,"column":13}},"loc":{"start":{"line":9,"column":7},"end":{"line":21,"column":1}}},"1":{"name":"(anonymous_2)","decl":{"start":{"line":12,"column":2},"end":{"line":12,"column":7}},"loc":{"start":{"line":12,"column":20},"end":{"line":15,"column":3}}},"2":{"name":"(anonymous_3)","decl":{"start":{"line":17,"column":2},"end":{"line":17,"column":7}},"loc":{"start":{"line":17,"column":23},"end":{"line":20,"column":3}}}},"branchMap":{},"s":{"0":1,"1":1,"2":1,"3":0,"4":0,"5":0,"6":0,"7":0,"8":1,"9":1},"f":{"0":0,"1":0,"2":0},"b":{}}
,"C:\\Users\\aahil\\OneDrive\\Documents\\vs\\Intellidine\\backend\\analytics-service\\src\\services\\daily-metrics.service.ts": {"path":"C:\\Users\\aahil\\OneDrive\\Documents\\vs\\Intellidine\\backend\\analytics-service\\src\\services\\daily-metrics.service.ts","statementMap":{"0":{"start":{"line":1,"column":0},"end":{"line":1,"column":52}},"1":{"start":{"line":2,"column":0},"end":{"line":2,"column":50}},"2":{"start":{"line":3,"column":0},"end":{"line":3,"column":62}},"3":{"start":{"line":4,"column":0},"end":{"line":4,"column":57}},"4":{"start":{"line":20,"column":32},"end":{"line":200,"column":null}},"5":{"start":{"line":24,"column":21},"end":{"line":24,"column":29}},"6":{"start":{"line":25,"column":21},"end":{"line":25,"column":42}},"7":{"start":{"line":21,"column":19},"end":{"line":21,"column":65}},"8":{"start":{"line":32,"column":4},"end":{"line":89,"column":5}},"9":{"start":{"line":34,"column":23},"end":{"line":34,"column":37}},"10":{"start":{"line":35,"column":6},"end":{"line":35,"column":36}},"11":{"start":{"line":38,"column":26},"end":{"line":40,"column":null}},"12":{"start":{"line":43,"column":27},"end":{"line":45,"column":null}},"13":{"start":{"line":49,"column":8},"end":{"line":49,"column":56}},"14":{"start":{"line":52,"column":22},"end":{"line":71,"column":8}},"15":{"start":{"line":73,"column":6},"end":{"line":75,"column":8}},"16":{"start":{"line":77,"column":6},"end":{"line":82,"column":8}},"17":{"start":{"line":84,"column":6},"end":{"line":87,"column":8}},"18":{"start":{"line":88,"column":6},"end":{"line":88,"column":18}},"19":{"start":{"line":96,"column":21},"end":{"line":96,"column":35}},"20":{"start":{"line":97,"column":4},"end":{"line":97,"column":34}},"21":{"start":{"line":99,"column":20},"end":{"line":106,"column":6}},"22":{"start":{"line":108,"column":4},"end":{"line":113,"column":13}},"23":{"start":{"line":124,"column":20},"end":{"line":135,"column":6}},"24":{"start":{"line":137,"column":4},"end":{"line":142,"column":8}},"25":{"start":{"line":137,"column":36},"end":{"line":142,"column":6}},"26":{"start":{"line":149,"column":20},"end":{"line":149,"column":30}},"27":{"start":{"line":150,"column":4},"end":{"line":150,"column":33}},"28":{"start":{"line":152,"column":22},"end":{"line":152,"column":39}},"29":{"start":{"line":153,"column":4},"end":{"line":153,"column":56}},"30":{"start":{"line":155,"column":4},"end":{"line":155,"column":62}},"31":{"start":{"line":171,"column":19},"end":{"line":187,"column":6}},"32":{"start":{"line":189,"column":24},"end":{"line":189,"column":53}},"33":{"start":{"line":190,"column":25},"end":{"line":190,"column":67}},"34":{"start":{"line":191,"column":27},"end":{"line":191,"column":40}},"35":{"start":{"line":193,"column":4},"end":{"line":198,"column":6}},"36":{"start":{"line":20,"column":13},"end":{"line":20,"column":32}},"37":{"start":{"line":20,"column":13},"end":{"line":200,"column":null}}},"fnMap":{"0":{"name":"(anonymous_2)","decl":{"start":{"line":23,"column":2},"end":{"line":23,"column":null}},"loc":{"start":{"line":25,"column":61},"end":{"line":26,"column":6}}},"1":{"name":"(anonymous_3)","decl":{"start":{"line":31,"column":2},"end":{"line":31,"column":7}},"loc":{"start":{"line":31,"column":58},"end":{"line":90,"column":3}}},"2":{"name":"(anonymous_4)","decl":{"start":{"line":95,"column":2},"end":{"line":95,"column":7}},"loc":{"start":{"line":95,"column":52},"end":{"line":114,"column":3}}},"3":{"name":"(anonymous_5)","decl":{"start":{"line":119,"column":2},"end":{"line":119,"column":7}},"loc":{"start":{"line":122,"column":17},"end":{"line":143,"column":3}}},"4":{"name":"(anonymous_6)","decl":{"start":{"line":137,"column":23},"end":{"line":137,"column":24}},"loc":{"start":{"line":137,"column":36},"end":{"line":142,"column":6}}},"5":{"name":"(anonymous_7)","decl":{"start":{"line":148,"column":2},"end":{"line":148,"column":7}},"loc":{"start":{"line":148,"column":59},"end":{"line":156,"column":3}}},"6":{"name":"(anonymous_8)","decl":{"start":{"line":161,"column":2},"end":{"line":161,"column":7}},"loc":{"start":{"line":164,"column":17},"end":{"line":199,"column":3}}}},"branchMap":{"0":{"loc":{"start":{"line":49,"column":8},"end":{"line":49,"column":56}},"type":"cond-expr","locations":[{"start":{"line":49,"column":26},"end":{"line":49,"column":52}},{"start":{"line":49,"column":55},"end":{"line":49,"column":56}}]},"1":{"loc":{"start":{"line":85,"column":46},"end":{"line":85,"column":60}},"type":"cond-expr","locations":[{"start":{"line":85,"column":51},"end":{"line":85,"column":53}},{"start":{"line":85,"column":46},"end":{"line":85,"column":60}}]},"2":{"loc":{"start":{"line":85,"column":46},"end":{"line":85,"column":53}},"type":"binary-expr","locations":[{"start":{"line":85,"column":46},"end":{"line":85,"column":53}},{"start":{"line":85,"column":46},"end":{"line":85,"column":53}}]},"3":{"loc":{"start":{"line":86,"column":8},"end":{"line":86,"column":20}},"type":"cond-expr","locations":[{"start":{"line":86,"column":13},"end":{"line":86,"column":15}},{"start":{"line":86,"column":8},"end":{"line":86,"column":20}}]},"4":{"loc":{"start":{"line":86,"column":8},"end":{"line":86,"column":15}},"type":"binary-expr","locations":[{"start":{"line":86,"column":8},"end":{"line":86,"column":15}},{"start":{"line":86,"column":8},"end":{"line":86,"column":15}}]},"5":{"loc":{"start":{"line":108,"column":11},"end":{"line":113,"column":12}},"type":"cond-expr","locations":[{"start":{"line":108,"column":21},"end":{"line":113,"column":6}},{"start":{"line":113,"column":8},"end":{"line":113,"column":12}}]},"6":{"loc":{"start":{"line":148,"column":43},"end":{"line":148,"column":59}},"type":"default-arg","locations":[{"start":{"line":148,"column":58},"end":{"line":148,"column":59}}]},"7":{"loc":{"start":{"line":189,"column":24},"end":{"line":189,"column":53}},"type":"binary-expr","locations":[{"start":{"line":189,"column":24},"end":{"line":189,"column":48}},{"start":{"line":189,"column":52},"end":{"line":189,"column":53}}]},"8":{"loc":{"start":{"line":190,"column":25},"end":{"line":190,"column":67}},"type":"binary-expr","locations":[{"start":{"line":190,"column":25},"end":{"line":190,"column":62}},{"start":{"line":190,"column":66},"end":{"line":190,"column":67}}]},"9":{"loc":{"start":{"line":190,"column":25},"end":{"line":190,"column":62}},"type":"cond-expr","locations":[{"start":{"line":190,"column":50},"end":{"line":190,"column":52}},{"start":{"line":190,"column":50},"end":{"line":190,"column":62}}]},"10":{"loc":{"start":{"line":190,"column":25},"end":{"line":190,"column":52}},"type":"binary-expr","locations":[{"start":{"line":190,"column":25},"end":{"line":190,"column":52}},{"start":{"line":190,"column":50},"end":{"line":190,"column":52}}]},"11":{"loc":{"start":{"line":196,"column":21},"end":{"line":196,"column":69}},"type":"cond-expr","locations":[{"start":{"line":196,"column":39},"end":{"line":196,"column":65}},{"start":{"line":196,"column":68},"end":{"line":196,"column":69}}]}},"s":{"0":1,"1":1,"2":1,"3":1,"4":1,"5":0,"6":0,"7":0,"8":0,"9":0,"10":0,"11":0,"12":0,"13":0,"14":0,"15":0,"16":0,"17":0,"18":0,"19":0,"20":0,"21":0,"22":0,"23":0,"24":0,"25":0,"26":0,"27":0,"28":0,"29":0,"30":0,"31":0,"32":0,"33":0,"34":0,"35":0,"36":1,"37":1},"f":{"0":0,"1":0,"2":0,"3":0,"4":0,"5":0,"6":0},"b":{"0":[0,0],"1":[0,0],"2":[0,0],"3":[0,0],"4":[0,0],"5":[0,0],"6":[0],"7":[0,0],"8":[0,0],"9":[0,0],"10":[0,0],"11":[0,0]}}
,"C:\\Users\\aahil\\OneDrive\\Documents\\vs\\Intellidine\\backend\\analytics-service\\src\\services\\kafka-consumer.service.ts": {"path":"C:\\Users\\aahil\\OneDrive\\Documents\\vs\\Intellidine\\backend\\analytics-service\\src\\services\\kafka-consumer.service.ts","statementMap":{"0":{"start":{"line":1,"column":0},"end":{"line":1,"column":83}},"1":{"start":{"line":2,"column":0},"end":{"line":2,"column":62}},"2":{"start":{"line":3,"column":0},"end":{"line":3,"column":83}},"3":{"start":{"line":4,"column":0},"end":{"line":4,"column":62}},"4":{"start":{"line":14,"column":33},"end":{"line":122,"column":null}},"5":{"start":{"line":20,"column":21},"end":{"line":20,"column":42}},"6":{"start":{"line":21,"column":21},"end":{"line":21,"column":42}},"7":{"start":{"line":15,"column":19},"end":{"line":15,"column":66}},"8":{"start":{"line":23,"column":4},"end":{"line":26,"column":7}},"9":{"start":{"line":28,"column":4},"end":{"line":28,"column":80}},"10":{"start":{"line":32,"column":4},"end":{"line":51,"column":5}},"11":{"start":{"line":33,"column":6},"end":{"line":33,"column":36}},"12":{"start":{"line":34,"column":6},"end":{"line":34,"column":50}},"13":{"start":{"line":37,"column":6},"end":{"line":40,"column":9}},"14":{"start":{"line":43,"column":6},"end":{"line":45,"column":9}},"15":{"start":{"line":47,"column":6},"end":{"line":47,"column":74}},"16":{"start":{"line":49,"column":6},"end":{"line":49,"column":82}},"17":{"start":{"line":50,"column":6},"end":{"line":50,"column":18}},"18":{"start":{"line":55,"column":4},"end":{"line":55,"column":37}},"19":{"start":{"line":56,"column":4},"end":{"line":56,"column":51}},"20":{"start":{"line":63,"column":4},"end":{"line":83,"column":5}},"21":{"start":{"line":64,"column":44},"end":{"line":64,"column":51}},"22":{"start":{"line":66,"column":6},"end":{"line":68,"column":8}},"23":{"start":{"line":70,"column":24},"end":{"line":70,"column":47}},"24":{"start":{"line":71,"column":24},"end":{"line":71,"column":69}},"25":{"start":{"line":74,"column":6},"end":{"line":76,"column":7}},"26":{"start":{"line":75,"column":8},"end":{"line":75,"column":51}},"27":{"start":{"line":78,"column":6},"end":{"line":81,"column":8}},"28":{"start":{"line":90,"column":4},"end":{"line":120,"column":5}},"29":{"start":{"line":91,"column":41},"end":{"line":100,"column":8}},"30":{"start":{"line":103,"column":6},"end":{"line":103,"column":56}},"31":{"start":{"line":106,"column":6},"end":{"line":109,"column":8}},"32":{"start":{"line":111,"column":6},"end":{"line":113,"column":8}},"33":{"start":{"line":115,"column":6},"end":{"line":118,"column":8}},"34":{"start":{"line":119,"column":6},"end":{"line":119,"column":18}},"35":{"start":{"line":14,"column":13},"end":{"line":14,"column":33}},"36":{"start":{"line":14,"column":13},"end":{"line":122,"column":null}}},"fnMap":{"0":{"name":"(anonymous_2)","decl":{"start":{"line":19,"column":2},"end":{"line":19,"column":null}},"loc":{"start":{"line":21,"column":61},"end":{"line":29,"column":3}}},"1":{"name":"(anonymous_3)","decl":{"start":{"line":31,"column":2},"end":{"line":31,"column":7}},"loc":{"start":{"line":31,"column":20},"end":{"line":52,"column":3}}},"2":{"name":"(anonymous_4)","decl":{"start":{"line":54,"column":2},"end":{"line":54,"column":7}},"loc":{"start":{"line":54,"column":23},"end":{"line":57,"column":3}}},"3":{"name":"(anonymous_5)","decl":{"start":{"line":62,"column":10},"end":{"line":62,"column":15}},"loc":{"start":{"line":62,"column":57},"end":{"line":84,"column":3}}},"4":{"name":"(anonymous_6)","decl":{"start":{"line":89,"column":10},"end":{"line":89,"column":15}},"loc":{"start":{"line":89,"column":51},"end":{"line":121,"column":3}}}},"branchMap":{"0":{"loc":{"start":{"line":25,"column":16},"end":{"line":25,"column":56}},"type":"binary-expr","locations":[{"start":{"line":25,"column":16},"end":{"line":25,"column":40}},{"start":{"line":25,"column":44},"end":{"line":25,"column":56}}]},"1":{"loc":{"start":{"line":49,"column":64},"end":{"line":49,"column":78}},"type":"cond-expr","locations":[{"start":{"line":49,"column":69},"end":{"line":49,"column":71}},{"start":{"line":49,"column":64},"end":{"line":49,"column":78}}]},"2":{"loc":{"start":{"line":49,"column":64},"end":{"line":49,"column":71}},"type":"binary-expr","locations":[{"start":{"line":49,"column":64},"end":{"line":49,"column":71}},{"start":{"line":49,"column":64},"end":{"line":49,"column":71}}]},"3":{"loc":{"start":{"line":70,"column":24},"end":{"line":70,"column":47}},"type":"cond-expr","locations":[{"start":{"line":70,"column":35},"end":{"line":70,"column":37}},{"start":{"line":70,"column":35},"end":{"line":70,"column":47}}]},"4":{"loc":{"start":{"line":70,"column":24},"end":{"line":70,"column":37}},"type":"binary-expr","locations":[{"start":{"line":70,"column":24},"end":{"line":70,"column":37}},{"start":{"line":70,"column":35},"end":{"line":70,"column":37}}]},"5":{"loc":{"start":{"line":71,"column":35},"end":{"line":71,"column":68}},"type":"binary-expr","locations":[{"start":{"line":71,"column":35},"end":{"line":71,"column":60}},{"start":{"line":71,"column":64},"end":{"line":71,"column":68}}]},"6":{"loc":{"start":{"line":71,"column":35},"end":{"line":71,"column":60}},"type":"cond-expr","locations":[{"start":{"line":71,"column":48},"end":{"line":71,"column":50}},{"start":{"line":71,"column":48},"end":{"line":71,"column":60}}]},"7":{"loc":{"start":{"line":71,"column":35},"end":{"line":71,"column":50}},"type":"binary-expr","locations":[{"start":{"line":71,"column":35},"end":{"line":71,"column":50}},{"start":{"line":71,"column":48},"end":{"line":71,"column":50}}]},"8":{"loc":{"start":{"line":74,"column":6},"end":{"line":76,"column":7}},"type":"if","locations":[{"start":{"line":74,"column":6},"end":{"line":76,"column":7}}]},"9":{"loc":{"start":{"line":79,"column":43},"end":{"line":79,"column":57}},"type":"cond-expr","locations":[{"start":{"line":79,"column":48},"end":{"line":79,"column":50}},{"start":{"line":79,"column":43},"end":{"line":79,"column":57}}]},"10":{"loc":{"start":{"line":79,"column":43},"end":{"line":79,"column":50}},"type":"binary-expr","locations":[{"start":{"line":79,"column":43},"end":{"line":79,"column":50}},{"start":{"line":79,"column":43},"end":{"line":79,"column":50}}]},"11":{"loc":{"start":{"line":80,"column":8},"end":{"line":80,"column":20}},"type":"cond-expr","locations":[{"start":{"line":80,"column":13},"end":{"line":80,"column":15}},{"start":{"line":80,"column":8},"end":{"line":80,"column":20}}]},"12":{"loc":{"start":{"line":80,"column":8},"end":{"line":80,"column":15}},"type":"binary-expr","locations":[{"start":{"line":80,"column":8},"end":{"line":80,"column":15}},{"start":{"line":80,"column":8},"end":{"line":80,"column":15}}]},"13":{"loc":{"start":{"line":92,"column":17},"end":{"line":92,"column":56}},"type":"binary-expr","locations":[{"start":{"line":92,"column":17},"end":{"line":92,"column":34}},{"start":{"line":92,"column":38},"end":{"line":92,"column":56}}]},"14":{"loc":{"start":{"line":93,"column":18},"end":{"line":93,"column":59}},"type":"binary-expr","locations":[{"start":{"line":93,"column":18},"end":{"line":93,"column":36}},{"start":{"line":93,"column":40},"end":{"line":93,"column":59}}]},"15":{"loc":{"start":{"line":94,"column":20},"end":{"line":94,"column":65}},"type":"binary-expr","locations":[{"start":{"line":94,"column":20},"end":{"line":94,"column":40}},{"start":{"line":94,"column":44},"end":{"line":94,"column":65}}]},"16":{"loc":{"start":{"line":95,"column":15},"end":{"line":95,"column":36}},"type":"binary-expr","locations":[{"start":{"line":95,"column":15},"end":{"line":95,"column":30}},{"start":{"line":95,"column":34},"end":{"line":95,"column":36}}]},"17":{"loc":{"start":{"line":96,"column":29},"end":{"line":96,"column":52}},"type":"binary-expr","locations":[{"start":{"line":96,"column":29},"end":{"line":96,"column":47}},{"start":{"line":96,"column":51},"end":{"line":96,"column":52}}]},"18":{"loc":{"start":{"line":97,"column":24},"end":{"line":97,"column":42}},"type":"binary-expr","locations":[{"start":{"line":97,"column":24},"end":{"line":97,"column":37}},{"start":{"line":97,"column":41},"end":{"line":97,"column":42}}]},"19":{"loc":{"start":{"line":98,"column":26},"end":{"line":98,"column":46}},"type":"binary-expr","locations":[{"start":{"line":98,"column":26},"end":{"line":98,"column":41}},{"start":{"line":98,"column":45},"end":{"line":98,"column":46}}]},"20":{"loc":{"start":{"line":99,"column":28},"end":{"line":99,"column":61}},"type":"binary-expr","locations":[{"start":{"line":99,"column":28},"end":{"line":99,"column":47}},{"start":{"line":99,"column":51},"end":{"line":99,"column":61}}]},"21":{"loc":{"start":{"line":116,"column":51},"end":{"line":116,"column":65}},"type":"cond-expr","locations":[{"start":{"line":116,"column":56},"end":{"line":116,"column":58}},{"start":{"line":116,"column":51},"end":{"line":116,"column":65}}]},"22":{"loc":{"start":{"line":116,"column":51},"end":{"line":116,"column":58}},"type":"binary-expr","locations":[{"start":{"line":116,"column":51},"end":{"line":116,"column":58}},{"start":{"line":116,"column":51},"end":{"line":116,"column":58}}]},"23":{"loc":{"start":{"line":117,"column":8},"end":{"line":117,"column":20}},"type":"cond-expr","locations":[{"start":{"line":117,"column":13},"end":{"line":117,"column":15}},{"start":{"line":117,"column":8},"end":{"line":117,"column":20}}]},"24":{"loc":{"start":{"line":117,"column":8},"end":{"line":117,"column":15}},"type":"binary-expr","locations":[{"start":{"line":117,"column":8},"end":{"line":117,"column":15}},{"start":{"line":117,"column":8},"end":{"line":117,"column":15}}]}},"s":{"0":0,"1":0,"2":0,"3":0,"4":0,"5":0,"6":0,"7":0,"8":0,"9":0,"10":0,"11":0,"12":0,"13":0,"14":0,"15":0,"16":0,"17":0,"18":0,"19":0,"20":0,"21":0,"22":0,"23":0,"24":0,"25":0,"26":0,"27":0,"28":0,"29":0,"30":0,"31":0,"32":0,"33":0,"34":0,"35":0,"36":0},"f":{"0":0,"1":0,"2":0,"3":0,"4":0},"b":{"0":[0,0],"1":[0,0],"2":[0,0],"3":[0,0],"4":[0,0],"5":[0,0],"6":[0,0],"7":[0,0],"8":[0],"9":[0,0],"10":[0,0],"11":[0,0],"12":[0,0],"13":[0,0],"14":[0,0],"15":[0,0],"16":[0,0],"17":[0,0],"18":[0,0],"19":[0,0],"20":[0,0],"21":[0,0],"22":[0,0],"23":[0,0],"24":[0,0]}}
,"C:\\Users\\aahil\\OneDrive\\Documents\\vs\\Intellidine\\backend\\analytics-service\\src\\services\\order-history.service.ts": {"path":"C:\\Users\\aahil\\OneDrive\\Documents\\vs\\Intellidine\\backend\\analytics-service\\src\\services\\order-history.service.ts","statementMap":{"0":{"start":{"line":1,"column":0},"end":{"line":1,"column":52}},"1":{"start":{"line":2,"column":0},"end":{"line":2,"column":50}},"2":{"start":{"line":27,"column":32},"end":{"line":158,"column":null}},"3":{"start":{"line":30,"column":31},"end":{"line":30,"column":39}},"4":{"start":{"line":28,"column":19},"end":{"line":28,"column":65}},"5":{"start":{"line":37,"column":4},"end":{"line":59,"column":5}},"6":{"start":{"line":38,"column":6},"end":{"line":48,"column":9}},"7":{"start":{"line":50,"column":6},"end":{"line":52,"column":8}},"8":{"start":{"line":54,"column":6},"end":{"line":57,"column":8}},"9":{"start":{"line":58,"column":6},"end":{"line":58,"column":18}},"10":{"start":{"line":70,"column":4},"end":{"line":81,"column":7}},"11":{"start":{"line":88,"column":23},"end":{"line":88,"column":37}},"12":{"start":{"line":89,"column":4},"end":{"line":89,"column":36}},"13":{"start":{"line":91,"column":21},"end":{"line":91,"column":35}},"14":{"start":{"line":92,"column":4},"end":{"line":92,"column":39}},"15":{"start":{"line":94,"column":18},"end":{"line":102,"column":6}},"16":{"start":{"line":104,"column":4},"end":{"line":104,"column":17}},"17":{"start":{"line":111,"column":23},"end":{"line":111,"column":37}},"18":{"start":{"line":112,"column":4},"end":{"line":112,"column":36}},"19":{"start":{"line":114,"column":21},"end":{"line":114,"column":35}},"20":{"start":{"line":115,"column":4},"end":{"line":115,"column":39}},"21":{"start":{"line":117,"column":19},"end":{"line":128,"column":6}},"22":{"start":{"line":130,"column":4},"end":{"line":130,"column":46}},"23":{"start":{"line":137,"column":23},"end":{"line":137,"column":37}},"24":{"start":{"line":138,"column":4},"end":{"line":138,"column":36}},"25":{"start":{"line":140,"column":21},"end":{"line":140,"column":35}},"26":{"start":{"line":141,"column":4},"end":{"line":141,"column":39}},"27":{"start":{"line":143,"column":19},"end":{"line":154,"column":6}},"28":{"start":{"line":156,"column":4},"end":{"line":156,"column":46}},"29":{"start":{"line":27,"column":13},"end":{"line":27,"column":32}},"30":{"start":{"line":27,"column":13},"end":{"line":158,"column":null}}},"fnMap":{"0":{"name":"(anonymous_2)","decl":{"start":{"line":30,"column":2},"end":{"line":30,"column":31}},"loc":{"start":{"line":30,"column":52},"end":{"line":30,"column":56}}},"1":{"name":"(anonymous_3)","decl":{"start":{"line":36,"column":2},"end":{"line":36,"column":7}},"loc":{"start":{"line":36,"column":46},"end":{"line":60,"column":3}}},"2":{"name":"(anonymous_4)","decl":{"start":{"line":65,"column":2},"end":{"line":65,"column":7}},"loc":{"start":{"line":68,"column":17},"end":{"line":82,"column":3}}},"3":{"name":"(anonymous_5)","decl":{"start":{"line":87,"column":2},"end":{"line":87,"column":7}},"loc":{"start":{"line":87,"column":56},"end":{"line":105,"column":3}}},"4":{"name":"(anonymous_6)","decl":{"start":{"line":110,"column":2},"end":{"line":110,"column":7}},"loc":{"start":{"line":110,"column":53},"end":{"line":131,"column":3}}},"5":{"name":"(anonymous_7)","decl":{"start":{"line":136,"column":2},"end":{"line":136,"column":7}},"loc":{"start":{"line":136,"column":63},"end":{"line":157,"column":3}}}},"branchMap":{"0":{"loc":{"start":{"line":55,"column":43},"end":{"line":55,"column":57}},"type":"cond-expr","locations":[{"start":{"line":55,"column":48},"end":{"line":55,"column":50}},{"start":{"line":55,"column":43},"end":{"line":55,"column":57}}]},"1":{"loc":{"start":{"line":55,"column":43},"end":{"line":55,"column":50}},"type":"binary-expr","locations":[{"start":{"line":55,"column":43},"end":{"line":55,"column":50}},{"start":{"line":55,"column":43},"end":{"line":55,"column":50}}]},"2":{"loc":{"start":{"line":56,"column":8},"end":{"line":56,"column":20}},"type":"cond-expr","locations":[{"start":{"line":56,"column":13},"end":{"line":56,"column":15}},{"start":{"line":56,"column":8},"end":{"line":56,"column":20}}]},"3":{"loc":{"start":{"line":56,"column":8},"end":{"line":56,"column":15}},"type":"binary-expr","locations":[{"start":{"line":56,"column":8},"end":{"line":56,"column":15}},{"start":{"line":56,"column":8},"end":{"line":56,"column":15}}]},"4":{"loc":{"start":{"line":130,"column":11},"end":{"line":130,"column":45}},"type":"binary-expr","locations":[{"start":{"line":130,"column":11},"end":{"line":130,"column":40}},{"start":{"line":130,"column":44},"end":{"line":130,"column":45}}]},"5":{"loc":{"start":{"line":130,"column":11},"end":{"line":130,"column":40}},"type":"cond-expr","locations":[{"start":{"line":130,"column":28},"end":{"line":130,"column":30}},{"start":{"line":130,"column":28},"end":{"line":130,"column":40}}]},"6":{"loc":{"start":{"line":130,"column":11},"end":{"line":130,"column":30}},"type":"binary-expr","locations":[{"start":{"line":130,"column":11},"end":{"line":130,"column":30}},{"start":{"line":130,"column":28},"end":{"line":130,"column":30}}]},"7":{"loc":{"start":{"line":156,"column":11},"end":{"line":156,"column":45}},"type":"binary-expr","locations":[{"start":{"line":156,"column":11},"end":{"line":156,"column":40}},{"start":{"line":156,"column":44},"end":{"line":156,"column":45}}]},"8":{"loc":{"start":{"line":156,"column":11},"end":{"line":156,"column":40}},"type":"cond-expr","locations":[{"start":{"line":156,"column":28},"end":{"line":156,"column":30}},{"start":{"line":156,"column":28},"end":{"line":156,"column":40}}]},"9":{"loc":{"start":{"line":156,"column":11},"end":{"line":156,"column":30}},"type":"binary-expr","locations":[{"start":{"line":156,"column":11},"end":{"line":156,"column":30}},{"start":{"line":156,"column":28},"end":{"line":156,"column":30}}]}},"s":{"0":1,"1":1,"2":1,"3":0,"4":0,"5":0,"6":0,"7":0,"8":0,"9":0,"10":0,"11":0,"12":0,"13":0,"14":0,"15":0,"16":0,"17":0,"18":0,"19":0,"20":0,"21":0,"22":0,"23":0,"24":0,"25":0,"26":0,"27":0,"28":0,"29":1,"30":1},"f":{"0":0,"1":0,"2":0,"3":0,"4":0,"5":0},"b":{"0":[0,0],"1":[0,0],"2":[0,0],"3":[0,0],"4":[0,0],"5":[0,0],"6":[0,0],"7":[0,0],"8":[0,0],"9":[0,0]}}
}
