TN:
SF:src\app.controller.ts
FN:17,(anonymous_4)
FN:26,(anonymous_5)
FN:41,(anonymous_6)
FN:72,(anonymous_7)
FN:100,(anonymous_8)
FN:134,(anonymous_9)
FN:168,(anonymous_10)
FNF:7
FNH:0
FNDA:0,(anonymous_4)
FNDA:0,(anonymous_5)
FNDA:0,(anonymous_6)
FNDA:0,(anonymous_7)
FNDA:0,(anonymous_8)
FNDA:0,(anonymous_9)
FNDA:0,(anonymous_10)
DA:1,1
DA:2,1
DA:3,1
DA:16,1
DA:18,0
DA:19,0
DA:26,1
DA:27,0
DA:41,1
DA:45,0
DA:47,0
DA:52,0
DA:54,0
DA:57,0
DA:72,1
DA:76,0
DA:78,0
DA:83,0
DA:100,1
DA:105,0
DA:106,0
DA:108,0
DA:114,0
DA:134,1
DA:139,0
DA:140,0
DA:142,0
DA:148,0
DA:168,1
DA:173,0
DA:174,0
DA:176,0
DA:182,0
LF:33
LH:10
BRDA:45,0,0,0
BRDA:45,0,1,0
BRDA:52,1,0,0
BRDA:76,2,0,0
BRDA:76,2,1,0
BRF:5
BRH:0
end_of_record
TN:
SF:src\app.module.ts
FNF:0
FNH:0
DA:1,0
DA:2,0
DA:3,0
DA:4,0
DA:5,0
DA:6,0
DA:18,0
LF:7
LH:0
BRF:0
BRH:0
end_of_record
TN:
SF:src\main.ts
FN:5,bootstrap
FNF:1
FNH:0
FNDA:0,bootstrap
DA:1,0
DA:2,0
DA:3,0
DA:6,0
DA:7,0
DA:8,0
DA:9,0
DA:12,0
LF:8
LH:0
BRDA:7,0,0,0
BRDA:7,0,1,0
BRF:2
BRH:0
end_of_record
TN:
SF:src\prisma.service.ts
FN:9,(anonymous_1)
FN:12,(anonymous_2)
FN:17,(anonymous_3)
FNF:3
FNH:0
FNDA:0,(anonymous_1)
FNDA:0,(anonymous_2)
FNDA:0,(anonymous_3)
DA:1,1
DA:2,1
DA:9,1
DA:10,0
DA:13,0
DA:14,0
DA:18,0
DA:19,0
LF:8
LH:3
BRF:0
BRH:0
end_of_record
TN:
SF:src\services\daily-metrics.service.ts
FN:23,(anonymous_2)
FN:31,(anonymous_3)
FN:95,(anonymous_4)
FN:119,(anonymous_5)
FN:137,(anonymous_6)
FN:148,(anonymous_7)
FN:161,(anonymous_8)
FNF:7
FNH:0
FNDA:0,(anonymous_2)
FNDA:0,(anonymous_3)
FNDA:0,(anonymous_4)
FNDA:0,(anonymous_5)
FNDA:0,(anonymous_6)
FNDA:0,(anonymous_7)
FNDA:0,(anonymous_8)
DA:1,1
DA:2,1
DA:3,1
DA:4,1
DA:20,1
DA:21,0
DA:24,0
DA:25,0
DA:32,0
DA:34,0
DA:35,0
DA:38,0
DA:43,0
DA:49,0
DA:52,0
DA:73,0
DA:77,0
DA:84,0
DA:88,0
DA:96,0
DA:97,0
DA:99,0
DA:108,0
DA:124,0
DA:137,0
DA:149,0
DA:150,0
DA:152,0
DA:153,0
DA:155,0
DA:171,0
DA:189,0
DA:190,0
DA:191,0
DA:193,0
LF:35
LH:5
BRDA:49,0,0,0
BRDA:49,0,1,0
BRDA:85,1,0,0
BRDA:85,1,1,0
BRDA:85,2,0,0
BRDA:85,2,1,0
BRDA:86,3,0,0
BRDA:86,3,1,0
BRDA:86,4,0,0
BRDA:86,4,1,0
BRDA:108,5,0,0
BRDA:108,5,1,0
BRDA:148,6,0,0
BRDA:189,7,0,0
BRDA:189,7,1,0
BRDA:190,8,0,0
BRDA:190,8,1,0
BRDA:190,9,0,0
BRDA:190,9,1,0
BRDA:190,10,0,0
BRDA:190,10,1,0
BRDA:196,11,0,0
BRDA:196,11,1,0
BRF:23
BRH:0
end_of_record
TN:
SF:src\services\kafka-consumer.service.ts
FN:19,(anonymous_2)
FN:31,(anonymous_3)
FN:54,(anonymous_4)
FN:62,(anonymous_5)
FN:89,(anonymous_6)
FNF:5
FNH:0
FNDA:0,(anonymous_2)
FNDA:0,(anonymous_3)
FNDA:0,(anonymous_4)
FNDA:0,(anonymous_5)
FNDA:0,(anonymous_6)
DA:1,0
DA:2,0
DA:3,0
DA:4,0
DA:14,0
DA:15,0
DA:20,0
DA:21,0
DA:23,0
DA:28,0
DA:32,0
DA:33,0
DA:34,0
DA:37,0
DA:43,0
DA:47,0
DA:49,0
DA:50,0
DA:55,0
DA:56,0
DA:63,0
DA:64,0
DA:66,0
DA:70,0
DA:71,0
DA:74,0
DA:75,0
DA:78,0
DA:90,0
DA:91,0
DA:103,0
DA:106,0
DA:111,0
DA:115,0
DA:119,0
LF:35
LH:0
BRDA:25,0,0,0
BRDA:25,0,1,0
BRDA:49,1,0,0
BRDA:49,1,1,0
BRDA:49,2,0,0
BRDA:49,2,1,0
BRDA:70,3,0,0
BRDA:70,3,1,0
BRDA:70,4,0,0
BRDA:70,4,1,0
BRDA:71,5,0,0
BRDA:71,5,1,0
BRDA:71,6,0,0
BRDA:71,6,1,0
BRDA:71,7,0,0
BRDA:71,7,1,0
BRDA:74,8,0,0
BRDA:79,9,0,0
BRDA:79,9,1,0
BRDA:79,10,0,0
BRDA:79,10,1,0
BRDA:80,11,0,0
BRDA:80,11,1,0
BRDA:80,12,0,0
BRDA:80,12,1,0
BRDA:92,13,0,0
BRDA:92,13,1,0
BRDA:93,14,0,0
BRDA:93,14,1,0
BRDA:94,15,0,0
BRDA:94,15,1,0
BRDA:95,16,0,0
BRDA:95,16,1,0
BRDA:96,17,0,0
BRDA:96,17,1,0
BRDA:97,18,0,0
BRDA:97,18,1,0
BRDA:98,19,0,0
BRDA:98,19,1,0
BRDA:99,20,0,0
BRDA:99,20,1,0
BRDA:116,21,0,0
BRDA:116,21,1,0
BRDA:116,22,0,0
BRDA:116,22,1,0
BRDA:117,23,0,0
BRDA:117,23,1,0
BRDA:117,24,0,0
BRDA:117,24,1,0
BRF:49
BRH:0
end_of_record
TN:
SF:src\services\order-history.service.ts
FN:30,(anonymous_2)
FN:36,(anonymous_3)
FN:65,(anonymous_4)
FN:87,(anonymous_5)
FN:110,(anonymous_6)
FN:136,(anonymous_7)
FNF:6
FNH:0
FNDA:0,(anonymous_2)
FNDA:0,(anonymous_3)
FNDA:0,(anonymous_4)
FNDA:0,(anonymous_5)
FNDA:0,(anonymous_6)
FNDA:0,(anonymous_7)
DA:1,1
DA:2,1
DA:27,1
DA:28,0
DA:30,0
DA:37,0
DA:38,0
DA:50,0
DA:54,0
DA:58,0
DA:70,0
DA:88,0
DA:89,0
DA:91,0
DA:92,0
DA:94,0
DA:104,0
DA:111,0
DA:112,0
DA:114,0
DA:115,0
DA:117,0
DA:130,0
DA:137,0
DA:138,0
DA:140,0
DA:141,0
DA:143,0
DA:156,0
LF:29
LH:3
BRDA:55,0,0,0
BRDA:55,0,1,0
BRDA:55,1,0,0
BRDA:55,1,1,0
BRDA:56,2,0,0
BRDA:56,2,1,0
BRDA:56,3,0,0
BRDA:56,3,1,0
BRDA:130,4,0,0
BRDA:130,4,1,0
BRDA:130,5,0,0
BRDA:130,5,1,0
BRDA:130,6,0,0
BRDA:130,6,1,0
BRDA:156,7,0,0
BRDA:156,7,1,0
BRDA:156,8,0,0
BRDA:156,8,1,0
BRDA:156,9,0,0
BRDA:156,9,1,0
BRF:20
BRH:0
end_of_record
